{"D:\\01-Programming\\quran-association-manager\\src\\main\\backupManager.js": {"path":"D:\\01-Programming\\quran-association-manager\\src\\main\\backupManager.js","statementMap":{"0":{"start":{"line":1,"column":11},"end":{"line":1,"column":33}},"1":{"start":{"line":2,"column":14},"end":{"line":2,"column":39}},"2":{"start":{"line":3,"column":15},"end":{"line":3,"column":32}},"3":{"start":{"line":4,"column":21},"end":{"line":4,"column":40}},"4":{"start":{"line":5,"column":33},"end":{"line":5,"column":52}},"5":{"start":{"line":6,"column":22},"end":{"line":6,"column":45}},"6":{"start":{"line":8,"column":14},"end":{"line":8,"column":25}},"7":{"start":{"line":17,"column":28},"end":{"line":17,"column":30}},"8":{"start":{"line":19,"column":17},"end":{"line":21,"column":3}},"9":{"start":{"line":23,"column":2},"end":{"line":44,"column":3}},"10":{"start":{"line":24,"column":22},"end":{"line":24,"column":32}},"11":{"start":{"line":25,"column":17},"end":{"line":25,"column":63}},"12":{"start":{"line":26,"column":4},"end":{"line":26,"column":36}},"13":{"start":{"line":26,"column":27},"end":{"line":26,"column":36}},"14":{"start":{"line":28,"column":24},"end":{"line":30,"column":17}},"15":{"start":{"line":29,"column":21},"end":{"line":29,"column":32}},"16":{"start":{"line":32,"column":4},"end":{"line":43,"column":5}},"17":{"start":{"line":33,"column":21},"end":{"line":40,"column":19}},"18":{"start":{"line":35,"column":10},"end":{"line":35,"column":42}},"19":{"start":{"line":35,"column":28},"end":{"line":35,"column":42}},"20":{"start":{"line":36,"column":10},"end":{"line":36,"column":77}},"21":{"start":{"line":36,"column":39},"end":{"line":36,"column":77}},"22":{"start":{"line":37,"column":10},"end":{"line":37,"column":71}},"23":{"start":{"line":37,"column":36},"end":{"line":37,"column":71}},"24":{"start":{"line":38,"column":10},"end":{"line":38,"column":21}},"25":{"start":{"line":42,"column":6},"end":{"line":42,"column":97}},"26":{"start":{"line":45,"column":2},"end":{"line":45,"column":38}},"27":{"start":{"line":55,"column":18},"end":{"line":105,"column":1}},"28":{"start":{"line":56,"column":2},"end":{"line":56,"column":45}},"29":{"start":{"line":58,"column":2},"end":{"line":104,"column":3}},"30":{"start":{"line":60,"column":19},"end":{"line":60,"column":30}},"31":{"start":{"line":61,"column":4},"end":{"line":61,"column":43}},"32":{"start":{"line":64,"column":4},"end":{"line":64,"column":34}},"33":{"start":{"line":65,"column":20},"end":{"line":65,"column":56}},"34":{"start":{"line":66,"column":4},"end":{"line":66,"column":44}},"35":{"start":{"line":69,"column":23},"end":{"line":71,"column":5}},"36":{"start":{"line":72,"column":28},"end":{"line":72,"column":76}},"37":{"start":{"line":75,"column":16},"end":{"line":75,"column":28}},"38":{"start":{"line":76,"column":4},"end":{"line":76,"column":36}},"39":{"start":{"line":77,"column":4},"end":{"line":77,"column":43}},"40":{"start":{"line":79,"column":23},"end":{"line":82,"column":6}},"41":{"start":{"line":85,"column":4},"end":{"line":85,"column":51}},"42":{"start":{"line":87,"column":20},"end":{"line":87,"column":52}},"43":{"start":{"line":88,"column":4},"end":{"line":92,"column":7}},"44":{"start":{"line":93,"column":4},"end":{"line":93,"column":44}},"45":{"start":{"line":94,"column":4},"end":{"line":94,"column":38}},"46":{"start":{"line":96,"column":20},"end":{"line":96,"column":67}},"47":{"start":{"line":97,"column":4},"end":{"line":101,"column":7}},"48":{"start":{"line":102,"column":4},"end":{"line":102,"column":22}},"49":{"start":{"line":103,"column":4},"end":{"line":103,"column":39}},"50":{"start":{"line":107,"column":26},"end":{"line":107,"column":30}},"51":{"start":{"line":114,"column":20},"end":{"line":134,"column":1}},"52":{"start":{"line":115,"column":21},"end":{"line":115,"column":52}},"53":{"start":{"line":116,"column":2},"end":{"line":118,"column":3}},"54":{"start":{"line":117,"column":4},"end":{"line":117,"column":16}},"55":{"start":{"line":120,"column":25},"end":{"line":120,"column":65}},"56":{"start":{"line":121,"column":14},"end":{"line":121,"column":24}},"57":{"start":{"line":122,"column":20},"end":{"line":122,"column":61}},"58":{"start":{"line":124,"column":2},"end":{"line":133,"column":3}},"59":{"start":{"line":126,"column":6},"end":{"line":126,"column":29}},"60":{"start":{"line":128,"column":6},"end":{"line":128,"column":33}},"61":{"start":{"line":130,"column":6},"end":{"line":130,"column":34}},"62":{"start":{"line":132,"column":6},"end":{"line":132,"column":19}},"63":{"start":{"line":140,"column":23},"end":{"line":163,"column":1}},"64":{"start":{"line":141,"column":2},"end":{"line":141,"column":18}},"65":{"start":{"line":143,"column":2},"end":{"line":146,"column":3}},"66":{"start":{"line":144,"column":4},"end":{"line":144,"column":41}},"67":{"start":{"line":145,"column":4},"end":{"line":145,"column":11}},"68":{"start":{"line":148,"column":2},"end":{"line":148,"column":76}},"69":{"start":{"line":151,"column":2},"end":{"line":162,"column":4}},"70":{"start":{"line":156,"column":6},"end":{"line":159,"column":7}},"71":{"start":{"line":157,"column":8},"end":{"line":157,"column":55}},"72":{"start":{"line":158,"column":8},"end":{"line":158,"column":34}},"73":{"start":{"line":168,"column":22},"end":{"line":174,"column":1}},"74":{"start":{"line":169,"column":2},"end":{"line":173,"column":3}},"75":{"start":{"line":170,"column":4},"end":{"line":170,"column":39}},"76":{"start":{"line":171,"column":4},"end":{"line":171,"column":31}},"77":{"start":{"line":172,"column":4},"end":{"line":172,"column":37}},"78":{"start":{"line":176,"column":0},"end":{"line":181,"column":2}}},"fnMap":{"0":{"name":"generateSqlReplaceStatements","decl":{"start":{"line":16,"column":15},"end":{"line":16,"column":43}},"loc":{"start":{"line":16,"column":46},"end":{"line":46,"column":1}},"line":16},"1":{"name":"(anonymous_1)","decl":{"start":{"line":29,"column":11},"end":{"line":29,"column":12}},"loc":{"start":{"line":29,"column":21},"end":{"line":29,"column":32}},"line":29},"2":{"name":"(anonymous_2)","decl":{"start":{"line":34,"column":13},"end":{"line":34,"column":14}},"loc":{"start":{"line":34,"column":22},"end":{"line":39,"column":9}},"line":34},"3":{"name":"(anonymous_3)","decl":{"start":{"line":55,"column":18},"end":{"line":55,"column":19}},"loc":{"start":{"line":55,"column":54},"end":{"line":105,"column":1}},"line":55},"4":{"name":"(anonymous_4)","decl":{"start":{"line":114,"column":20},"end":{"line":114,"column":21}},"loc":{"start":{"line":114,"column":34},"end":{"line":134,"column":1}},"line":114},"5":{"name":"(anonymous_5)","decl":{"start":{"line":140,"column":23},"end":{"line":140,"column":24}},"loc":{"start":{"line":140,"column":37},"end":{"line":163,"column":1}},"line":140},"6":{"name":"(anonymous_6)","decl":{"start":{"line":152,"column":4},"end":{"line":152,"column":5}},"loc":{"start":{"line":152,"column":16},"end":{"line":160,"column":5}},"line":152},"7":{"name":"(anonymous_7)","decl":{"start":{"line":168,"column":22},"end":{"line":168,"column":23}},"loc":{"start":{"line":168,"column":28},"end":{"line":174,"column":1}},"line":168}},"branchMap":{"0":{"loc":{"start":{"line":26,"column":4},"end":{"line":26,"column":36}},"type":"if","locations":[{"start":{"line":26,"column":4},"end":{"line":26,"column":36}},{"start":{},"end":{}}],"line":26},"1":{"loc":{"start":{"line":35,"column":10},"end":{"line":35,"column":42}},"type":"if","locations":[{"start":{"line":35,"column":10},"end":{"line":35,"column":42}},{"start":{},"end":{}}],"line":35},"2":{"loc":{"start":{"line":36,"column":10},"end":{"line":36,"column":77}},"type":"if","locations":[{"start":{"line":36,"column":10},"end":{"line":36,"column":77}},{"start":{},"end":{}}],"line":36},"3":{"loc":{"start":{"line":37,"column":10},"end":{"line":37,"column":71}},"type":"if","locations":[{"start":{"line":37,"column":10},"end":{"line":37,"column":71}},{"start":{},"end":{}}],"line":37},"4":{"loc":{"start":{"line":116,"column":2},"end":{"line":118,"column":3}},"type":"if","locations":[{"start":{"line":116,"column":2},"end":{"line":118,"column":3}},{"start":{},"end":{}}],"line":116},"5":{"loc":{"start":{"line":124,"column":2},"end":{"line":133,"column":3}},"type":"switch","locations":[{"start":{"line":125,"column":4},"end":{"line":126,"column":29}},{"start":{"line":127,"column":4},"end":{"line":128,"column":33}},{"start":{"line":129,"column":4},"end":{"line":130,"column":34}},{"start":{"line":131,"column":4},"end":{"line":132,"column":19}}],"line":124},"6":{"loc":{"start":{"line":143,"column":2},"end":{"line":146,"column":3}},"type":"if","locations":[{"start":{"line":143,"column":2},"end":{"line":146,"column":3}},{"start":{},"end":{}}],"line":143},"7":{"loc":{"start":{"line":156,"column":6},"end":{"line":159,"column":7}},"type":"if","locations":[{"start":{"line":156,"column":6},"end":{"line":159,"column":7}},{"start":{},"end":{}}],"line":156},"8":{"loc":{"start":{"line":156,"column":10},"end":{"line":156,"column":58}},"type":"binary-expr","locations":[{"start":{"line":156,"column":10},"end":{"line":156,"column":33}},{"start":{"line":156,"column":37},"end":{"line":156,"column":58}}],"line":156},"9":{"loc":{"start":{"line":169,"column":2},"end":{"line":173,"column":3}},"type":"if","locations":[{"start":{"line":169,"column":2},"end":{"line":173,"column":3}},{"start":{},"end":{}}],"line":169}},"s":{"0":7,"1":7,"2":7,"3":7,"4":7,"5":7,"6":7,"7":3,"8":3,"9":2,"10":1,"11":1,"12":1,"13":0,"14":1,"15":2,"16":1,"17":1,"18":2,"19":0,"20":2,"21":1,"22":1,"23":0,"24":1,"25":1,"26":2,"27":7,"28":3,"29":3,"30":3,"31":3,"32":3,"33":3,"34":2,"35":2,"36":2,"37":2,"38":2,"39":2,"40":2,"41":2,"42":2,"43":2,"44":2,"45":2,"46":1,"47":1,"48":1,"49":1,"50":7,"51":7,"52":4,"53":4,"54":1,"55":3,"56":3,"57":3,"58":3,"59":2,"60":1,"61":0,"62":0,"63":7,"64":0,"65":0,"66":0,"67":0,"68":0,"69":0,"70":0,"71":0,"72":0,"73":7,"74":0,"75":0,"76":0,"77":0,"78":7},"f":{"0":3,"1":2,"2":2,"3":3,"4":4,"5":0,"6":0,"7":0},"b":{"0":[0,1],"1":[0,2],"2":[1,1],"3":[0,1],"4":[1,3],"5":[2,1,0,0],"6":[0,0],"7":[0,0],"8":[0,0],"9":[0,0]},"_coverageSchema":"1a1c01bbd47fc00a2c39e90264f33305004495a9","hash":"aa7fe57e47e6c8cd3a66ad133502e001b10f6c8f"}
,"D:\\01-Programming\\quran-association-manager\\src\\main\\exportManager.js": {"path":"D:\\01-Programming\\quran-association-manager\\src\\main\\exportManager.js","statementMap":{"0":{"start":{"line":1,"column":11},"end":{"line":1,"column":24}},"1":{"start":{"line":2,"column":13},"end":{"line":2,"column":28}},"2":{"start":{"line":3,"column":11},"end":{"line":3,"column":24}},"3":{"start":{"line":4,"column":31},"end":{"line":4,"column":50}},"4":{"start":{"line":5,"column":16},"end":{"line":5,"column":34}},"5":{"start":{"line":6,"column":13},"end":{"line":6,"column":28}},"6":{"start":{"line":7,"column":21},"end":{"line":7,"column":40}},"7":{"start":{"line":8,"column":23},"end":{"line":8,"column":51}},"8":{"start":{"line":16,"column":4},"end":{"line":16,"column":34}},"9":{"start":{"line":26,"column":6},"end":{"line":32,"column":4}},"10":{"start":{"line":34,"column":2},"end":{"line":40,"column":4}},"11":{"start":{"line":47,"column":22},"end":{"line":47,"column":78}},"12":{"start":{"line":49,"column":61},"end":{"line":55,"column":4}},"13":{"start":{"line":57,"column":20},"end":{"line":57,"column":51}},"14":{"start":{"line":58,"column":2},"end":{"line":58,"column":73}},"15":{"start":{"line":62,"column":2},"end":{"line":64,"column":3}},"16":{"start":{"line":63,"column":4},"end":{"line":63,"column":54}},"17":{"start":{"line":65,"column":25},"end":{"line":65,"column":42}},"18":{"start":{"line":66,"column":14},"end":{"line":66,"column":16}},"19":{"start":{"line":67,"column":15},"end":{"line":67,"column":17}},"20":{"start":{"line":68,"column":21},"end":{"line":68,"column":28}},"21":{"start":{"line":70,"column":2},"end":{"line":165,"column":3}},"22":{"start":{"line":72,"column":6},"end":{"line":72,"column":55}},"23":{"start":{"line":73,"column":23},"end":{"line":73,"column":54}},"24":{"start":{"line":75,"column":6},"end":{"line":111,"column":7}},"25":{"start":{"line":77,"column":8},"end":{"line":77,"column":128}},"26":{"start":{"line":78,"column":8},"end":{"line":78,"column":37}},"27":{"start":{"line":80,"column":8},"end":{"line":95,"column":9}},"28":{"start":{"line":81,"column":10},"end":{"line":94,"column":11}},"29":{"start":{"line":82,"column":12},"end":{"line":82,"column":41}},"30":{"start":{"line":83,"column":12},"end":{"line":83,"column":32}},"31":{"start":{"line":84,"column":12},"end":{"line":84,"column":89}},"32":{"start":{"line":85,"column":12},"end":{"line":85,"column":34}},"33":{"start":{"line":86,"column":17},"end":{"line":94,"column":11}},"34":{"start":{"line":87,"column":12},"end":{"line":87,"column":41}},"35":{"start":{"line":88,"column":12},"end":{"line":88,"column":34}},"36":{"start":{"line":89,"column":12},"end":{"line":89,"column":89}},"37":{"start":{"line":90,"column":12},"end":{"line":90,"column":34}},"38":{"start":{"line":91,"column":17},"end":{"line":94,"column":11}},"39":{"start":{"line":92,"column":12},"end":{"line":92,"column":88}},"40":{"start":{"line":93,"column":12},"end":{"line":93,"column":34}},"41":{"start":{"line":96,"column":13},"end":{"line":111,"column":7}},"42":{"start":{"line":97,"column":8},"end":{"line":110,"column":9}},"43":{"start":{"line":98,"column":10},"end":{"line":98,"column":42}},"44":{"start":{"line":99,"column":10},"end":{"line":99,"column":30}},"45":{"start":{"line":100,"column":10},"end":{"line":100,"column":90}},"46":{"start":{"line":101,"column":10},"end":{"line":101,"column":32}},"47":{"start":{"line":102,"column":15},"end":{"line":110,"column":9}},"48":{"start":{"line":103,"column":10},"end":{"line":103,"column":42}},"49":{"start":{"line":104,"column":10},"end":{"line":104,"column":32}},"50":{"start":{"line":105,"column":10},"end":{"line":105,"column":90}},"51":{"start":{"line":106,"column":10},"end":{"line":106,"column":32}},"52":{"start":{"line":107,"column":15},"end":{"line":110,"column":9}},"53":{"start":{"line":108,"column":10},"end":{"line":108,"column":89}},"54":{"start":{"line":109,"column":10},"end":{"line":109,"column":32}},"55":{"start":{"line":113,"column":6},"end":{"line":114,"column":39}},"56":{"start":{"line":113,"column":28},"end":{"line":113,"column":90}},"57":{"start":{"line":114,"column":11},"end":{"line":114,"column":39}},"58":{"start":{"line":115,"column":6},"end":{"line":115,"column":12}},"59":{"start":{"line":118,"column":6},"end":{"line":118,"column":55}},"60":{"start":{"line":119,"column":6},"end":{"line":127,"column":7}},"61":{"start":{"line":120,"column":8},"end":{"line":126,"column":9}},"62":{"start":{"line":121,"column":10},"end":{"line":121,"column":42}},"63":{"start":{"line":122,"column":10},"end":{"line":122,"column":30}},"64":{"start":{"line":123,"column":15},"end":{"line":126,"column":9}},"65":{"start":{"line":124,"column":10},"end":{"line":124,"column":42}},"66":{"start":{"line":125,"column":10},"end":{"line":125,"column":32}},"67":{"start":{"line":128,"column":6},"end":{"line":128,"column":68}},"68":{"start":{"line":129,"column":6},"end":{"line":129,"column":12}},"69":{"start":{"line":132,"column":6},"end":{"line":132,"column":121}},"70":{"start":{"line":133,"column":6},"end":{"line":133,"column":12}},"71":{"start":{"line":135,"column":33},"end":{"line":140,"column":7}},"72":{"start":{"line":141,"column":29},"end":{"line":144,"column":19}},"73":{"start":{"line":142,"column":20},"end":{"line":142,"column":41}},"74":{"start":{"line":145,"column":6},"end":{"line":147,"column":7}},"75":{"start":{"line":146,"column":8},"end":{"line":146,"column":64}},"76":{"start":{"line":148,"column":6},"end":{"line":151,"column":52}},"77":{"start":{"line":152,"column":27},"end":{"line":152,"column":53}},"78":{"start":{"line":153,"column":21},"end":{"line":153,"column":57}},"79":{"start":{"line":155,"column":6},"end":{"line":158,"column":7}},"80":{"start":{"line":156,"column":8},"end":{"line":156,"column":38}},"81":{"start":{"line":157,"column":8},"end":{"line":157,"column":37}},"82":{"start":{"line":160,"column":6},"end":{"line":160,"column":70}},"83":{"start":{"line":161,"column":6},"end":{"line":161,"column":37}},"84":{"start":{"line":164,"column":6},"end":{"line":164,"column":54}},"85":{"start":{"line":166,"column":2},"end":{"line":166,"column":33}},"86":{"start":{"line":171,"column":20},"end":{"line":178,"column":3}},"87":{"start":{"line":179,"column":20},"end":{"line":183,"column":3}},"88":{"start":{"line":184,"column":27},"end":{"line":189,"column":3}},"89":{"start":{"line":190,"column":26},"end":{"line":195,"column":3}},"90":{"start":{"line":197,"column":2},"end":{"line":206,"column":5}},"91":{"start":{"line":198,"column":16},"end":{"line":198,"column":26}},"92":{"start":{"line":199,"column":4},"end":{"line":199,"column":80}},"93":{"start":{"line":199,"column":45},"end":{"line":199,"column":80}},"94":{"start":{"line":200,"column":4},"end":{"line":200,"column":80}},"95":{"start":{"line":200,"column":45},"end":{"line":200,"column":80}},"96":{"start":{"line":201,"column":4},"end":{"line":202,"column":64}},"97":{"start":{"line":202,"column":6},"end":{"line":202,"column":64}},"98":{"start":{"line":203,"column":4},"end":{"line":204,"column":61}},"99":{"start":{"line":204,"column":6},"end":{"line":204,"column":61}},"100":{"start":{"line":205,"column":4},"end":{"line":205,"column":15}},"101":{"start":{"line":211,"column":24},"end":{"line":211,"column":42}},"102":{"start":{"line":212,"column":21},"end":{"line":215,"column":3}},"103":{"start":{"line":217,"column":18},"end":{"line":217,"column":69}},"104":{"start":{"line":217,"column":37},"end":{"line":217,"column":59}},"105":{"start":{"line":218,"column":15},"end":{"line":223,"column":13}},"106":{"start":{"line":220,"column":20},"end":{"line":220,"column":80}},"107":{"start":{"line":220,"column":39},"end":{"line":220,"column":70}},"108":{"start":{"line":221,"column":6},"end":{"line":221,"column":33}},"109":{"start":{"line":225,"column":25},"end":{"line":263,"column":3}},"110":{"start":{"line":226,"column":4},"end":{"line":226,"column":30}},"111":{"start":{"line":226,"column":20},"end":{"line":226,"column":30}},"112":{"start":{"line":227,"column":23},"end":{"line":227,"column":25}},"113":{"start":{"line":228,"column":4},"end":{"line":245,"column":5}},"114":{"start":{"line":229,"column":6},"end":{"line":242,"column":7}},"115":{"start":{"line":230,"column":8},"end":{"line":230,"column":35}},"116":{"start":{"line":233,"column":8},"end":{"line":238,"column":9}},"117":{"start":{"line":234,"column":31},"end":{"line":234,"column":54}},"118":{"start":{"line":235,"column":10},"end":{"line":235,"column":65}},"119":{"start":{"line":239,"column":8},"end":{"line":239,"column":74}},"120":{"start":{"line":240,"column":8},"end":{"line":240,"column":76}},"121":{"start":{"line":241,"column":8},"end":{"line":241,"column":60}},"122":{"start":{"line":244,"column":6},"end":{"line":244,"column":33}},"123":{"start":{"line":247,"column":4},"end":{"line":261,"column":5}},"124":{"start":{"line":248,"column":6},"end":{"line":248,"column":23}},"125":{"start":{"line":248,"column":14},"end":{"line":248,"column":23}},"126":{"start":{"line":249,"column":6},"end":{"line":260,"column":7}},"127":{"start":{"line":250,"column":8},"end":{"line":257,"column":9}},"128":{"start":{"line":251,"column":25},"end":{"line":251,"column":43}},"129":{"start":{"line":252,"column":10},"end":{"line":252,"column":55}},"130":{"start":{"line":252,"column":46},"end":{"line":252,"column":55}},"131":{"start":{"line":253,"column":22},"end":{"line":253,"column":51}},"132":{"start":{"line":255,"column":12},"end":{"line":255,"column":86}},"133":{"start":{"line":256,"column":10},"end":{"line":256,"column":72}},"134":{"start":{"line":259,"column":8},"end":{"line":259,"column":17}},"135":{"start":{"line":262,"column":4},"end":{"line":262,"column":14}},"136":{"start":{"line":265,"column":19},"end":{"line":270,"column":3}},"137":{"start":{"line":271,"column":21},"end":{"line":271,"column":54}},"138":{"start":{"line":272,"column":22},"end":{"line":272,"column":51}},"139":{"start":{"line":274,"column":24},"end":{"line":278,"column":4}},"140":{"start":{"line":279,"column":20},"end":{"line":283,"column":23}},"141":{"start":{"line":285,"column":23},"end":{"line":294,"column":3}},"142":{"start":{"line":296,"column":2},"end":{"line":301,"column":3}},"143":{"start":{"line":297,"column":4},"end":{"line":300,"column":6}},"144":{"start":{"line":303,"column":23},"end":{"line":303,"column":74}},"145":{"start":{"line":304,"column":2},"end":{"line":304,"column":47}},"146":{"start":{"line":306,"column":14},"end":{"line":309,"column":4}},"147":{"start":{"line":311,"column":2},"end":{"line":327,"column":3}},"148":{"start":{"line":312,"column":4},"end":{"line":312,"column":37}},"149":{"start":{"line":314,"column":22},"end":{"line":314,"column":40}},"150":{"start":{"line":315,"column":20},"end":{"line":319,"column":6}},"151":{"start":{"line":321,"column":4},"end":{"line":321,"column":42}},"152":{"start":{"line":323,"column":4},"end":{"line":323,"column":16}},"153":{"start":{"line":324,"column":4},"end":{"line":326,"column":5}},"154":{"start":{"line":325,"column":6},"end":{"line":325,"column":34}},"155":{"start":{"line":332,"column":24},"end":{"line":332,"column":42}},"156":{"start":{"line":333,"column":19},"end":{"line":333,"column":41}},"157":{"start":{"line":334,"column":20},"end":{"line":334,"column":58}},"158":{"start":{"line":335,"column":2},"end":{"line":335,"column":44}},"159":{"start":{"line":338,"column":2},"end":{"line":338,"column":68}},"160":{"start":{"line":338,"column":44},"end":{"line":338,"column":65}},"161":{"start":{"line":340,"column":2},"end":{"line":340,"column":35}},"162":{"start":{"line":342,"column":2},"end":{"line":342,"column":44}},"163":{"start":{"line":346,"column":19},"end":{"line":351,"column":3}},"164":{"start":{"line":353,"column":26},"end":{"line":353,"column":73}},"165":{"start":{"line":354,"column":22},"end":{"line":354,"column":53}},"166":{"start":{"line":356,"column":2},"end":{"line":356,"column":29}},"167":{"start":{"line":357,"column":2},"end":{"line":357,"column":40}},"168":{"start":{"line":358,"column":2},"end":{"line":358,"column":48}},"169":{"start":{"line":359,"column":20},"end":{"line":359,"column":43}},"170":{"start":{"line":360,"column":2},"end":{"line":360,"column":69}},"171":{"start":{"line":361,"column":2},"end":{"line":361,"column":44}},"172":{"start":{"line":362,"column":2},"end":{"line":362,"column":29}},"173":{"start":{"line":370,"column":2},"end":{"line":370,"column":44}},"174":{"start":{"line":372,"column":2},"end":{"line":372,"column":44}},"175":{"start":{"line":376,"column":19},"end":{"line":376,"column":41}},"176":{"start":{"line":379,"column":23},"end":{"line":379,"column":54}},"177":{"start":{"line":380,"column":2},"end":{"line":380,"column":47}},"178":{"start":{"line":381,"column":2},"end":{"line":381,"column":47}},"179":{"start":{"line":382,"column":2},"end":{"line":382,"column":66}},"180":{"start":{"line":383,"column":2},"end":{"line":383,"column":72}},"181":{"start":{"line":384,"column":2},"end":{"line":384,"column":65}},"182":{"start":{"line":387,"column":24},"end":{"line":387,"column":64}},"183":{"start":{"line":388,"column":2},"end":{"line":388,"column":48}},"184":{"start":{"line":389,"column":2},"end":{"line":395,"column":4}},"185":{"start":{"line":396,"column":2},"end":{"line":396,"column":39}},"186":{"start":{"line":399,"column":24},"end":{"line":399,"column":56}},"187":{"start":{"line":400,"column":2},"end":{"line":400,"column":48}},"188":{"start":{"line":401,"column":2},"end":{"line":406,"column":4}},"189":{"start":{"line":407,"column":2},"end":{"line":407,"column":39}},"190":{"start":{"line":410,"column":25},"end":{"line":410,"column":58}},"191":{"start":{"line":411,"column":2},"end":{"line":411,"column":49}},"192":{"start":{"line":412,"column":2},"end":{"line":418,"column":4}},"193":{"start":{"line":419,"column":2},"end":{"line":424,"column":4}},"194":{"start":{"line":420,"column":31},"end":{"line":423,"column":5}},"195":{"start":{"line":427,"column":24},"end":{"line":427,"column":57}},"196":{"start":{"line":428,"column":2},"end":{"line":428,"column":48}},"197":{"start":{"line":429,"column":2},"end":{"line":435,"column":4}},"198":{"start":{"line":436,"column":2},"end":{"line":436,"column":39}},"199":{"start":{"line":438,"column":2},"end":{"line":438,"column":44}},"200":{"start":{"line":458,"column":6},"end":{"line":458,"column":10}},"201":{"start":{"line":459,"column":24},"end":{"line":459,"column":42}},"202":{"start":{"line":461,"column":19},"end":{"line":466,"column":3}},"203":{"start":{"line":467,"column":21},"end":{"line":467,"column":54}},"204":{"start":{"line":468,"column":22},"end":{"line":468,"column":51}},"205":{"start":{"line":470,"column":24},"end":{"line":474,"column":4}},"206":{"start":{"line":475,"column":20},"end":{"line":479,"column":23}},"207":{"start":{"line":481,"column":22},"end":{"line":497,"column":4}},"208":{"start":{"line":485,"column":8},"end":{"line":494,"column":10}},"209":{"start":{"line":499,"column":19},"end":{"line":524,"column":3}},"210":{"start":{"line":501,"column":6},"end":{"line":523,"column":8}},"211":{"start":{"line":508,"column":14},"end":{"line":521,"column":16}},"212":{"start":{"line":514,"column":24},"end":{"line":514,"column":98}},"213":{"start":{"line":516,"column":22},"end":{"line":516,"column":62}},"214":{"start":{"line":526,"column":20},"end":{"line":536,"column":4}},"215":{"start":{"line":530,"column":47},"end":{"line":530,"column":48}},"216":{"start":{"line":538,"column":18},"end":{"line":580,"column":3}},"217":{"start":{"line":539,"column":4},"end":{"line":539,"column":31}},"218":{"start":{"line":539,"column":19},"end":{"line":539,"column":31}},"219":{"start":{"line":541,"column":23},"end":{"line":541,"column":25}},"220":{"start":{"line":542,"column":4},"end":{"line":561,"column":5}},"221":{"start":{"line":543,"column":6},"end":{"line":558,"column":7}},"222":{"start":{"line":544,"column":8},"end":{"line":544,"column":34}},"223":{"start":{"line":547,"column":8},"end":{"line":552,"column":9}},"224":{"start":{"line":548,"column":31},"end":{"line":548,"column":54}},"225":{"start":{"line":549,"column":10},"end":{"line":549,"column":64}},"226":{"start":{"line":554,"column":8},"end":{"line":554,"column":73}},"227":{"start":{"line":555,"column":8},"end":{"line":555,"column":75}},"228":{"start":{"line":557,"column":8},"end":{"line":557,"column":59}},"229":{"start":{"line":560,"column":6},"end":{"line":560,"column":32}},"230":{"start":{"line":563,"column":4},"end":{"line":578,"column":5}},"231":{"start":{"line":564,"column":6},"end":{"line":564,"column":23}},"232":{"start":{"line":564,"column":14},"end":{"line":564,"column":23}},"233":{"start":{"line":565,"column":6},"end":{"line":577,"column":7}},"234":{"start":{"line":566,"column":8},"end":{"line":573,"column":9}},"235":{"start":{"line":567,"column":22},"end":{"line":567,"column":51}},"236":{"start":{"line":569,"column":10},"end":{"line":569,"column":73}},"237":{"start":{"line":569,"column":64},"end":{"line":569,"column":73}},"238":{"start":{"line":570,"column":25},"end":{"line":570,"column":43}},"239":{"start":{"line":571,"column":10},"end":{"line":571,"column":55}},"240":{"start":{"line":571,"column":46},"end":{"line":571,"column":55}},"241":{"start":{"line":572,"column":10},"end":{"line":572,"column":92}},"242":{"start":{"line":576,"column":8},"end":{"line":576,"column":17}},"243":{"start":{"line":579,"column":4},"end":{"line":579,"column":16}},"244":{"start":{"line":582,"column":23},"end":{"line":582,"column":59}},"245":{"start":{"line":583,"column":21},"end":{"line":583,"column":62}},"246":{"start":{"line":585,"column":22},"end":{"line":640,"column":4}},"247":{"start":{"line":592,"column":33},"end":{"line":592,"column":35}},"248":{"start":{"line":593,"column":16},"end":{"line":593,"column":58}},"249":{"start":{"line":593,"column":32},"end":{"line":593,"column":58}},"250":{"start":{"line":596,"column":16},"end":{"line":596,"column":47}},"251":{"start":{"line":597,"column":16},"end":{"line":597,"column":72}},"252":{"start":{"line":620,"column":33},"end":{"line":620,"column":35}},"253":{"start":{"line":621,"column":16},"end":{"line":621,"column":62}},"254":{"start":{"line":621,"column":34},"end":{"line":621,"column":62}},"255":{"start":{"line":622,"column":16},"end":{"line":622,"column":47}},"256":{"start":{"line":623,"column":16},"end":{"line":623,"column":72}},"257":{"start":{"line":642,"column":14},"end":{"line":670,"column":4}},"258":{"start":{"line":673,"column":2},"end":{"line":683,"column":3}},"259":{"start":{"line":674,"column":19},"end":{"line":674,"column":45}},"260":{"start":{"line":675,"column":4},"end":{"line":677,"column":5}},"261":{"start":{"line":676,"column":6},"end":{"line":676,"column":72}},"262":{"start":{"line":678,"column":4},"end":{"line":678,"column":41}},"263":{"start":{"line":681,"column":4},"end":{"line":681,"column":85}},"264":{"start":{"line":682,"column":4},"end":{"line":682,"column":14}},"265":{"start":{"line":688,"column":19},"end":{"line":688,"column":41}},"266":{"start":{"line":690,"column":4},"end":{"line":690,"column":84}},"267":{"start":{"line":692,"column":17},"end":{"line":996,"column":3}},"268":{"start":{"line":998,"column":2},"end":{"line":1000,"column":3}},"269":{"start":{"line":999,"column":4},"end":{"line":999,"column":18}},"270":{"start":{"line":1002,"column":2},"end":{"line":1031,"column":3}},"271":{"start":{"line":1003,"column":22},"end":{"line":1003,"column":59}},"272":{"start":{"line":1004,"column":4},"end":{"line":1004,"column":46}},"273":{"start":{"line":1007,"column":4},"end":{"line":1007,"column":42}},"274":{"start":{"line":1010,"column":4},"end":{"line":1013,"column":5}},"275":{"start":{"line":1010,"column":38},"end":{"line":1010,"column":59}},"276":{"start":{"line":1011,"column":6},"end":{"line":1012,"column":144}},"277":{"start":{"line":1015,"column":4},"end":{"line":1015,"column":46}},"278":{"start":{"line":1018,"column":4},"end":{"line":1018,"column":49}},"279":{"start":{"line":1021,"column":23},"end":{"line":1021,"column":42}},"280":{"start":{"line":1022,"column":4},"end":{"line":1022,"column":76}},"281":{"start":{"line":1023,"column":4},"end":{"line":1023,"column":99}},"282":{"start":{"line":1024,"column":4},"end":{"line":1024,"column":27}},"283":{"start":{"line":1025,"column":4},"end":{"line":1025,"column":60}},"284":{"start":{"line":1028,"column":4},"end":{"line":1030,"column":5}},"285":{"start":{"line":1029,"column":6},"end":{"line":1029,"column":45}},"286":{"start":{"line":1034,"column":23},"end":{"line":1034,"column":54}},"287":{"start":{"line":1035,"column":26},"end":{"line":1035,"column":57}},"288":{"start":{"line":1036,"column":24},"end":{"line":1036,"column":64}},"289":{"start":{"line":1037,"column":24},"end":{"line":1037,"column":56}},"290":{"start":{"line":1040,"column":32},"end":{"line":1040,"column":55}},"291":{"start":{"line":1041,"column":32},"end":{"line":1041,"column":57}},"292":{"start":{"line":1043,"column":26},"end":{"line":1054,"column":3}},"293":{"start":{"line":1044,"column":4},"end":{"line":1044,"column":27}},"294":{"start":{"line":1044,"column":20},"end":{"line":1044,"column":27}},"295":{"start":{"line":1045,"column":4},"end":{"line":1053,"column":5}},"296":{"start":{"line":1045,"column":17},"end":{"line":1045,"column":18}},"297":{"start":{"line":1046,"column":6},"end":{"line":1052,"column":8}},"298":{"start":{"line":1056,"column":2},"end":{"line":1056,"column":61}},"299":{"start":{"line":1057,"column":2},"end":{"line":1057,"column":61}},"300":{"start":{"line":1058,"column":2},"end":{"line":1058,"column":60}},"301":{"start":{"line":1059,"column":2},"end":{"line":1059,"column":63}},"302":{"start":{"line":1061,"column":2},"end":{"line":1063,"column":3}},"303":{"start":{"line":1062,"column":4},"end":{"line":1062,"column":46}},"304":{"start":{"line":1068,"column":19},"end":{"line":1068,"column":41}},"305":{"start":{"line":1070,"column":4},"end":{"line":1070,"column":89}},"306":{"start":{"line":1073,"column":22},"end":{"line":1106,"column":3}},"307":{"start":{"line":1108,"column":22},"end":{"line":1125,"column":3}},"308":{"start":{"line":1127,"column":19},"end":{"line":1143,"column":3}},"309":{"start":{"line":1145,"column":20},"end":{"line":1167,"column":3}},"310":{"start":{"line":1169,"column":22},"end":{"line":1173,"column":3}},"311":{"start":{"line":1175,"column":21},"end":{"line":1178,"column":3}},"312":{"start":{"line":1180,"column":23},"end":{"line":1193,"column":3}},"313":{"start":{"line":1195,"column":22},"end":{"line":1208,"column":3}},"314":{"start":{"line":1210,"column":25},"end":{"line":1229,"column":3}},"315":{"start":{"line":1231,"column":20},"end":{"line":1234,"column":3}},"316":{"start":{"line":1236,"column":24},"end":{"line":1253,"column":3}},"317":{"start":{"line":1255,"column":23},"end":{"line":1255,"column":62}},"318":{"start":{"line":1256,"column":18},"end":{"line":1260,"column":3}},"319":{"start":{"line":1257,"column":16},"end":{"line":1257,"column":57}},"320":{"start":{"line":1257,"column":41},"end":{"line":1257,"column":56}},"321":{"start":{"line":1258,"column":4},"end":{"line":1258,"column":73}},"322":{"start":{"line":1258,"column":14},"end":{"line":1258,"column":73}},"323":{"start":{"line":1259,"column":4},"end":{"line":1259,"column":23}},"324":{"start":{"line":1262,"column":17},"end":{"line":1274,"column":3}},"325":{"start":{"line":1276,"column":2},"end":{"line":1286,"column":3}},"326":{"start":{"line":1277,"column":22},"end":{"line":1277,"column":59}},"327":{"start":{"line":1278,"column":4},"end":{"line":1278,"column":46}},"328":{"start":{"line":1279,"column":4},"end":{"line":1279,"column":42}},"329":{"start":{"line":1280,"column":4},"end":{"line":1280,"column":46}},"330":{"start":{"line":1281,"column":4},"end":{"line":1281,"column":49}},"331":{"start":{"line":1282,"column":23},"end":{"line":1282,"column":42}},"332":{"start":{"line":1283,"column":4},"end":{"line":1283,"column":76}},"333":{"start":{"line":1284,"column":4},"end":{"line":1284,"column":60}},"334":{"start":{"line":1285,"column":4},"end":{"line":1285,"column":43}},"335":{"start":{"line":1288,"column":2},"end":{"line":1288,"column":44}},"336":{"start":{"line":1291,"column":0},"end":{"line":1301,"column":2}}},"fnMap":{"0":{"name":"getExportHeaderData","decl":{"start":{"line":19,"column":15},"end":{"line":19,"column":34}},"loc":{"start":{"line":19,"column":37},"end":{"line":41,"column":1}},"line":19},"1":{"name":"fetchFinancialData","decl":{"start":{"line":44,"column":15},"end":{"line":44,"column":33}},"loc":{"start":{"line":44,"column":42},"end":{"line":59,"column":1}},"line":44},"2":{"name":"fetchExportData","decl":{"start":{"line":61,"column":15},"end":{"line":61,"column":30}},"loc":{"start":{"line":61,"column":63},"end":{"line":167,"column":1}},"line":61},"3":{"name":"(anonymous_3)","decl":{"start":{"line":142,"column":13},"end":{"line":142,"column":14}},"loc":{"start":{"line":142,"column":20},"end":{"line":142,"column":41}},"line":142},"4":{"name":"localizeData","decl":{"start":{"line":170,"column":9},"end":{"line":170,"column":21}},"loc":{"start":{"line":170,"column":28},"end":{"line":207,"column":1}},"line":170},"5":{"name":"(anonymous_5)","decl":{"start":{"line":197,"column":18},"end":{"line":197,"column":19}},"loc":{"start":{"line":197,"column":27},"end":{"line":206,"column":3}},"line":197},"6":{"name":"generatePdf","decl":{"start":{"line":210,"column":15},"end":{"line":210,"column":26}},"loc":{"start":{"line":210,"column":73},"end":{"line":328,"column":1}},"line":210},"7":{"name":"(anonymous_7)","decl":{"start":{"line":217,"column":30},"end":{"line":217,"column":31}},"loc":{"start":{"line":217,"column":37},"end":{"line":217,"column":59}},"line":217},"8":{"name":"(anonymous_8)","decl":{"start":{"line":219,"column":9},"end":{"line":219,"column":10}},"loc":{"start":{"line":219,"column":19},"end":{"line":222,"column":5}},"line":219},"9":{"name":"(anonymous_9)","decl":{"start":{"line":220,"column":32},"end":{"line":220,"column":33}},"loc":{"start":{"line":220,"column":39},"end":{"line":220,"column":70}},"line":220},"10":{"name":"(anonymous_10)","decl":{"start":{"line":225,"column":25},"end":{"line":225,"column":26}},"loc":{"start":{"line":225,"column":40},"end":{"line":263,"column":3}},"line":225},"11":{"name":"generateXlsx","decl":{"start":{"line":331,"column":15},"end":{"line":331,"column":27}},"loc":{"start":{"line":331,"column":55},"end":{"line":373,"column":1}},"line":331},"12":{"name":"(anonymous_12)","decl":{"start":{"line":338,"column":34},"end":{"line":338,"column":35}},"loc":{"start":{"line":338,"column":44},"end":{"line":338,"column":65}},"line":338},"13":{"name":"generateFinancialXlsx","decl":{"start":{"line":375,"column":15},"end":{"line":375,"column":36}},"loc":{"start":{"line":375,"column":55},"end":{"line":439,"column":1}},"line":375},"14":{"name":"(anonymous_14)","decl":{"start":{"line":420,"column":23},"end":{"line":420,"column":24}},"loc":{"start":{"line":420,"column":31},"end":{"line":423,"column":5}},"line":420},"15":{"name":"generateDocx","decl":{"start":{"line":442,"column":15},"end":{"line":442,"column":27}},"loc":{"start":{"line":442,"column":74},"end":{"line":684,"column":1}},"line":442},"16":{"name":"(anonymous_16)","decl":{"start":{"line":484,"column":6},"end":{"line":484,"column":7}},"loc":{"start":{"line":485,"column":8},"end":{"line":494,"column":10}},"line":485},"17":{"name":"(anonymous_17)","decl":{"start":{"line":500,"column":4},"end":{"line":500,"column":5}},"loc":{"start":{"line":501,"column":6},"end":{"line":523,"column":8}},"line":501},"18":{"name":"(anonymous_18)","decl":{"start":{"line":507,"column":12},"end":{"line":507,"column":13}},"loc":{"start":{"line":508,"column":14},"end":{"line":521,"column":16}},"line":508},"19":{"name":"(anonymous_19)","decl":{"start":{"line":512,"column":31},"end":{"line":512,"column":32}},"loc":{"start":{"line":512,"column":37},"end":{"line":517,"column":21}},"line":512},"20":{"name":"(anonymous_20)","decl":{"start":{"line":530,"column":40},"end":{"line":530,"column":41}},"loc":{"start":{"line":530,"column":47},"end":{"line":530,"column":48}},"line":530},"21":{"name":"(anonymous_21)","decl":{"start":{"line":538,"column":18},"end":{"line":538,"column":19}},"loc":{"start":{"line":538,"column":32},"end":{"line":580,"column":3}},"line":538},"22":{"name":"(anonymous_22)","decl":{"start":{"line":591,"column":15},"end":{"line":591,"column":16}},"loc":{"start":{"line":591,"column":21},"end":{"line":598,"column":15}},"line":591},"23":{"name":"(anonymous_23)","decl":{"start":{"line":619,"column":15},"end":{"line":619,"column":16}},"loc":{"start":{"line":619,"column":21},"end":{"line":624,"column":15}},"line":619},"24":{"name":"generateExcelTemplate","decl":{"start":{"line":687,"column":15},"end":{"line":687,"column":36}},"loc":{"start":{"line":687,"column":73},"end":{"line":1064,"column":1}},"line":687},"25":{"name":"(anonymous_25)","decl":{"start":{"line":1010,"column":31},"end":{"line":1010,"column":32}},"loc":{"start":{"line":1010,"column":38},"end":{"line":1010,"column":59}},"line":1010},"26":{"name":"(anonymous_26)","decl":{"start":{"line":1043,"column":26},"end":{"line":1043,"column":27}},"loc":{"start":{"line":1043,"column":56},"end":{"line":1054,"column":3}},"line":1043},"27":{"name":"generateDevExcelTemplate","decl":{"start":{"line":1067,"column":15},"end":{"line":1067,"column":39}},"loc":{"start":{"line":1067,"column":52},"end":{"line":1289,"column":1}},"line":1067},"28":{"name":"(anonymous_28)","decl":{"start":{"line":1256,"column":18},"end":{"line":1256,"column":19}},"loc":{"start":{"line":1256,"column":28},"end":{"line":1260,"column":3}},"line":1256},"29":{"name":"(anonymous_29)","decl":{"start":{"line":1257,"column":34},"end":{"line":1257,"column":35}},"loc":{"start":{"line":1257,"column":41},"end":{"line":1257,"column":56}},"line":1257}},"branchMap":{"0":{"loc":{"start":{"line":47,"column":22},"end":{"line":47,"column":78}},"type":"cond-expr","locations":[{"start":{"line":47,"column":31},"end":{"line":47,"column":71}},{"start":{"line":47,"column":74},"end":{"line":47,"column":78}}],"line":47},"1":{"loc":{"start":{"line":61,"column":47},"end":{"line":61,"column":59}},"type":"default-arg","locations":[{"start":{"line":61,"column":57},"end":{"line":61,"column":59}}],"line":61},"2":{"loc":{"start":{"line":62,"column":2},"end":{"line":64,"column":3}},"type":"if","locations":[{"start":{"line":62,"column":2},"end":{"line":64,"column":3}},{"start":{},"end":{}}],"line":62},"3":{"loc":{"start":{"line":62,"column":6},"end":{"line":62,"column":36}},"type":"binary-expr","locations":[{"start":{"line":62,"column":6},"end":{"line":62,"column":13}},{"start":{"line":62,"column":17},"end":{"line":62,"column":36}}],"line":62},"4":{"loc":{"start":{"line":70,"column":2},"end":{"line":165,"column":3}},"type":"switch","locations":[{"start":{"line":71,"column":4},"end":{"line":116,"column":5}},{"start":{"line":117,"column":4},"end":{"line":130,"column":5}},{"start":{"line":131,"column":4},"end":{"line":133,"column":12}},{"start":{"line":134,"column":4},"end":{"line":162,"column":5}},{"start":{"line":163,"column":4},"end":{"line":164,"column":54}}],"line":70},"5":{"loc":{"start":{"line":75,"column":6},"end":{"line":111,"column":7}},"type":"if","locations":[{"start":{"line":75,"column":6},"end":{"line":111,"column":7}},{"start":{"line":96,"column":13},"end":{"line":111,"column":7}}],"line":75},"6":{"loc":{"start":{"line":80,"column":8},"end":{"line":95,"column":9}},"type":"if","locations":[{"start":{"line":80,"column":8},"end":{"line":95,"column":9}},{"start":{},"end":{}}],"line":80},"7":{"loc":{"start":{"line":81,"column":10},"end":{"line":94,"column":11}},"type":"if","locations":[{"start":{"line":81,"column":10},"end":{"line":94,"column":11}},{"start":{"line":86,"column":17},"end":{"line":94,"column":11}}],"line":81},"8":{"loc":{"start":{"line":86,"column":17},"end":{"line":94,"column":11}},"type":"if","locations":[{"start":{"line":86,"column":17},"end":{"line":94,"column":11}},{"start":{"line":91,"column":17},"end":{"line":94,"column":11}}],"line":86},"9":{"loc":{"start":{"line":91,"column":17},"end":{"line":94,"column":11}},"type":"if","locations":[{"start":{"line":91,"column":17},"end":{"line":94,"column":11}},{"start":{},"end":{}}],"line":91},"10":{"loc":{"start":{"line":96,"column":13},"end":{"line":111,"column":7}},"type":"if","locations":[{"start":{"line":96,"column":13},"end":{"line":111,"column":7}},{"start":{},"end":{}}],"line":96},"11":{"loc":{"start":{"line":97,"column":8},"end":{"line":110,"column":9}},"type":"if","locations":[{"start":{"line":97,"column":8},"end":{"line":110,"column":9}},{"start":{"line":102,"column":15},"end":{"line":110,"column":9}}],"line":97},"12":{"loc":{"start":{"line":102,"column":15},"end":{"line":110,"column":9}},"type":"if","locations":[{"start":{"line":102,"column":15},"end":{"line":110,"column":9}},{"start":{"line":107,"column":15},"end":{"line":110,"column":9}}],"line":102},"13":{"loc":{"start":{"line":107,"column":15},"end":{"line":110,"column":9}},"type":"if","locations":[{"start":{"line":107,"column":15},"end":{"line":110,"column":9}},{"start":{},"end":{}}],"line":107},"14":{"loc":{"start":{"line":113,"column":6},"end":{"line":114,"column":39}},"type":"if","locations":[{"start":{"line":113,"column":6},"end":{"line":114,"column":39}},{"start":{"line":114,"column":11},"end":{"line":114,"column":39}}],"line":113},"15":{"loc":{"start":{"line":119,"column":6},"end":{"line":127,"column":7}},"type":"if","locations":[{"start":{"line":119,"column":6},"end":{"line":127,"column":7}},{"start":{},"end":{}}],"line":119},"16":{"loc":{"start":{"line":120,"column":8},"end":{"line":126,"column":9}},"type":"if","locations":[{"start":{"line":120,"column":8},"end":{"line":126,"column":9}},{"start":{"line":123,"column":15},"end":{"line":126,"column":9}}],"line":120},"17":{"loc":{"start":{"line":123,"column":15},"end":{"line":126,"column":9}},"type":"if","locations":[{"start":{"line":123,"column":15},"end":{"line":126,"column":9}},{"start":{},"end":{}}],"line":123},"18":{"loc":{"start":{"line":145,"column":6},"end":{"line":147,"column":7}},"type":"if","locations":[{"start":{"line":145,"column":6},"end":{"line":147,"column":7}},{"start":{},"end":{}}],"line":145},"19":{"loc":{"start":{"line":155,"column":6},"end":{"line":158,"column":7}},"type":"if","locations":[{"start":{"line":155,"column":6},"end":{"line":158,"column":7}},{"start":{},"end":{}}],"line":155},"20":{"loc":{"start":{"line":155,"column":10},"end":{"line":155,"column":54}},"type":"binary-expr","locations":[{"start":{"line":155,"column":10},"end":{"line":155,"column":25}},{"start":{"line":155,"column":29},"end":{"line":155,"column":54}}],"line":155},"21":{"loc":{"start":{"line":199,"column":4},"end":{"line":199,"column":80}},"type":"if","locations":[{"start":{"line":199,"column":4},"end":{"line":199,"column":80}},{"start":{},"end":{}}],"line":199},"22":{"loc":{"start":{"line":199,"column":8},"end":{"line":199,"column":43}},"type":"binary-expr","locations":[{"start":{"line":199,"column":8},"end":{"line":199,"column":18}},{"start":{"line":199,"column":22},"end":{"line":199,"column":43}}],"line":199},"23":{"loc":{"start":{"line":200,"column":4},"end":{"line":200,"column":80}},"type":"if","locations":[{"start":{"line":200,"column":4},"end":{"line":200,"column":80}},{"start":{},"end":{}}],"line":200},"24":{"loc":{"start":{"line":200,"column":8},"end":{"line":200,"column":43}},"type":"binary-expr","locations":[{"start":{"line":200,"column":8},"end":{"line":200,"column":18}},{"start":{"line":200,"column":22},"end":{"line":200,"column":43}}],"line":200},"25":{"loc":{"start":{"line":201,"column":4},"end":{"line":202,"column":64}},"type":"if","locations":[{"start":{"line":201,"column":4},"end":{"line":202,"column":64}},{"start":{},"end":{}}],"line":201},"26":{"loc":{"start":{"line":201,"column":8},"end":{"line":201,"column":66}},"type":"binary-expr","locations":[{"start":{"line":201,"column":8},"end":{"line":201,"column":26}},{"start":{"line":201,"column":30},"end":{"line":201,"column":66}}],"line":201},"27":{"loc":{"start":{"line":203,"column":4},"end":{"line":204,"column":61}},"type":"if","locations":[{"start":{"line":203,"column":4},"end":{"line":204,"column":61}},{"start":{},"end":{}}],"line":203},"28":{"loc":{"start":{"line":203,"column":8},"end":{"line":203,"column":63}},"type":"binary-expr","locations":[{"start":{"line":203,"column":8},"end":{"line":203,"column":25}},{"start":{"line":203,"column":29},"end":{"line":203,"column":63}}],"line":203},"29":{"loc":{"start":{"line":220,"column":46},"end":{"line":220,"column":63}},"type":"binary-expr","locations":[{"start":{"line":220,"column":46},"end":{"line":220,"column":57}},{"start":{"line":220,"column":61},"end":{"line":220,"column":63}}],"line":220},"30":{"loc":{"start":{"line":226,"column":4},"end":{"line":226,"column":30}},"type":"if","locations":[{"start":{"line":226,"column":4},"end":{"line":226,"column":30}},{"start":{},"end":{}}],"line":226},"31":{"loc":{"start":{"line":229,"column":6},"end":{"line":242,"column":7}},"type":"if","locations":[{"start":{"line":229,"column":6},"end":{"line":242,"column":7}},{"start":{"line":231,"column":13},"end":{"line":242,"column":7}}],"line":229},"32":{"loc":{"start":{"line":248,"column":6},"end":{"line":248,"column":23}},"type":"if","locations":[{"start":{"line":248,"column":6},"end":{"line":248,"column":23}},{"start":{},"end":{}}],"line":248},"33":{"loc":{"start":{"line":250,"column":8},"end":{"line":257,"column":9}},"type":"if","locations":[{"start":{"line":250,"column":8},"end":{"line":257,"column":9}},{"start":{},"end":{}}],"line":250},"34":{"loc":{"start":{"line":252,"column":10},"end":{"line":252,"column":55}},"type":"if","locations":[{"start":{"line":252,"column":10},"end":{"line":252,"column":55}},{"start":{},"end":{}}],"line":252},"35":{"loc":{"start":{"line":252,"column":14},"end":{"line":252,"column":44}},"type":"binary-expr","locations":[{"start":{"line":252,"column":14},"end":{"line":252,"column":21}},{"start":{"line":252,"column":25},"end":{"line":252,"column":44}}],"line":252},"36":{"loc":{"start":{"line":255,"column":12},"end":{"line":255,"column":86}},"type":"cond-expr","locations":[{"start":{"line":255,"column":29},"end":{"line":255,"column":40}},{"start":{"line":255,"column":43},"end":{"line":255,"column":86}}],"line":255},"37":{"loc":{"start":{"line":255,"column":43},"end":{"line":255,"column":86}},"type":"cond-expr","locations":[{"start":{"line":255,"column":60},"end":{"line":255,"column":71}},{"start":{"line":255,"column":74},"end":{"line":255,"column":86}}],"line":255},"38":{"loc":{"start":{"line":272,"column":22},"end":{"line":272,"column":51}},"type":"binary-expr","locations":[{"start":{"line":272,"column":22},"end":{"line":272,"column":42}},{"start":{"line":272,"column":46},"end":{"line":272,"column":51}}],"line":272},"39":{"loc":{"start":{"line":290,"column":35},"end":{"line":290,"column":75}},"type":"binary-expr","locations":[{"start":{"line":290,"column":35},"end":{"line":290,"column":69}},{"start":{"line":290,"column":73},"end":{"line":290,"column":75}}],"line":290},"40":{"loc":{"start":{"line":291,"column":21},"end":{"line":291,"column":91}},"type":"binary-expr","locations":[{"start":{"line":291,"column":21},"end":{"line":291,"column":55}},{"start":{"line":291,"column":59},"end":{"line":291,"column":85}},{"start":{"line":291,"column":89},"end":{"line":291,"column":91}}],"line":291},"41":{"loc":{"start":{"line":324,"column":4},"end":{"line":326,"column":5}},"type":"if","locations":[{"start":{"line":324,"column":4},"end":{"line":326,"column":5}},{"start":{},"end":{}}],"line":324},"42":{"loc":{"start":{"line":353,"column":26},"end":{"line":353,"column":73}},"type":"binary-expr","locations":[{"start":{"line":353,"column":27},"end":{"line":353,"column":34}},{"start":{"line":353,"column":38},"end":{"line":353,"column":48}},{"start":{"line":353,"column":52},"end":{"line":353,"column":66}},{"start":{"line":353,"column":71},"end":{"line":353,"column":73}}],"line":353},"43":{"loc":{"start":{"line":354,"column":22},"end":{"line":354,"column":53}},"type":"binary-expr","locations":[{"start":{"line":354,"column":22},"end":{"line":354,"column":47}},{"start":{"line":354,"column":51},"end":{"line":354,"column":53}}],"line":354},"44":{"loc":{"start":{"line":422,"column":14},"end":{"line":422,"column":67}},"type":"cond-expr","locations":[{"start":{"line":422,"column":43},"end":{"line":422,"column":51}},{"start":{"line":422,"column":54},"end":{"line":422,"column":67}}],"line":422},"45":{"loc":{"start":{"line":468,"column":22},"end":{"line":468,"column":51}},"type":"binary-expr","locations":[{"start":{"line":468,"column":22},"end":{"line":468,"column":42}},{"start":{"line":468,"column":46},"end":{"line":468,"column":51}}],"line":468},"46":{"loc":{"start":{"line":514,"column":24},"end":{"line":514,"column":98}},"type":"cond-expr","locations":[{"start":{"line":514,"column":80},"end":{"line":514,"column":82}},{"start":{"line":514,"column":85},"end":{"line":514,"column":98}}],"line":514},"47":{"loc":{"start":{"line":514,"column":24},"end":{"line":514,"column":77}},"type":"binary-expr","locations":[{"start":{"line":514,"column":24},"end":{"line":514,"column":51}},{"start":{"line":514,"column":55},"end":{"line":514,"column":77}}],"line":514},"48":{"loc":{"start":{"line":539,"column":4},"end":{"line":539,"column":31}},"type":"if","locations":[{"start":{"line":539,"column":4},"end":{"line":539,"column":31}},{"start":{},"end":{}}],"line":539},"49":{"loc":{"start":{"line":543,"column":6},"end":{"line":558,"column":7}},"type":"if","locations":[{"start":{"line":543,"column":6},"end":{"line":558,"column":7}},{"start":{"line":545,"column":13},"end":{"line":558,"column":7}}],"line":543},"50":{"loc":{"start":{"line":564,"column":6},"end":{"line":564,"column":23}},"type":"if","locations":[{"start":{"line":564,"column":6},"end":{"line":564,"column":23}},{"start":{},"end":{}}],"line":564},"51":{"loc":{"start":{"line":566,"column":8},"end":{"line":573,"column":9}},"type":"if","locations":[{"start":{"line":566,"column":8},"end":{"line":573,"column":9}},{"start":{},"end":{}}],"line":566},"52":{"loc":{"start":{"line":569,"column":10},"end":{"line":569,"column":73}},"type":"if","locations":[{"start":{"line":569,"column":10},"end":{"line":569,"column":73}},{"start":{},"end":{}}],"line":569},"53":{"loc":{"start":{"line":571,"column":10},"end":{"line":571,"column":55}},"type":"if","locations":[{"start":{"line":571,"column":10},"end":{"line":571,"column":55}},{"start":{},"end":{}}],"line":571},"54":{"loc":{"start":{"line":571,"column":14},"end":{"line":571,"column":44}},"type":"binary-expr","locations":[{"start":{"line":571,"column":14},"end":{"line":571,"column":21}},{"start":{"line":571,"column":25},"end":{"line":571,"column":44}}],"line":571},"55":{"loc":{"start":{"line":593,"column":16},"end":{"line":593,"column":58}},"type":"if","locations":[{"start":{"line":593,"column":16},"end":{"line":593,"column":58}},{"start":{},"end":{}}],"line":593},"56":{"loc":{"start":{"line":605,"column":22},"end":{"line":605,"column":62}},"type":"binary-expr","locations":[{"start":{"line":605,"column":22},"end":{"line":605,"column":56}},{"start":{"line":605,"column":60},"end":{"line":605,"column":62}}],"line":605},"57":{"loc":{"start":{"line":610,"column":22},"end":{"line":610,"column":92}},"type":"binary-expr","locations":[{"start":{"line":610,"column":22},"end":{"line":610,"column":48}},{"start":{"line":610,"column":52},"end":{"line":610,"column":86}},{"start":{"line":610,"column":90},"end":{"line":610,"column":92}}],"line":610},"58":{"loc":{"start":{"line":621,"column":16},"end":{"line":621,"column":62}},"type":"if","locations":[{"start":{"line":621,"column":16},"end":{"line":621,"column":62}},{"start":{},"end":{}}],"line":621},"59":{"loc":{"start":{"line":648,"column":25},"end":{"line":648,"column":98}},"type":"cond-expr","locations":[{"start":{"line":648,"column":46},"end":{"line":648,"column":71}},{"start":{"line":648,"column":74},"end":{"line":648,"column":98}}],"line":648},"60":{"loc":{"start":{"line":675,"column":4},"end":{"line":677,"column":5}},"type":"if","locations":[{"start":{"line":675,"column":4},"end":{"line":677,"column":5}},{"start":{},"end":{}}],"line":675},"61":{"loc":{"start":{"line":675,"column":8},"end":{"line":675,"column":38}},"type":"binary-expr","locations":[{"start":{"line":675,"column":8},"end":{"line":675,"column":15}},{"start":{"line":675,"column":19},"end":{"line":675,"column":38}}],"line":675},"62":{"loc":{"start":{"line":681,"column":45},"end":{"line":681,"column":83}},"type":"cond-expr","locations":[{"start":{"line":681,"column":66},"end":{"line":681,"column":77}},{"start":{"line":681,"column":80},"end":{"line":681,"column":83}}],"line":681},"63":{"loc":{"start":{"line":681,"column":45},"end":{"line":681,"column":63}},"type":"binary-expr","locations":[{"start":{"line":681,"column":45},"end":{"line":681,"column":48}},{"start":{"line":681,"column":52},"end":{"line":681,"column":63}}],"line":681},"64":{"loc":{"start":{"line":687,"column":49},"end":{"line":687,"column":71}},"type":"default-arg","locations":[{"start":{"line":687,"column":66},"end":{"line":687,"column":71}}],"line":687},"65":{"loc":{"start":{"line":998,"column":2},"end":{"line":1000,"column":3}},"type":"if","locations":[{"start":{"line":998,"column":2},"end":{"line":1000,"column":3}},{"start":{},"end":{}}],"line":998},"66":{"loc":{"start":{"line":1010,"column":4},"end":{"line":1013,"column":5}},"type":"if","locations":[{"start":{"line":1010,"column":4},"end":{"line":1013,"column":5}},{"start":{},"end":{}}],"line":1010},"67":{"loc":{"start":{"line":1028,"column":4},"end":{"line":1030,"column":5}},"type":"if","locations":[{"start":{"line":1028,"column":4},"end":{"line":1030,"column":5}},{"start":{},"end":{}}],"line":1028},"68":{"loc":{"start":{"line":1044,"column":4},"end":{"line":1044,"column":27}},"type":"if","locations":[{"start":{"line":1044,"column":4},"end":{"line":1044,"column":27}},{"start":{},"end":{}}],"line":1044},"69":{"loc":{"start":{"line":1061,"column":2},"end":{"line":1063,"column":3}},"type":"if","locations":[{"start":{"line":1061,"column":2},"end":{"line":1063,"column":3}},{"start":{},"end":{}}],"line":1061},"70":{"loc":{"start":{"line":1258,"column":4},"end":{"line":1258,"column":73}},"type":"if","locations":[{"start":{"line":1258,"column":4},"end":{"line":1258,"column":73}},{"start":{},"end":{}}],"line":1258}},"s":{"0":3,"1":3,"2":3,"3":3,"4":3,"5":3,"6":3,"7":3,"8":3,"9":0,"10":0,"11":1,"12":1,"13":1,"14":1,"15":0,"16":0,"17":0,"18":0,"19":0,"20":0,"21":0,"22":0,"23":0,"24":0,"25":0,"26":0,"27":0,"28":0,"29":0,"30":0,"31":0,"32":0,"33":0,"34":0,"35":0,"36":0,"37":0,"38":0,"39":0,"40":0,"41":0,"42":0,"43":0,"44":0,"45":0,"46":0,"47":0,"48":0,"49":0,"50":0,"51":0,"52":0,"53":0,"54":0,"55":0,"56":0,"57":0,"58":0,"59":0,"60":0,"61":0,"62":0,"63":0,"64":0,"65":0,"66":0,"67":0,"68":0,"69":0,"70":0,"71":0,"72":0,"73":0,"74":0,"75":0,"76":0,"77":0,"78":0,"79":0,"80":0,"81":0,"82":0,"83":0,"84":0,"85":0,"86":2,"87":2,"88":2,"89":2,"90":2,"91":2,"92":2,"93":0,"94":2,"95":0,"96":2,"97":0,"98":2,"99":0,"100":2,"101":2,"102":2,"103":2,"104":9,"105":2,"106":2,"107":9,"108":2,"109":2,"110":4,"111":4,"112":0,"113":0,"114":0,"115":0,"116":0,"117":0,"118":0,"119":0,"120":0,"121":0,"122":0,"123":0,"124":0,"125":0,"126":0,"127":0,"128":0,"129":0,"130":0,"131":0,"132":0,"133":0,"134":0,"135":0,"136":2,"137":2,"138":2,"139":2,"140":2,"141":2,"142":2,"143":16,"144":2,"145":2,"146":2,"147":2,"148":2,"149":2,"150":2,"151":2,"152":2,"153":2,"154":2,"155":0,"156":0,"157":0,"158":0,"159":0,"160":0,"161":0,"162":0,"163":0,"164":0,"165":0,"166":0,"167":0,"168":0,"169":0,"170":0,"171":0,"172":0,"173":0,"174":0,"175":1,"176":1,"177":1,"178":1,"179":1,"180":1,"181":1,"182":1,"183":1,"184":1,"185":1,"186":1,"187":1,"188":1,"189":1,"190":1,"191":1,"192":1,"193":1,"194":1,"195":1,"196":1,"197":1,"198":1,"199":1,"200":0,"201":0,"202":0,"203":0,"204":0,"205":0,"206":0,"207":0,"208":0,"209":0,"210":0,"211":0,"212":0,"213":0,"214":0,"215":0,"216":0,"217":0,"218":0,"219":0,"220":0,"221":0,"222":0,"223":0,"224":0,"225":0,"226":0,"227":0,"228":0,"229":0,"230":0,"231":0,"232":0,"233":0,"234":0,"235":0,"236":0,"237":0,"238":0,"239":0,"240":0,"241":0,"242":0,"243":0,"244":0,"245":0,"246":0,"247":0,"248":0,"249":0,"250":0,"251":0,"252":0,"253":0,"254":0,"255":0,"256":0,"257":0,"258":0,"259":0,"260":0,"261":0,"262":0,"263":0,"264":0,"265":0,"266":0,"267":0,"268":0,"269":0,"270":0,"271":0,"272":0,"273":0,"274":0,"275":0,"276":0,"277":0,"278":0,"279":0,"280":0,"281":0,"282":0,"283":0,"284":0,"285":0,"286":0,"287":0,"288":0,"289":0,"290":0,"291":0,"292":0,"293":0,"294":0,"295":0,"296":0,"297":0,"298":0,"299":0,"300":0,"301":0,"302":0,"303":0,"304":0,"305":0,"306":0,"307":0,"308":0,"309":0,"310":0,"311":0,"312":0,"313":0,"314":0,"315":0,"316":0,"317":0,"318":0,"319":0,"320":0,"321":0,"322":0,"323":0,"324":0,"325":0,"326":0,"327":0,"328":0,"329":0,"330":0,"331":0,"332":0,"333":0,"334":0,"335":0,"336":3},"f":{"0":0,"1":1,"2":0,"3":0,"4":2,"5":2,"6":2,"7":9,"8":2,"9":9,"10":4,"11":0,"12":0,"13":1,"14":1,"15":0,"16":0,"17":0,"18":0,"19":0,"20":0,"21":0,"22":0,"23":0,"24":0,"25":0,"26":0,"27":0,"28":0,"29":0},"b":{"0":[0,1],"1":[0],"2":[0,0],"3":[0,0],"4":[0,0,0,0,0],"5":[0,0],"6":[0,0],"7":[0,0],"8":[0,0],"9":[0,0],"10":[0,0],"11":[0,0],"12":[0,0],"13":[0,0],"14":[0,0],"15":[0,0],"16":[0,0],"17":[0,0],"18":[0,0],"19":[0,0],"20":[0,0],"21":[0,2],"22":[2,0],"23":[0,2],"24":[2,0],"25":[0,2],"26":[2,0],"27":[0,2],"28":[2,0],"29":[9,7],"30":[4,0],"31":[0,0],"32":[0,0],"33":[0,0],"34":[0,0],"35":[0,0],"36":[0,0],"37":[0,0],"38":[2,2],"39":[2,0],"40":[2,2,2],"41":[2,0],"42":[0,0,0,0],"43":[0,0],"44":[1,0],"45":[0,0],"46":[0,0],"47":[0,0],"48":[0,0],"49":[0,0],"50":[0,0],"51":[0,0],"52":[0,0],"53":[0,0],"54":[0,0],"55":[0,0],"56":[0,0],"57":[0,0,0],"58":[0,0],"59":[0,0],"60":[0,0],"61":[0,0],"62":[0,0],"63":[0,0],"64":[0],"65":[0,0],"66":[0,0],"67":[0,0],"68":[0,0],"69":[0,0],"70":[0,0]},"_coverageSchema":"1a1c01bbd47fc00a2c39e90264f33305004495a9","hash":"8f14dc61d9ba5891de5677ac41af1832b14a0457"}
,"D:\\01-Programming\\quran-association-manager\\src\\main\\financialHandlers.js": {"path":"D:\\01-Programming\\quran-association-manager\\src\\main\\financialHandlers.js","statementMap":{"0":{"start":{"line":1,"column":20},"end":{"line":1,"column":39}},"1":{"start":{"line":2,"column":41},"end":{"line":2,"column":60}},"2":{"start":{"line":3,"column":28},"end":{"line":3,"column":47}},"3":{"start":{"line":4,"column":30},"end":{"line":4,"column":59}},"4":{"start":{"line":8,"column":2},"end":{"line":16,"column":4}},"5":{"start":{"line":9,"column":4},"end":{"line":15,"column":5}},"6":{"start":{"line":10,"column":6},"end":{"line":10,"column":43}},"7":{"start":{"line":12,"column":6},"end":{"line":12,"column":65}},"8":{"start":{"line":14,"column":6},"end":{"line":14,"column":90}},"9":{"start":{"line":21,"column":14},"end":{"line":21,"column":38}},"10":{"start":{"line":22,"column":17},"end":{"line":22,"column":19}},"11":{"start":{"line":23,"column":2},"end":{"line":26,"column":3}},"12":{"start":{"line":24,"column":4},"end":{"line":24,"column":51}},"13":{"start":{"line":25,"column":4},"end":{"line":25,"column":50}},"14":{"start":{"line":27,"column":2},"end":{"line":27,"column":41}},"15":{"start":{"line":28,"column":2},"end":{"line":28,"column":33}},"16":{"start":{"line":31,"column":78},"end":{"line":31,"column":85}},"17":{"start":{"line":32,"column":14},"end":{"line":32,"column":125}},"18":{"start":{"line":33,"column":17},"end":{"line":39,"column":4}},"19":{"start":{"line":40,"column":2},"end":{"line":40,"column":70}},"20":{"start":{"line":43,"column":82},"end":{"line":43,"column":89}},"21":{"start":{"line":44,"column":14},"end":{"line":44,"column":164}},"22":{"start":{"line":45,"column":2},"end":{"line":45,"column":93}},"23":{"start":{"line":46,"column":2},"end":{"line":46,"column":63}},"24":{"start":{"line":49,"column":2},"end":{"line":49,"column":67}},"25":{"start":{"line":50,"column":2},"end":{"line":50,"column":27}},"26":{"start":{"line":55,"column":14},"end":{"line":55,"column":39}},"27":{"start":{"line":56,"column":17},"end":{"line":56,"column":19}},"28":{"start":{"line":57,"column":2},"end":{"line":60,"column":3}},"29":{"start":{"line":58,"column":4},"end":{"line":58,"column":52}},"30":{"start":{"line":59,"column":4},"end":{"line":59,"column":50}},"31":{"start":{"line":61,"column":2},"end":{"line":61,"column":42}},"32":{"start":{"line":62,"column":2},"end":{"line":62,"column":33}},"33":{"start":{"line":74,"column":6},"end":{"line":74,"column":14}},"34":{"start":{"line":75,"column":14},"end":{"line":75,"column":160}},"35":{"start":{"line":76,"column":17},"end":{"line":85,"column":4}},"36":{"start":{"line":86,"column":2},"end":{"line":86,"column":71}},"37":{"start":{"line":99,"column":6},"end":{"line":99,"column":14}},"38":{"start":{"line":100,"column":14},"end":{"line":100,"column":202}},"39":{"start":{"line":101,"column":2},"end":{"line":111,"column":5}},"40":{"start":{"line":112,"column":2},"end":{"line":112,"column":64}},"41":{"start":{"line":115,"column":2},"end":{"line":115,"column":69}},"42":{"start":{"line":116,"column":2},"end":{"line":116,"column":28}},"43":{"start":{"line":121,"column":16},"end":{"line":121,"column":70}},"44":{"start":{"line":122,"column":2},"end":{"line":122,"column":25}},"45":{"start":{"line":126,"column":12},"end":{"line":126,"column":79}},"46":{"start":{"line":127,"column":17},"end":{"line":127,"column":27}},"47":{"start":{"line":129,"column":2},"end":{"line":132,"column":3}},"48":{"start":{"line":130,"column":4},"end":{"line":130,"column":26}},"49":{"start":{"line":131,"column":4},"end":{"line":131,"column":27}},"50":{"start":{"line":134,"column":17},"end":{"line":134,"column":44}},"51":{"start":{"line":137,"column":2},"end":{"line":137,"column":31}},"52":{"start":{"line":151,"column":6},"end":{"line":151,"column":10}},"53":{"start":{"line":153,"column":20},"end":{"line":153,"column":56}},"54":{"start":{"line":154,"column":22},"end":{"line":154,"column":57}},"55":{"start":{"line":156,"column":14},"end":{"line":161,"column":3}},"56":{"start":{"line":162,"column":17},"end":{"line":174,"column":4}},"57":{"start":{"line":176,"column":2},"end":{"line":176,"column":77}},"58":{"start":{"line":191,"column":6},"end":{"line":191,"column":10}},"59":{"start":{"line":193,"column":22},"end":{"line":193,"column":57}},"60":{"start":{"line":195,"column":14},"end":{"line":201,"column":3}},"61":{"start":{"line":202,"column":2},"end":{"line":214,"column":5}},"62":{"start":{"line":216,"column":2},"end":{"line":216,"column":70}},"63":{"start":{"line":220,"column":2},"end":{"line":220,"column":71}},"64":{"start":{"line":221,"column":2},"end":{"line":221,"column":24}},"65":{"start":{"line":226,"column":12},"end":{"line":242,"column":3}},"66":{"start":{"line":243,"column":17},"end":{"line":243,"column":19}},"67":{"start":{"line":244,"column":2},"end":{"line":247,"column":3}},"68":{"start":{"line":245,"column":4},"end":{"line":245,"column":51}},"69":{"start":{"line":246,"column":4},"end":{"line":246,"column":50}},"70":{"start":{"line":248,"column":2},"end":{"line":248,"column":41}},"71":{"start":{"line":249,"column":2},"end":{"line":249,"column":31}},"72":{"start":{"line":252,"column":62},"end":{"line":252,"column":68}},"73":{"start":{"line":253,"column":14},"end":{"line":253,"column":109}},"74":{"start":{"line":254,"column":17},"end":{"line":254,"column":87}},"75":{"start":{"line":255,"column":20},"end":{"line":269,"column":3}},"76":{"start":{"line":270,"column":2},"end":{"line":270,"column":19}},"77":{"start":{"line":273,"column":66},"end":{"line":273,"column":72}},"78":{"start":{"line":274,"column":14},"end":{"line":274,"column":148}},"79":{"start":{"line":275,"column":2},"end":{"line":275,"column":77}},"80":{"start":{"line":276,"column":24},"end":{"line":290,"column":3}},"81":{"start":{"line":291,"column":2},"end":{"line":291,"column":23}},"82":{"start":{"line":294,"column":2},"end":{"line":294,"column":66}},"83":{"start":{"line":295,"column":2},"end":{"line":295,"column":26}},"84":{"start":{"line":300,"column":12},"end":{"line":304,"column":3}},"85":{"start":{"line":305,"column":17},"end":{"line":305,"column":19}},"86":{"start":{"line":306,"column":2},"end":{"line":309,"column":3}},"87":{"start":{"line":307,"column":4},"end":{"line":307,"column":51}},"88":{"start":{"line":308,"column":4},"end":{"line":308,"column":50}},"89":{"start":{"line":310,"column":2},"end":{"line":310,"column":41}},"90":{"start":{"line":311,"column":2},"end":{"line":311,"column":31}},"91":{"start":{"line":314,"column":70},"end":{"line":314,"column":77}},"92":{"start":{"line":315,"column":14},"end":{"line":315,"column":117}},"93":{"start":{"line":316,"column":17},"end":{"line":316,"column":95}},"94":{"start":{"line":317,"column":2},"end":{"line":320,"column":4}},"95":{"start":{"line":323,"column":74},"end":{"line":323,"column":81}},"96":{"start":{"line":324,"column":14},"end":{"line":324,"column":156}},"97":{"start":{"line":325,"column":2},"end":{"line":325,"column":85}},"98":{"start":{"line":326,"column":2},"end":{"line":329,"column":4}},"99":{"start":{"line":332,"column":2},"end":{"line":332,"column":67}},"100":{"start":{"line":333,"column":2},"end":{"line":333,"column":27}},"101":{"start":{"line":340,"column":2},"end":{"line":348,"column":3}},"102":{"start":{"line":341,"column":4},"end":{"line":341,"column":33}},"103":{"start":{"line":342,"column":4},"end":{"line":342,"column":29}},"104":{"start":{"line":344,"column":16},"end":{"line":344,"column":26}},"105":{"start":{"line":345,"column":4},"end":{"line":346,"column":95}},"106":{"start":{"line":347,"column":4},"end":{"line":347,"column":91}},"107":{"start":{"line":351,"column":18},"end":{"line":351,"column":96}},"108":{"start":{"line":352,"column":23},"end":{"line":352,"column":130}},"109":{"start":{"line":353,"column":22},"end":{"line":353,"column":100}},"110":{"start":{"line":354,"column":22},"end":{"line":354,"column":128}},"111":{"start":{"line":357,"column":32},"end":{"line":381,"column":5}},"112":{"start":{"line":383,"column":68},"end":{"line":389,"column":4}},"113":{"start":{"line":391,"column":2},"end":{"line":397,"column":4}},"114":{"start":{"line":403,"column":2},"end":{"line":411,"column":3}},"115":{"start":{"line":404,"column":4},"end":{"line":404,"column":33}},"116":{"start":{"line":405,"column":4},"end":{"line":405,"column":29}},"117":{"start":{"line":407,"column":16},"end":{"line":407,"column":26}},"118":{"start":{"line":408,"column":4},"end":{"line":409,"column":95}},"119":{"start":{"line":410,"column":4},"end":{"line":410,"column":91}},"120":{"start":{"line":413,"column":20},"end":{"line":413,"column":98}},"121":{"start":{"line":414,"column":27},"end":{"line":414,"column":134}},"122":{"start":{"line":415,"column":22},"end":{"line":415,"column":100}},"123":{"start":{"line":416,"column":22},"end":{"line":416,"column":100}},"124":{"start":{"line":417,"column":26},"end":{"line":417,"column":101}},"125":{"start":{"line":418,"column":28},"end":{"line":418,"column":104}},"126":{"start":{"line":427,"column":6},"end":{"line":434,"column":4}},"127":{"start":{"line":436,"column":22},"end":{"line":436,"column":86}},"128":{"start":{"line":437,"column":24},"end":{"line":437,"column":85}},"129":{"start":{"line":439,"column":2},"end":{"line":444,"column":4}},"130":{"start":{"line":448,"column":21},"end":{"line":448,"column":53}},"131":{"start":{"line":450,"column":22},"end":{"line":450,"column":52}},"132":{"start":{"line":451,"column":20},"end":{"line":451,"column":50}},"133":{"start":{"line":453,"column":20},"end":{"line":457,"column":5}},"134":{"start":{"line":458,"column":22},"end":{"line":458,"column":122}},"135":{"start":{"line":459,"column":22},"end":{"line":459,"column":122}},"136":{"start":{"line":461,"column":39},"end":{"line":465,"column":4}},"137":{"start":{"line":467,"column":22},"end":{"line":467,"column":78}},"138":{"start":{"line":467,"column":51},"end":{"line":467,"column":74}},"139":{"start":{"line":468,"column":24},"end":{"line":468,"column":77}},"140":{"start":{"line":470,"column":2},"end":{"line":476,"column":4}},"141":{"start":{"line":488,"column":2},"end":{"line":488,"column":67}},"142":{"start":{"line":489,"column":2},"end":{"line":489,"column":65}},"143":{"start":{"line":490,"column":2},"end":{"line":490,"column":71}},"144":{"start":{"line":491,"column":2},"end":{"line":491,"column":71}},"145":{"start":{"line":493,"column":2},"end":{"line":493,"column":69}},"146":{"start":{"line":494,"column":2},"end":{"line":494,"column":67}},"147":{"start":{"line":495,"column":2},"end":{"line":495,"column":73}},"148":{"start":{"line":496,"column":2},"end":{"line":496,"column":73}},"149":{"start":{"line":498,"column":2},"end":{"line":498,"column":74}},"150":{"start":{"line":499,"column":2},"end":{"line":499,"column":89}},"151":{"start":{"line":500,"column":2},"end":{"line":500,"column":73}},"152":{"start":{"line":501,"column":2},"end":{"line":501,"column":79}},"153":{"start":{"line":502,"column":2},"end":{"line":502,"column":79}},"154":{"start":{"line":504,"column":2},"end":{"line":504,"column":67}},"155":{"start":{"line":505,"column":2},"end":{"line":505,"column":63}},"156":{"start":{"line":506,"column":2},"end":{"line":506,"column":69}},"157":{"start":{"line":507,"column":2},"end":{"line":507,"column":69}},"158":{"start":{"line":509,"column":2},"end":{"line":509,"column":67}},"159":{"start":{"line":510,"column":2},"end":{"line":510,"column":65}},"160":{"start":{"line":511,"column":2},"end":{"line":511,"column":71}},"161":{"start":{"line":512,"column":2},"end":{"line":512,"column":71}},"162":{"start":{"line":514,"column":2},"end":{"line":514,"column":84}},"163":{"start":{"line":515,"column":2},"end":{"line":515,"column":82}},"164":{"start":{"line":516,"column":2},"end":{"line":516,"column":95}},"165":{"start":{"line":521,"column":0},"end":{"line":547,"column":2}}},"fnMap":{"0":{"name":"createHandler","decl":{"start":{"line":7,"column":9},"end":{"line":7,"column":22}},"loc":{"start":{"line":7,"column":32},"end":{"line":17,"column":1}},"line":7},"1":{"name":"(anonymous_1)","decl":{"start":{"line":8,"column":9},"end":{"line":8,"column":10}},"loc":{"start":{"line":8,"column":35},"end":{"line":16,"column":3}},"line":8},"2":{"name":"handleGetExpenses","decl":{"start":{"line":20,"column":15},"end":{"line":20,"column":32}},"loc":{"start":{"line":20,"column":48},"end":{"line":29,"column":1}},"line":20},"3":{"name":"handleAddExpense","decl":{"start":{"line":30,"column":15},"end":{"line":30,"column":31}},"loc":{"start":{"line":30,"column":48},"end":{"line":41,"column":1}},"line":30},"4":{"name":"handleUpdateExpense","decl":{"start":{"line":42,"column":15},"end":{"line":42,"column":34}},"loc":{"start":{"line":42,"column":51},"end":{"line":47,"column":1}},"line":42},"5":{"name":"handleDeleteExpense","decl":{"start":{"line":48,"column":15},"end":{"line":48,"column":34}},"loc":{"start":{"line":48,"column":53},"end":{"line":51,"column":1}},"line":48},"6":{"name":"handleGetDonations","decl":{"start":{"line":54,"column":15},"end":{"line":54,"column":33}},"loc":{"start":{"line":54,"column":49},"end":{"line":63,"column":1}},"line":54},"7":{"name":"handleAddDonation","decl":{"start":{"line":64,"column":15},"end":{"line":64,"column":32}},"loc":{"start":{"line":64,"column":50},"end":{"line":87,"column":1}},"line":64},"8":{"name":"handleUpdateDonation","decl":{"start":{"line":88,"column":15},"end":{"line":88,"column":35}},"loc":{"start":{"line":88,"column":53},"end":{"line":113,"column":1}},"line":88},"9":{"name":"handleDeleteDonation","decl":{"start":{"line":114,"column":15},"end":{"line":114,"column":35}},"loc":{"start":{"line":114,"column":55},"end":{"line":117,"column":1}},"line":114},"10":{"name":"handleGetInventoryItems","decl":{"start":{"line":120,"column":15},"end":{"line":120,"column":38}},"loc":{"start":{"line":120,"column":41},"end":{"line":123,"column":1}},"line":120},"11":{"name":"handleCheckItemUniqueness","decl":{"start":{"line":125,"column":15},"end":{"line":125,"column":40}},"loc":{"start":{"line":125,"column":73},"end":{"line":138,"column":1}},"line":125},"12":{"name":"handleAddInventoryItem","decl":{"start":{"line":140,"column":15},"end":{"line":140,"column":37}},"loc":{"start":{"line":140,"column":51},"end":{"line":177,"column":1}},"line":140},"13":{"name":"handleUpdateInventoryItem","decl":{"start":{"line":179,"column":15},"end":{"line":179,"column":40}},"loc":{"start":{"line":179,"column":54},"end":{"line":217,"column":1}},"line":179},"14":{"name":"handleDeleteInventoryItem","decl":{"start":{"line":219,"column":15},"end":{"line":219,"column":40}},"loc":{"start":{"line":219,"column":56},"end":{"line":222,"column":1}},"line":219},"15":{"name":"handleGetSalaries","decl":{"start":{"line":225,"column":15},"end":{"line":225,"column":32}},"loc":{"start":{"line":225,"column":48},"end":{"line":250,"column":1}},"line":225},"16":{"name":"handleAddSalary","decl":{"start":{"line":251,"column":15},"end":{"line":251,"column":30}},"loc":{"start":{"line":251,"column":46},"end":{"line":271,"column":1}},"line":251},"17":{"name":"handleUpdateSalary","decl":{"start":{"line":272,"column":15},"end":{"line":272,"column":33}},"loc":{"start":{"line":272,"column":49},"end":{"line":292,"column":1}},"line":272},"18":{"name":"handleDeleteSalary","decl":{"start":{"line":293,"column":15},"end":{"line":293,"column":33}},"loc":{"start":{"line":293,"column":51},"end":{"line":296,"column":1}},"line":293},"19":{"name":"handleGetPayments","decl":{"start":{"line":299,"column":15},"end":{"line":299,"column":32}},"loc":{"start":{"line":299,"column":48},"end":{"line":312,"column":1}},"line":299},"20":{"name":"handleAddPayment","decl":{"start":{"line":313,"column":15},"end":{"line":313,"column":31}},"loc":{"start":{"line":313,"column":48},"end":{"line":321,"column":1}},"line":313},"21":{"name":"handleUpdatePayment","decl":{"start":{"line":322,"column":15},"end":{"line":322,"column":34}},"loc":{"start":{"line":322,"column":51},"end":{"line":330,"column":1}},"line":322},"22":{"name":"handleDeletePayment","decl":{"start":{"line":331,"column":15},"end":{"line":331,"column":34}},"loc":{"start":{"line":331,"column":53},"end":{"line":334,"column":1}},"line":331},"23":{"name":"handleGetStatementOfActivities","decl":{"start":{"line":337,"column":15},"end":{"line":337,"column":45}},"loc":{"start":{"line":337,"column":61},"end":{"line":398,"column":1}},"line":337},"24":{"name":"handleGetMonthlySnapshot","decl":{"start":{"line":400,"column":15},"end":{"line":400,"column":39}},"loc":{"start":{"line":400,"column":55},"end":{"line":445,"column":1}},"line":400},"25":{"name":"handleGetFinancialSummary","decl":{"start":{"line":447,"column":15},"end":{"line":447,"column":40}},"loc":{"start":{"line":447,"column":54},"end":{"line":477,"column":1}},"line":447},"26":{"name":"(anonymous_26)","decl":{"start":{"line":467,"column":36},"end":{"line":467,"column":37}},"loc":{"start":{"line":467,"column":51},"end":{"line":467,"column":74}},"line":467},"27":{"name":"registerFinancialHandlers","decl":{"start":{"line":487,"column":9},"end":{"line":487,"column":34}},"loc":{"start":{"line":487,"column":37},"end":{"line":519,"column":1}},"line":487}},"branchMap":{"0":{"loc":{"start":{"line":14,"column":22},"end":{"line":14,"column":88}},"type":"binary-expr","locations":[{"start":{"line":14,"column":22},"end":{"line":14,"column":33}},{"start":{"line":14,"column":37},"end":{"line":14,"column":88}}],"line":14},"1":{"loc":{"start":{"line":23,"column":2},"end":{"line":26,"column":3}},"type":"if","locations":[{"start":{"line":23,"column":2},"end":{"line":26,"column":3}},{"start":{},"end":{}}],"line":23},"2":{"loc":{"start":{"line":23,"column":6},"end":{"line":23,"column":50}},"type":"binary-expr","locations":[{"start":{"line":23,"column":6},"end":{"line":23,"column":12}},{"start":{"line":23,"column":16},"end":{"line":23,"column":32}},{"start":{"line":23,"column":36},"end":{"line":23,"column":50}}],"line":23},"3":{"loc":{"start":{"line":57,"column":2},"end":{"line":60,"column":3}},"type":"if","locations":[{"start":{"line":57,"column":2},"end":{"line":60,"column":3}},{"start":{},"end":{}}],"line":57},"4":{"loc":{"start":{"line":57,"column":6},"end":{"line":57,"column":50}},"type":"binary-expr","locations":[{"start":{"line":57,"column":6},"end":{"line":57,"column":12}},{"start":{"line":57,"column":16},"end":{"line":57,"column":32}},{"start":{"line":57,"column":36},"end":{"line":57,"column":50}}],"line":57},"5":{"loc":{"start":{"line":129,"column":2},"end":{"line":132,"column":3}},"type":"if","locations":[{"start":{"line":129,"column":2},"end":{"line":132,"column":3}},{"start":{},"end":{}}],"line":129},"6":{"loc":{"start":{"line":154,"column":23},"end":{"line":154,"column":36}},"type":"binary-expr","locations":[{"start":{"line":154,"column":23},"end":{"line":154,"column":31}},{"start":{"line":154,"column":35},"end":{"line":154,"column":36}}],"line":154},"7":{"loc":{"start":{"line":154,"column":41},"end":{"line":154,"column":56}},"type":"binary-expr","locations":[{"start":{"line":154,"column":41},"end":{"line":154,"column":51}},{"start":{"line":154,"column":55},"end":{"line":154,"column":56}}],"line":154},"8":{"loc":{"start":{"line":193,"column":23},"end":{"line":193,"column":36}},"type":"binary-expr","locations":[{"start":{"line":193,"column":23},"end":{"line":193,"column":31}},{"start":{"line":193,"column":35},"end":{"line":193,"column":36}}],"line":193},"9":{"loc":{"start":{"line":193,"column":41},"end":{"line":193,"column":56}},"type":"binary-expr","locations":[{"start":{"line":193,"column":41},"end":{"line":193,"column":51}},{"start":{"line":193,"column":55},"end":{"line":193,"column":56}}],"line":193},"10":{"loc":{"start":{"line":244,"column":2},"end":{"line":247,"column":3}},"type":"if","locations":[{"start":{"line":244,"column":2},"end":{"line":2
[...]
"column":6},"end":{"line":135,"column":61}},"91":{"start":{"line":136,"column":6},"end":{"line":136,"column":92}},"92":{"start":{"line":141,"column":0},"end":{"line":141,"column":42}}},"fnMap":{"0":{"name":"registerUserHandlers","decl":{"start":{"line":30,"column":9},"end":{"line":30,"column":29}},"loc":{"start":{"line":30,"column":32},"end":{"line":139,"column":1}},"line":30},"1":{"name":"(anonymous_1)","decl":{"start":{"line":31,"column":30},"end":{"line":31,"column":31}},"loc":{"start":{"line":31,"column":57},"end":{"line":51,"column":3}},"line":31},"2":{"name":"(anonymous_2)","decl":{"start":{"line":53,"column":34},"end":{"line":53,"column":35}},"loc":{"start":{"line":53,"column":50},"end":{"line":55,"column":3}},"line":53},"3":{"name":"(anonymous_3)","decl":{"start":{"line":57,"column":30},"end":{"line":57,"column":31}},"loc":{"start":{"line":57,"column":58},"end":{"line":81,"column":3}},"line":57},"4":{"name":"(anonymous_4)","decl":{"start":{"line":69,"column":47},"end":{"line":69,"column":48}},"loc":{"start":{"line":69,"column":58},"end":{"line":69,"column":92}},"line":69},"5":{"name":"(anonymous_5)","decl":{"start":{"line":71,"column":46},"end":{"line":71,"column":47}},"loc":{"start":{"line":71,"column":52},"end":{"line":71,"column":55}},"line":71},"6":{"name":"(anonymous_6)","decl":{"start":{"line":72,"column":40},"end":{"line":72,"column":41}},"loc":{"start":{"line":72,"column":51},"end":{"line":72,"column":79}},"line":72},"7":{"name":"(anonymous_7)","decl":{"start":{"line":77,"column":63},"end":{"line":77,"column":64}},"loc":{"start":{"line":77,"column":70},"end":{"line":77,"column":79}},"line":77},"8":{"name":"(anonymous_8)","decl":{"start":{"line":83,"column":33},"end":{"line":83,"column":34}},"loc":{"start":{"line":83,"column":69},"end":{"line":105,"column":3}},"line":83},"9":{"name":"(anonymous_9)","decl":{"start":{"line":93,"column":8},"end":{"line":93,"column":9}},"loc":{"start":{"line":93,"column":19},"end":{"line":93,"column":78}},"line":93},"10":{"name":"(anonymous_10)","decl":{"start":{"line":95,"column":44},"end":{"line":95,"column":45}},"loc":{"start":{"line":95,"column":55},"end":{"line":95,"column":69}},"line":95},"11":{"name":"(anonymous_11)","decl":{"start":{"line":96,"column":44},"end":{"line":96,"column":45}},"loc":{"start":{"line":96,"column":55},"end":{"line":96,"column":83}},"line":96},"12":{"name":"(anonymous_12)","decl":{"start":{"line":101,"column":63},"end":{"line":101,"column":64}},"loc":{"start":{"line":101,"column":70},"end":{"line":101,"column":79}},"line":101},"13":{"name":"(anonymous_13)","decl":{"start":{"line":107,"column":33},"end":{"line":107,"column":34}},"loc":{"start":{"line":107,"column":49},"end":{"line":111,"column":3}},"line":107},"14":{"name":"(anonymous_14)","decl":{"start":{"line":114,"column":38},"end":{"line":114,"column":39}},"loc":{"start":{"line":114,"column":75},"end":{"line":138,"column":3}},"line":114},"15":{"name":"(anonymous_15)","decl":{"start":{"line":129,"column":36},"end":{"line":129,"column":37}},"loc":{"start":{"line":129,"column":43},"end":{"line":129,"column":53}},"line":129},"16":{"name":"(anonymous_16)","decl":{"start":{"line":130,"column":36},"end":{"line":130,"column":37}},"loc":{"start":{"line":130,"column":43},"end":{"line":130,"column":53}},"line":130}},"branchMap":{"0":{"loc":{"start":{"line":36,"column":4},"end":{"line":40,"column":5}},"type":"if","locations":[{"start":{"line":36,"column":4},"end":{"line":40,"column":5}},{"start":{},"end":{}}],"line":36},"1":{"loc":{"start":{"line":41,"column":4},"end":{"line":44,"column":5}},"type":"if","locations":[{"start":{"line":41,"column":4},"end":{"line":44,"column":5}},{"start":{},"end":{}}],"line":41},"2":{"loc":{"start":{"line":41,"column":8},"end":{"line":41,"column":59}},"type":"binary-expr","locations":[{"start":{"line":41,"column":8},"end":{"line":41,"column":27}},{"start":{"line":41,"column":31},"end":{"line":41,"column":59}}],"line":41},"3":{"loc":{"start":{"line":45,"column":4},"end":{"line":48,"column":5}},"type":"if","locations":[{"start":{"line":45,"column":4},"end":{"line":48,"column":5}},{"start":{},"end":{}}],"line":45},"4":{"loc":{"start":{"line":45,"column":8},"end":{"line":45,"column":63}},"type":"binary-expr","locations":[{"start":{"line":45,"column":8},"end":{"line":45,"column":29}},{"start":{"line":45,"column":33},"end":{"line":45,"column":63}}],"line":45},"5":{"loc":{"start":{"line":66,"column":6},"end":{"line":68,"column":7}},"type":"if","locations":[{"start":{"line":66,"column":6},"end":{"line":68,"column":7}},{"start":{},"end":{}}],"line":66},"6":{"loc":{"start":{"line":70,"column":6},"end":{"line":70,"column":85}},"type":"if","locations":[{"start":{"line":70,"column":6},"end":{"line":70,"column":85}},{"start":{},"end":{}}],"line":70},"7":{"loc":{"start":{"line":72,"column":51},"end":{"line":72,"column":79}},"type":"binary-expr","locations":[{"start":{"line":72,"column":51},"end":{"line":72,"column":71}},{"start":{"line":72,"column":75},"end":{"line":72,"column":79}}],"line":72},"8":{"loc":{"start":{"line":76,"column":6},"end":{"line":77,"column":95}},"type":"if","locations":[{"start":{"line":76,"column":6},"end":{"line":77,"column":95}},{"start":{},"end":{}}],"line":76},"9":{"loc":{"start":{"line":89,"column":6},"end":{"line":91,"column":7}},"type":"if","locations":[{"start":{"line":89,"column":6},"end":{"line":91,"column":7}},{"start":{},"end":{}}],"line":89},"10":{"loc":{"start":{"line":93,"column":19},"end":{"line":93,"column":78}},"type":"binary-expr","locations":[{"start":{"line":93,"column":19},"end":{"line":93,"column":40}},{"start":{"line":93,"column":44},"end":{"line":93,"column":78}}],"line":93},"11":{"loc":{"start":{"line":96,"column":55},"end":{"line":96,"column":83}},"type":"binary-expr","locations":[{"start":{"line":96,"column":55},"end":{"line":96,"column":75}},{"start":{"line":96,"column":79},"end":{"line":96,"column":83}}],"line":96},"12":{"loc":{"start":{"line":100,"column":6},"end":{"line":101,"column":95}},"type":"if","locations":[{"start":{"line":100,"column":6},"end":{"line":101,"column":95}},{"start":{},"end":{}}],"line":100},"13":{"loc":{"start":{"line":108,"column":4},"end":{"line":108,"column":100}},"type":"if","locations":[{"start":{"line":108,"column":4},"end":{"line":108,"column":100}},{"start":{},"end":{}}],"line":108},"14":{"loc":{"start":{"line":108,"column":8},"end":{"line":108,"column":37}},"type":"binary-expr","locations":[{"start":{"line":108,"column":8},"end":{"line":108,"column":11}},{"start":{"line":108,"column":15},"end":{"line":108,"column":37}}],"line":108},"15":{"loc":{"start":{"line":118,"column":6},"end":{"line":118,"column":97}},"type":"if","locations":[{"start":{"line":118,"column":6},"end":{"line":118,"column":97}},{"start":{},"end":{}}],"line":118},"16":{"loc":{"start":{"line":118,"column":10},"end":{"line":118,"column":47}},"type":"binary-expr","locations":[{"start":{"line":118,"column":10},"end":{"line":118,"column":20}},{"start":{"line":118,"column":24},"end":{"line":118,"column":47}}],"line":118},"17":{"loc":{"start":{"line":120,"column":6},"end":{"line":120,"column":96}},"type":"if","locations":[{"start":{"line":120,"column":6},"end":{"line":120,"column":96}},{"start":{},"end":{}}],"line":120},"18":{"loc":{"start":{"line":120,"column":67},"end":{"line":120,"column":95}},"type":"cond-expr","locations":[{"start":{"line":120,"column":90},"end":{"line":120,"column":91}},{"start":{"line":120,"column":94},"end":{"line":120,"column":95}}],"line":120},"19":{"loc":{"start":{"line":121,"column":6},"end":{"line":124,"column":7}},"type":"if","locations":[{"start":{"line":121,"column":6},"end":{"line":124,"column":7}},{"start":{},"end":{}}],"line":121},"20":{"loc":{"start":{"line":123,"column":31},"end":{"line":123,"column":57}},"type":"cond-expr","locations":[{"start":{"line":123,"column":52},"end":{"line":123,"column":53}},{"start":{"line":123,"column":56},"end":{"line":123,"column":57}}],"line":123},"21":{"loc":{"start":{"line":127,"column":6},"end":{"line":127,"column":95}},"type":"if","locations":[{"start":{"line":127,"column":6},"end":{"line":127,"column":95}},{"start":{},"end":{}}],"line":127},"22":{"loc":{"start":{"line":136,"column":40},"end":{"line":136,"column":89}},"type":"binary-expr","locations":[{"start":{"line":136,"column":40},"end":{"line":136,"column":53}},{"start":{"line":136,"column":57},"end":{"line":136,"column":89}}],"line":136}},"s":{"0":1,"1":1,"2":1,"3":1,"4":1,"5":1,"6":1,"7":1,"8":0,"9":0,"10":0,"11":0,"12":0,"13":0,"14":0,"15":0,"16":0,"17":0,"18":0,"19":0,"20":0,"21":0,"22":1,"23":0,"24":1,"25":0,"26":0,"27":0,"28":0,"29":0,"30":0,"31":0,"32":0,"33":0,"34":0,"35":0,"36":0,"37":0,"38":0,"39":0,"40":0,"41":0,"42":0,"43":0,"44":0,"45":0,"46":1,"47":0,"48":0,"49":0,"50":0,"51":0,"52":0,"53":0,"54":0,"55":0,"56":0,"57":0,"58":0,"59":0,"60":0,"61":0,"62":0,"63":0,"64":1,"65":0,"66":0,"67":0,"68":0,"69":1,"70":4,"71":4,"72":4,"73":1,"74":3,"75":3,"76":2,"77":3,"78":2,"79":2,"80":3,"81":3,"82":1,"83":2,"84":4,"85":2,"86":4,"87":2,"88":2,"89":2,"90":1,"91":1,"92":1},"f":{"0":1,"1":0,"2":0,"3":0,"4":0,"5":0,"6":0,"7":0,"8":0,"9":0,"10":0,"11":0,"12":0,"13":0,"14":4,"15":4,"16":4},"b":{"0":[0,0],"1":[0,0],"2":[0,0],"3":[0,0],"4":[0,0],"5":[0,0],"6":[0,0],"7":[0,0],"8":[0,0],"9":[0,0],"10":[0,0],"11":[0,0],"12":[0,0],"13":[0,0],"14":[0,0],"15":[1,3],"16":[4,3],"17":[2,1],"18":[1,1],"19":[2,1],"20":[2,0],"21":[1,2],"22":[1,0]},"_coverageSchema":"1a1c01bbd47fc00a2c39e90264f33305004495a9","hash":"cae979394e490dc43791f349e3fb03aec89ded7a"}
,"D:\\01-Programming\\quran-association-manager\\tests\\mocks\\bcryptjs.js": {"path":"D:\\01-Programming\\quran-association-manager\\tests\\mocks\\bcryptjs.js","statementMap":{"0":{"start":{"line":1,"column":0},"end":{"line":6,"column":2}},"1":{"start":{"line":2,"column":30},"end":{"line":2,"column":46}}},"fnMap":{"0":{"name":"(anonymous_0)","decl":{"start":{"line":2,"column":20},"end":{"line":2,"column":21}},"loc":{"start":{"line":2,"column":30},"end":{"line":2,"column":46}},"line":2}},"branchMap":{},"s":{"0":4,"1":0},"f":{"0":0},"b":{},"_coverageSchema":"1a1c01bbd47fc00a2c39e90264f33305004495a9","hash":"98d711678872598167f2d993d290d889b003ae10"}
,"D:\\01-Programming\\quran-association-manager\\tests\\mocks\\db.js": {"path":"D:\\01-Programming\\quran-association-manager\\tests\\mocks\\db.js","statementMap":{"0":{"start":{"line":2,"column":16},"end":{"line":2,"column":44}},"1":{"start":{"line":4,"column":11},"end":{"line":4,"column":20}},"2":{"start":{"line":5,"column":13},"end":{"line":5,"column":18}},"3":{"start":{"line":7,"column":0},"end":{"line":27,"column":2}},"4":{"start":{"line":9,"column":8},"end":{"line":9,"column":22}},"5":{"start":{"line":10,"column":8},"end":{"line":10,"column":33}},"6":{"start":{"line":13,"column":8},"end":{"line":13,"column":22}},"7":{"start":{"line":14,"column":8},"end":{"line":14,"column":35}},"8":{"start":{"line":17,"column":8},"end":{"line":17,"column":23}},"9":{"start":{"line":18,"column":8},"end":{"line":18,"column":33}},"10":{"start":{"line":20,"column":20},"end":{"line":20,"column":26}},"11":{"start":{"line":21,"column":20},"end":{"line":21,"column":37}},"12":{"start":{"line":22,"column":20},"end":{"line":22,"column":39}},"13":{"start":{"line":23,"column":20},"end":{"line":23,"column":58}},"14":{"start":{"line":24,"column":18},"end":{"line":24,"column":35}},"15":{"start":{"line":25,"column":17},"end":{"line":25,"column":19}},"16":{"start":{"line":26,"column":19},"end":{"line":26,"column":36}}},"fnMap":{"0":{"name":"(anonymous_0)","decl":{"start":{"line":8,"column":24},"end":{"line":8,"column":25}},"loc":{"start":{"line":8,"column":30},"end":{"line":11,"column":5}},"line":8},"1":{"name":"(anonymous_1)","decl":{"start":{"line":12,"column":28},"end":{"line":12,"column":29}},"loc":{"start":{"line":12,"column":34},"end":{"line":15,"column":5}},"line":12},"2":{"name":"(anonymous_2)","decl":{"start":{"line":16,"column":19},"end":{"line":16,"column":20}},"loc":{"start":{"line":16,"column":25},"end":{"line":19,"column":5}},"line":16},"3":{"name":"(anonymous_3)","decl":{"start":{"line":20,"column":14},"end":{"line":20,"column":15}},"loc":{"start":{"line":20,"column":20},"end":{"line":20,"column":26}},"line":20},"4":{"name":"(anonymous_4)","decl":{"start":{"line":21,"column":14},"end":{"line":21,"column":15}},"loc":{"start":{"line":21,"column":20},"end":{"line":21,"column":37}},"line":21},"5":{"name":"(anonymous_5)","decl":{"start":{"line":22,"column":14},"end":{"line":22,"column":15}},"loc":{"start":{"line":22,"column":20},"end":{"line":22,"column":39}},"line":22},"6":{"name":"(anonymous_6)","decl":{"start":{"line":23,"column":14},"end":{"line":23,"column":15}},"loc":{"start":{"line":23,"column":20},"end":{"line":23,"column":58}},"line":23},"7":{"name":"(anonymous_7)","decl":{"start":{"line":24,"column":12},"end":{"line":24,"column":13}},"loc":{"start":{"line":24,"column":18},"end":{"line":24,"column":35}},"line":24},"8":{"name":"(anonymous_8)","decl":{"start":{"line":25,"column":11},"end":{"line":25,"column":12}},"loc":{"start":{"line":25,"column":17},"end":{"line":25,"column":19}},"line":25},"9":{"name":"(anonymous_9)","decl":{"start":{"line":26,"column":13},"end":{"line":26,"column":14}},"loc":{"start":{"line":26,"column":19},"end":{"line":26,"column":36}},"line":26}},"branchMap":{},"s":{"0":9,"1":9,"2":9,"3":9,"4":1,"5":1,"6":1,"7":1,"8":1,"9":1,"10":2,"11":0,"12":0,"13":0,"14":0,"15":0,"16":1},"f":{"0":1,"1":1,"2":1,"3":2,"4":0,"5":0,"6":0,"7":0,"8":0,"9":1},"b":{},"_coverageSchema":"1a1c01bbd47fc00a2c39e90264f33305004495a9","hash":"754a304d343498ad7f637e08a310b89c6014e788"}
,"D:\\01-Programming\\quran-association-manager\\tests\\mocks\\electron-store.js": {"path":"D:\\01-Programming\\quran-association-manager\\tests\\mocks\\electron-store.js","statementMap":{"0":{"start":{"line":2,"column":18},"end":{"line":7,"column":1}},"1":{"start":{"line":11,"column":4},"end":{"line":11,"column":21}},"2":{"start":{"line":15,"column":0},"end":{"line":15,"column":23}}},"fnMap":{"0":{"name":"(anonymous_0)","decl":{"start":{"line":10,"column":2},"end":{"line":10,"column":3}},"loc":{"start":{"line":10,"column":16},"end":{"line":12,"column":3}},"line":10}},"branchMap":{},"s":{"0":8,"1":20,"2":8},"f":{"0":20},"b":{},"_coverageSchema":"1a1c01bbd47fc00a2c39e90264f33305004495a9","hash":"acecbba7af54255f1a51361adf707fff3dc992b3"}
,"D:\\01-Programming\\quran-association-manager\\tests\\mocks\\electron.js": {"path":"D:\\01-Programming\\quran-association-manager\\tests\\mocks\\electron.js","statementMap":{"0":{"start":{"line":1,"column":20},"end":{"line":20,"column":1}},"1":{"start":{"line":5,"column":4},"end":{"line":5,"column":48}},"2":{"start":{"line":8,"column":20},"end":{"line":8,"column":53}},"3":{"start":{"line":9,"column":4},"end":{"line":12,"column":5}},"4":{"start":{"line":11,"column":6},"end":{"line":11,"column":40}},"5":{"start":{"line":13,"column":4},"end":{"line":13,"column":70}},"6":{"start":{"line":17,"column":4},"end":{"line":17,"column":33}},"7":{"start":{"line":18,"column":4},"end":{"line":18,"column":35}},"8":{"start":{"line":22,"column":0},"end":{"line":48,"column":2}},"9":{"start":{"line":28,"column":32},"end":{"line":36,"column":3}}},"fnMap":{"0":{"name":"(anonymous_0)","decl":{"start":{"line":4,"column":18},"end":{"line":4,"column":19}},"loc":{"start":{"line":4,"column":41},"end":{"line":6,"column":3}},"line":4},"1":{"name":"(anonymous_1)","decl":{"start":{"line":7,"column":18},"end":{"line":7,"column":19}},"loc":{"start":{"line":7,"column":46},"end":{"line":14,"column":3}},"line":7},"2":{"name":"(anonymous_2)","decl":{"start":{"line":16,"column":17},"end":{"line":16,"column":18}},"loc":{"start":{"line":16,"column":23},"end":{"line":19,"column":3}},"line":16},"3":{"name":"(anonymous_3)","decl":{"start":{"line":28,"column":25},"end":{"line":28,"column":26}},"loc":{"start":{"line":28,"column":32},"end":{"line":36,"column":3}},"line":28}},"branchMap":{"0":{"loc":{"start":{"line":9,"column":4},"end":{"line":12,"column":5}},"type":"if","locations":[{"start":{"line":9,"column":4},"end":{"line":12,"column":5}},{"start":{},"end":{}}],"line":9}},"s":{"0":11,"1":14,"2":19,"3":19,"4":19,"5":0,"6":0,"7":0,"8":11,"9":0},"f":{"0":14,"1":19,"2":0,"3":0},"b":{"0":[19,0]},"_coverageSchema":"1a1c01bbd47fc00a2c39e90264f33305004495a9","hash":"f3fa82cd6fc34eefa0c1f794f08f03b1aeb170d7"}
,"D:\\01-Programming\\quran-association-manager\\tests\\mocks\\pizzip.js": {"path":"D:\\01-Programming\\quran-association-manager\\tests\\mocks\\pizzip.js","statementMap":{"0":{"start":{"line":1,"column":17},"end":{"line":1,"column":26}},"1":{"start":{"line":2,"column":21},"end":{"line":2,"column":54}},"2":{"start":{"line":2,"column":35},"end":{"line":2,"column":53}},"3":{"start":{"line":4,"column":24},"end":{"line":7,"column":1}},"4":{"start":{"line":9,"column":18},"end":{"line":9,"column":23}},"5":{"start":{"line":11,"column":15},"end":{"line":16,"column":2}},"6":{"start":{"line":12,"column":2},"end":{"line":14,"column":3}},"7":{"start":{"line":13,"column":4},"end":{"line":13,"column":40}},"8":{"start":{"line":15,"column":2},"end":{"line":15,"column":25}},"9":{"start":{"line":19,"column":0},"end":{"line":19,"column":38}},"10":{"start":{"line":20,"column":0},"end":{"line":22,"column":2}},"11":{"start":{"line":21,"column":2},"end":{"line":21,"column":20}},"12":{"start":{"line":25,"column":0},"end":{"line":32,"column":2}},"13":{"start":{"line":26,"column":2},"end":{"line":26,"column":22}},"14":{"start":{"line":27,"column":2},"end":{"line":27,"column":23}},"15":{"start":{"line":28,"column":2},"end":{"line":28,"column":27}},"16":{"start":{"line":30,"column":2},"end":{"line":30,"column":25}},"17":{"start":{"line":31,"column":2},"end":{"line":31,"column":27}},"18":{"start":{"line":34,"column":0},"end":{"line":34,"column":24}}},"fnMap":{"0":{"name":"(anonymous_0)","decl":{"start":{"line":2,"column":29},"end":{"line":2,"column":30}},"loc":{"start":{"line":2,"column":35},"end":{"line":2,"column":53}},"line":2},"1":{"name":"(anonymous_1)","decl":{"start":{"line":11,"column":23},"end":{"line":11,"column":24}},"loc":{"start":{"line":11,"column":29},"end":{"line":16,"column":1}},"line":11},"2":{"name":"(anonymous_2)","decl":{"start":{"line":20,"column":25},"end":{"line":20,"column":26}},"loc":{"start":{"line":20,"column":34},"end":{"line":22,"column":1}},"line":20},"3":{"name":"(anonymous_3)","decl":{"start":{"line":25,"column":19},"end":{"line":25,"column":20}},"loc":{"start":{"line":25,"column":25},"end":{"line":32,"column":1}},"line":25}},"branchMap":{"0":{"loc":{"start":{"line":12,"column":2},"end":{"line":14,"column":3}},"type":"if","locations":[{"start":{"line":12,"column":2},"end":{"line":14,"column":3}},{"start":{},"end":{}}],"line":12}},"s":{"0":7,"1":7,"2":2,"3":7,"4":7,"5":7,"6":2,"7":0,"8":2,"9":7,"10":7,"11":0,"12":7,"13":7,"14":7,"15":7,"16":7,"17":7,"18":7},"f":{"0":2,"1":2,"2":0,"3":7},"b":{"0":[0,2]},"_coverageSchema":"1a1c01bbd47fc00a2c39e90264f33305004495a9","hash":"bfd5edf1b5496ed7a3caf20f79478e7350f599f5"}
,"D:\\01-Programming\\quran-association-manager\\tests\\mocks\\sqlite3.js": {"path":"D:\\01-Programming\\quran-association-manager\\tests\\mocks\\sqlite3.js","statementMap":{"0":{"start":{"line":5,"column":16},"end":{"line":14,"column":1}},"1":{"start":{"line":6,"column":17},"end":{"line":6,"column":24}},"2":{"start":{"line":7,"column":27},"end":{"line":13,"column":3}},"3":{"start":{"line":16,"column":0},"end":{"line":16,"column":25}}},"fnMap":{"0":{"name":"(anonymous_0)","decl":{"start":{"line":6,"column":11},"end":{"line":6,"column":12}},"loc":{"start":{"line":6,"column":17},"end":{"line":6,"column":24}},"line":6},"1":{"name":"(anonymous_1)","decl":{"start":{"line":7,"column":20},"end":{"line":7,"column":21}},"loc":{"start":{"line":7,"column":27},"end":{"line":13,"column":3}},"line":7}},"branchMap":{},"s":{"0":9,"1":0,"2":9,"3":9},"f":{"0":0,"1":9},"b":{},"_coverageSchema":"1a1c01bbd47fc00a2c39e90264f33305004495a9","hash":"419e4ae72724f4e5fa0c2aa7e91d0fb4b06ff88b"}
}
