TN:
SF:src\main\backupManager.js
FN:16,generateSqlReplaceStatements
FN:29,(anonymous_1)
FN:34,(anonymous_2)
FN:55,(anonymous_3)
FN:114,(anonymous_4)
FN:140,(anonymous_5)
FN:152,(anonymous_6)
FN:168,(anonymous_7)
FNF:8
FNH:5
FNDA:3,generateSqlReplaceStatements
FNDA:2,(anonymous_1)
FNDA:2,(anonymous_2)
FNDA:3,(anonymous_3)
FNDA:4,(anonymous_4)
FNDA:0,(anonymous_5)
FNDA:0,(anonymous_6)
FNDA:0,(anonymous_7)
DA:1,7
DA:2,7
DA:3,7
DA:4,7
DA:5,7
DA:6,7
DA:8,7
DA:17,3
DA:19,3
DA:23,2
DA:24,1
DA:25,1
DA:26,1
DA:28,1
DA:29,2
DA:32,1
DA:33,1
DA:35,2
DA:36,2
DA:37,1
DA:38,1
DA:42,1
DA:45,2
DA:55,7
DA:56,3
DA:58,3
DA:60,3
DA:61,3
DA:64,3
DA:65,3
DA:66,2
DA:69,2
DA:72,2
DA:75,2
DA:76,2
DA:77,2
DA:79,2
DA:85,2
DA:87,2
DA:88,2
DA:93,2
DA:94,2
DA:96,1
DA:97,1
DA:102,1
DA:103,1
DA:107,7
DA:114,7
DA:115,4
DA:116,4
DA:117,1
DA:120,3
DA:121,3
DA:122,3
DA:124,3
DA:126,2
DA:128,1
DA:130,0
DA:132,0
DA:140,7
DA:141,0
DA:143,0
DA:144,0
DA:145,0
DA:148,0
DA:151,0
DA:156,0
DA:157,0
DA:158,0
DA:168,7
DA:169,0
DA:170,0
DA:171,0
DA:172,0
DA:176,7
LF:75
LH:60
BRDA:26,0,0,0
BRDA:26,0,1,1
BRDA:35,1,0,0
BRDA:35,1,1,2
BRDA:36,2,0,1
BRDA:36,2,1,1
BRDA:37,3,0,0
BRDA:37,3,1,1
BRDA:116,4,0,1
BRDA:116,4,1,3
BRDA:124,5,0,2
BRDA:124,5,1,1
BRDA:124,5,2,0
BRDA:124,5,3,0
BRDA:143,6,0,0
BRDA:143,6,1,0
BRDA:156,7,0,0
BRDA:156,7,1,0
BRDA:156,8,0,0
BRDA:156,8,1,0
BRDA:169,9,0,0
BRDA:169,9,1,0
BRF:22
BRH:9
end_of_record
TN:
SF:src\main\exportManager.js
FN:19,getExportHeaderData
FN:44,fetchFinancialData
FN:61,fetchExportData
FN:142,(anonymous_3)
FN:170,localizeData
FN:197,(anonymous_5)
FN:210,generatePdf
FN:217,(anonymous_7)
FN:219,(anonymous_8)
FN:220,(anonymous_9)
FN:225,(anonymous_10)
FN:331,generateXlsx
FN:338,(anonymous_12)
FN:375,generateFinancialXlsx
FN:420,(anonymous_14)
FN:442,generateDocx
FN:484,(anonymous_16)
FN:500,(anonymous_17)
FN:507,(anonymous_18)
FN:512,(anonymous_19)
FN:530,(anonymous_20)
FN:538,(anonymous_21)
FN:591,(anonymous_22)
FN:619,(anonymous_23)
FN:687,generateExcelTemplate
FN:1010,(anonymous_25)
FN:1043,(anonymous_26)
FN:1067,generateDevExcelTemplate
FN:1256,(anonymous_28)
FN:1257,(anonymous_29)
FNF:30
FNH:10
FNDA:0,getExportHeaderData
FNDA:1,fetchFinancialData
FNDA:0,fetchExportData
FNDA:0,(anonymous_3)
FNDA:2,localizeData
FNDA:2,(anonymous_5)
FNDA:2,generatePdf
FNDA:9,(anonymous_7)
FNDA:2,(anonymous_8)
FNDA:9,(anonymous_9)
FNDA:4,(anonymous_10)
FNDA:0,generateXlsx
FNDA:0,(anonymous_12)
FNDA:1,generateFinancialXlsx
FNDA:1,(anonymous_14)
FNDA:0,generateDocx
FNDA:0,(anonymous_16)
FNDA:0,(anonymous_17)
FNDA:0,(anonymous_18)
FNDA:0,(anonymous_19)
FNDA:0,(anonymous_20)
FNDA:0,(anonymous_21)
FNDA:0,(anonymous_22)
FNDA:0,(anonymous_23)
FNDA:0,generateExcelTemplate
FNDA:0,(anonymous_25)
FNDA:0,(anonymous_26)
FNDA:0,generateDevExcelTemplate
FNDA:0,(anonymous_28)
FNDA:0,(anonymous_29)
DA:1,3
DA:2,3
DA:3,3
DA:4,3
DA:5,3
DA:6,3
DA:7,3
DA:8,3
DA:16,3
DA:26,0
DA:34,0
DA:47,1
DA:49,1
DA:57,1
DA:58,1
DA:62,0
DA:63,0
DA:65,0
DA:66,0
DA:67,0
DA:68,0
DA:70,0
DA:72,0
DA:73,0
DA:75,0
DA:77,0
DA:78,0
DA:80,0
DA:81,0
DA:82,0
DA:83,0
DA:84,0
DA:85,0
DA:86,0
DA:87,0
DA:88,0
DA:89,0
DA:90,0
DA:91,0
DA:92,0
DA:93,0
DA:96,0
DA:97,0
DA:98,0
DA:99,0
DA:100,0
DA:101,0
DA:102,0
DA:103,0
DA:104,0
DA:105,0
DA:106,0
DA:107,0
DA:108,0
DA:109,0
DA:113,0
DA:114,0
DA:115,0
DA:118,0
DA:119,0
DA:120,0
DA:121,0
DA:122,0
DA:123,0
DA:124,0
DA:125,0
DA:128,0
DA:129,0
DA:132,0
DA:133,0
DA:135,0
DA:141,0
DA:142,0
DA:145,0
DA:146,0
DA:148,0
DA:152,0
DA:153,0
DA:155,0
DA:156,0
DA:157,0
DA:160,0
DA:161,0
DA:164,0
DA:166,0
DA:171,2
DA:179,2
DA:184,2
DA:190,2
DA:197,2
DA:198,2
DA:199,2
DA:200,2
DA:201,2
DA:202,0
DA:203,2
DA:204,0
DA:205,2
DA:211,2
DA:212,2
DA:217,9
DA:218,2
DA:220,9
DA:221,2
DA:225,2
DA:226,4
DA:227,0
DA:228,0
DA:229,0
DA:230,0
DA:233,0
DA:234,0
DA:235,0
DA:239,0
DA:240,0
DA:241,0
DA:244,0
DA:247,0
DA:248,0
DA:249,0
DA:250,0
DA:251,0
DA:252,0
DA:253,0
DA:255,0
DA:256,0
DA:259,0
DA:262,0
DA:265,2
DA:271,2
DA:272,2
DA:274,2
DA:279,2
DA:285,2
DA:296,2
DA:297,16
DA:303,2
DA:304,2
DA:306,2
DA:311,2
DA:312,2
DA:314,2
DA:315,2
DA:321,2
DA:323,2
DA:324,2
DA:325,2
DA:332,0
DA:333,0
DA:334,0
DA:335,0
DA:338,0
DA:340,0
DA:342,0
DA:346,0
DA:353,0
DA:354,0
DA:356,0
DA:357,0
DA:358,0
DA:359,0
DA:360,0
DA:361,0
DA:362,0
DA:370,0
DA:372,0
DA:376,1
DA:379,1
DA:380,1
DA:381,1
DA:382,1
DA:383,1
DA:384,1
DA:387,1
DA:388,1
DA:389,1
DA:396,1
DA:399,1
DA:400,1
DA:401,1
DA:407,1
DA:410,1
DA:411,1
DA:412,1
DA:419,1
DA:420,1
DA:427,1
DA:428,1
DA:429,1
DA:436,1
DA:438,1
DA:458,0
DA:459,0
DA:461,0
DA:467,0
DA:468,0
DA:470,0
DA:475,0
DA:481,0
DA:485,0
DA:499,0
DA:501,0
DA:508,0
DA:514,0
DA:516,0
DA:526,0
DA:530,0
DA:538,0
DA:539,0
DA:541,0
DA:542,0
DA:543,0
DA:544,0
DA:547,0
DA:548,0
DA:549,0
DA:554,0
DA:555,0
DA:557,0
DA:560,0
DA:563,0
DA:564,0
DA:565,0
DA:566,0
DA:567,0
DA:569,0
DA:570,0
DA:571,0
DA:572,0
DA:576,0
DA:579,0
DA:582,0
DA:583,0
DA:585,0
DA:592,0
DA:593,0
DA:596,0
DA:597,0
DA:620,0
DA:621,0
DA:622,0
DA:623,0
DA:642,0
DA:673,0
DA:674,0
DA:675,0
DA:676,0
DA:678,0
DA:681,0
DA:682,0
DA:688,0
DA:690,0
DA:692,0
DA:998,0
DA:999,0
DA:1002,0
DA:1003,0
DA:1004,0
DA:1007,0
DA:1010,0
DA:1011,0
DA:1015,0
DA:1018,0
DA:1021,0
DA:1022,0
DA:1023,0
DA:1024,0
DA:1025,0
DA:1028,0
DA:1029,0
DA:1034,0
DA:1035,0
DA:1036,0
DA:1037,0
DA:1040,0
DA:1041,0
DA:1043,0
DA:1044,0
DA:1045,0
DA:1046,0
DA:1056,0
DA:1057,0
DA:1058,0
DA:1059,0
DA:1061,0
DA:1062,0
DA:1068,0
DA:1070,0
DA:1073,0
DA:1108,0
DA:1127,0
DA:1145,0
DA:1169,0
DA:1175,0
DA:1180,0
DA:1195,0
DA:1210,0
DA:1231,0
DA:1236,0
DA:1255,0
DA:1256,0
DA:1257,0
DA:1258,0
DA:1259,0
DA:1262,0
DA:1276,0
DA:1277,0
DA:1278,0
DA:1279,0
DA:1280,0
DA:1281,0
DA:1282,0
DA:1283,0
DA:1284,0
DA:1285,0
DA:1288,0
DA:1291,3
LF:317
LH:77
BRDA:47,0,0,0
BRDA:47,0,1,1
BRDA:61,1,0,0
BRDA:62,2,0,0
BRDA:62,2,1,0
BRDA:62,3,0,0
BRDA:62,3,1,0
BRDA:70,4,0,0
BRDA:70,4,1,0
BRDA:70,4,2,0
BRDA:70,4,3,0
BRDA:70,4,4,0
BRDA:75,5,0,0
BRDA:75,5,1,0
BRDA:80,6,0,0
BRDA:80,6,1,0
BRDA:81,7,0,0
BRDA:81,7,1,0
BRDA:86,8,0,0
BRDA:86,8,1,0
BRDA:91,9,0,0
BRDA:91,9,1,0
BRDA:96,10,0,0
BRDA:96,10,1,0
BRDA:97,11,0,0
BRDA:97,11,1,0
BRDA:102,12,0,0
BRDA:102,12,1,0
BRDA:107,13,0,0
BRDA:107,13,1,0
BRDA:113,14,0,0
BRDA:113,14,1,0
BRDA:119,15,0,0
BRDA:119,15,1,0
BRDA:120,16,0,0
BRDA:120,16,1,0
BRDA:123,17,0,0
BRDA:123,17,1,0
BRDA:145,18,0,0
BRDA:145,18,1,0
BRDA:155,19,0,0
BRDA:155,19,1,0
BRDA:155,20,0,0
BRDA:155,20,1,0
BRDA:199,21,0,0
BRDA:199,21,1,2
BRDA:199,22,0,2
BRDA:199,22,1,0
BRDA:200,23,0,0
BRDA:200,23,1,2
BRDA:200,24,0,2
BRDA:200,24,1,0
BRDA:201,25,0,0
BRDA:201,25,1,2
BRDA:201,26,0,2
BRDA:201,26,1,0
BRDA:203,27,0,0
BRDA:203,27,1,2
BRDA:203,28,0,2
BRDA:203,28,1,0
BRDA:220,29,0,9
BRDA:220,29,1,7
BRDA:226,30,0,4
BRDA:226,30,1,0
BRDA:229,31,0,0
BRDA:229,31,1,0
BRDA:248,32,0,0
BRDA:248,32,1,0
BRDA:250,33,0,0
BRDA:250,33,1,0
BRDA:252,34,0,0
BRDA:252,34,1,0
BRDA:252,35,0,0
BRDA:252,35,1,0
BRDA:255,36,0,0
BRDA:255,36,1,0
BRDA:255,37,0,0
BRDA:255,37,1,0
BRDA:272,38,0,2
BRDA:272,38,1,2
BRDA:290,39,0,2
BRDA:290,39,1,0
BRDA:291,40,0,2
BRDA:291,40,1,2
BRDA:291,40,2,2
BRDA:324,41,0,2
BRDA:324,41,1,0
BRDA:353,42,0,0
BRDA:353,42,1,0
BRDA:353,42,2,0
BRDA:353,42,3,0
BRDA:354,43,0,0
BRDA:354,43,1,0
BRDA:422,44,0,1
BRDA:422,44,1,0
BRDA:468,45,0,0
BRDA:468,45,1,0
BRDA:514,46,0,0
BRDA:514,46,1,0
BRDA:514,47,0,0
BRDA:514,47,1,0
BRDA:539,48,0,0
BRDA:539,48,1,0
BRDA:543,49,0,0
BRDA:543,49,1,0
BRDA:564,50,0,0
BRDA:564,50,1,0
BRDA:566,51,0,0
BRDA:566,51,1,0
BRDA:569,52,0,0
BRDA:569,52,1,0
BRDA:571,53,0,0
BRDA:571,53,1,0
BRDA:571,54,0,0
BRDA:571,54,1,0
BRDA:593,55,0,0
BRDA:593,55,1,0
BRDA:605,56,0,0
BRDA:605,56,1,0
BRDA:610,57,0,0
BRDA:610,57,1,0
BRDA:610,57,2,0
BRDA:621,58,0,0
BRDA:621,58,1,0
BRDA:648,59,0,0
BRDA:648,59,1,0
BRDA:675,60,0,0
BRDA:675,60,1,0
BRDA:675,61,0,0
BRDA:675,61,1,0
BRDA:681,62,0,0
BRDA:681,62,1,0
BRDA:681,63,0,0
BRDA:681,63,1,0
BRDA:687,64,0,0
BRDA:998,65,0,0
BRDA:998,65,1,0
BRDA:1010,66,0,0
BRDA:1010,66,1,0
BRDA:1028,67,0,0
BRDA:1028,67,1,0
BRDA:1044,68,0,0
BRDA:1044,68,1,0
BRDA:1061,69,0,0
BRDA:1061,69,1,0
BRDA:1258,70,0,0
BRDA:1258,70,1,0
BRF:147
BRH:20
end_of_record
TN:
SF:src\main\financialHandlers.js
FN:7,createHandler
FN:8,(anonymous_1)
FN:20,handleGetExpenses
FN:30,handleAddExpense
FN:42,handleUpdateExpense
FN:48,handleDeleteExpense
FN:54,handleGetDonations
FN:64,handleAddDonation
FN:88,handleUpdateDonation
FN:114,handleDeleteDonation
FN:120,handleGetInventoryItems
FN:125,handleCheckItemUniqueness
FN:140,handleAddInventoryItem
FN:179,handleUpdateInventoryItem
FN:219,handleDeleteInventoryItem
FN:225,handleGetSalaries
FN:251,handleAddSalary
FN:272,handleUpdateSalary
FN:293,handleDeleteSalary
FN:299,handleGetPayments
FN:313,handleAddPayment
FN:322,handleUpdatePayment
FN:331,handleDeletePayment
FN:337,handleGetStatementOfActivities
FN:400,handleGetMonthlySnapshot
FN:447,handleGetFinancialSummary
FN:467,(anonymous_26)
FN:487,registerFinancialHandlers
FNF:28
FNH:6
FNDA:0,createHandler
FNDA:0,(anonymous_1)
FNDA:2,handleGetExpenses
FNDA:0,handleAddExpense
FNDA:0,handleUpdateExpense
FNDA:0,handleDeleteExpense
FNDA:0,handleGetDonations
FNDA:2,handleAddDonation
FNDA:0,handleUpdateDonation
FNDA:0,handleDeleteDonation
FNDA:0,handleGetInventoryItems
FNDA:0,handleCheckItemUniqueness
FNDA:0,handleAddInventoryItem
FNDA:0,handleUpdateInventoryItem
FNDA:0,handleDeleteInventoryItem
FNDA:1,handleGetSalaries
FNDA:0,handleAddSalary
FNDA:0,handleUpdateSalary
FNDA:0,handleDeleteSalary
FNDA:1,handleGetPayments
FNDA:0,handleAddPayment
FNDA:0,handleUpdatePayment
FNDA:0,handleDeletePayment
FNDA:0,handleGetStatementOfActivities
FNDA:0,handleGetMonthlySnapshot
FNDA:1,handleGetFinancialSummary
FNDA:2,(anonymous_26)
FNDA:0,registerFinancialHandlers
DA:1,4
DA:2,4
DA:3,4
DA:4,4
DA:8,0
DA:9,0
DA:10,0
DA:12,0
DA:14,0
DA:21,2
DA:22,2
DA:23,2
DA:24,1
DA:25,1
DA:27,2
DA:28,2
DA:31,0
DA:32,0
DA:33,0
DA:40,0
DA:43,0
DA:44,0
DA:45,0
DA:46,0
DA:49,0
DA:50,0
DA:55,0
DA:56,0
DA:57,0
DA:58,0
DA:59,0
DA:61,0
DA:62,0
DA:74,2
DA:75,2
DA:76,2
DA:86,2
DA:99,0
DA:100,0
DA:101,0
DA:112,0
DA:115,0
DA:116,0
DA:121,0
DA:122,0
DA:126,0
DA:127,0
DA:129,0
DA:130,0
DA:131,0
DA:134,0
DA:137,0
DA:151,0
DA:153,0
DA:154,0
DA:156,0
DA:162,0
DA:176,0
DA:191,0
DA:193,0
DA:195,0
DA:202,0
DA:216,0
DA:220,0
DA:221,0
DA:226,1
DA:243,1
DA:244,1
DA:245,0
DA:246,0
DA:248,1
DA:249,1
DA:252,0
DA:253,0
DA:254,0
DA:255,0
DA:270,0
DA:273,0
DA:274,0
DA:275,0
DA:276,0
DA:291,0
DA:294,0
DA:295,0
DA:300,1
DA:305,1
DA:306,1
DA:307,0
DA:308,0
DA:310,1
DA:311,1
DA:314,0
DA:315,0
DA:316,0
DA:317,0
DA:323,0
DA:324,0
DA:325,0
DA:326,0
DA:332,0
DA:333,0
DA:340,0
DA:341,0
DA:342,0
DA:344,0
DA:345,0
DA:347,0
DA:351,0
DA:352,0
DA:353,0
DA:354,0
DA:357,0
DA:383,0
DA:391,0
DA:403,0
DA:404,0
DA:405,0
DA:407,0
DA:408,0
DA:410,0
DA:413,0
DA:414,0
DA:415,0
DA:416,0
DA:417,0
DA:418,0
DA:427,0
DA:436,0
DA:437,0
DA:439,0
DA:448,1
DA:450,1
DA:451,1
DA:453,1
DA:458,1
DA:459,1
DA:461,1
DA:467,2
DA:468,1
DA:470,1
DA:488,0
DA:489,0
DA:490,0
DA:491,0
DA:493,0
DA:494,0
DA:495,0
DA:496,0
DA:498,0
DA:499,0
DA:500,0
DA:501,0
DA:502,0
DA:504,0
DA:505,0
DA:506,0
DA:507,0
DA:509,0
DA:510,0
DA:511,0
DA:512,0
DA:514,0
DA:515,0
DA:516,0
DA:521,4
LF:165
LH:36
BRDA:14,0,0,0
BRDA:14,0,1,0
BRDA:23,1,0,1
BRDA:23,1,1,1
BRDA:23,2,0,2
BRDA:23,2,1,1
BRDA:23,2,2,1
BRDA:57,3,0,0
BRDA:57,3,1,0
BRDA:57,4,0,0
BRDA:57,4,1,0
BRDA:57,4,2,0
BRDA:129,5,0,0
BRDA:129,5,1,0
BRDA:154,6,0,0
BRDA:154,6,1,0
BRDA:154,7,0,0
BRDA:154,7,1,0
BRDA:193,8,0,0
BRDA:193,8,1,0
BRDA:193,9,0,0
BRDA:193,9,1,0
BRDA:244,10,0,0
BRDA:244,10,1,1
BRDA:244,11,0,1
BRDA:244,11,1,0
BRDA:244,11,2,0
BRDA:306,12,0,0
BRDA:306,12,1,1
BRDA:306,13,0,1
BRDA:306,13,1,0
BRDA:306,13,2,0
BRDA:340,14,0,0
BRDA:340,14,1,0
BRDA:340,15,0,0
BRDA:340,15,1,0
BRDA:340,15,2,0
BRDA:392,16,0,0
BRDA:392,16,1,0
BRDA:393,17,0,0
BRDA:393,17,1,0
BRDA:394,18,0,0
BRDA:394,18,1,0
BRDA:403,19,0,0
BRDA:403,19,1,0
BRDA:403,20,0,0
BRDA:403,20,1,0
BRDA:403,20,2,0
BRDA:436,21,0,0
BRDA:436,21,1,0
BRDA:436,22,0,0
BRDA:436,22,1,0
BRDA:437,23,0,0
BRDA:437,23,1,0
BRDA:437,24,0,0
BRDA:437,24,1,0
BRDA:442,25,0,0
BRDA:442,25,1,0
BRDA:443,26,0,0
BRDA:443,26,1,0
BRDA:448,27,0,1
BRDA:448,27,1,0
BRDA:467,28,0,2
BRDA:467,28,1,0
BRDA:468,29,0,1
BRDA:468,29,1,0
BRDA:468,30,0,1
BRDA:468,30,1,0
BRF:68
BRH:13
end_of_record
TN:
SF:src\main\importManager.js
FN:24,validateDatabaseFile
FN:40,unlinkWithRetry
FN:51,(anonymous_2)
FN:60,replaceDatabase
FN:126,(anonymous_4)
FN:128,(anonymous_5)
FN:136,importExcelData
FN:171,(anonymous_7)
FN:204,(anonymous_8)
FN:220,(anonymous_9)
FN:235,(anonymous_10)
FN:236,(anonymous_11)
FN:253,(anonymous_12)
FN:255,(anonymous_13)
FN:256,(anonymous_14)
FN:262,(anonymous_15)
FN:274,(anonymous_16)
FN:289,(anonymous_17)
FN:290,(anonymous_18)
FN:306,(anonymous_19)
FN:308,(anonymous_20)
FN:309,(anonymous_21)
FN:315,processUserRow
FN:339,(anonymous_23)
FN:352,(anonymous_24)
FN:353,(anonymous_25)
FN:372,(anonymous_26)
FN:374,(anonymous_27)
FN:375,(anonymous_28)
FN:381,processClassRow
FN:403,(anonymous_30)
FN:404,(anonymous_31)
FN:405,(anonymous_32)
FN:410,processPaymentRow
FN:429,(anonymous_34)
FN:430,(anonymous_35)
FN:431,(anonymous_36)
FN:436,processSalaryRow
FN:478,(anonymous_38)
FN:479,(anonymous_39)
FN:480,(anonymous_40)
FN:485,processDonationRow
FN:503,(anonymous_42)
FN:504,(anonymous_43)
FN:505,(anonymous_44)
FN:510,processExpenseRow
FN:520,(anonymous_46)
FN:521,(anonymous_47)
FN:522,(anonymous_48)
FN:527,(anonymous_49)
FN:549,(anonymous_50)
FN:550,(anonymous_51)
FN:551,(anonymous_52)
FN:556,processGroupRow
FN:567,(anonymous_54)
FN:568,(anonymous_55)
FN:569,(anonymous_56)
FN:574,processInventoryRow
FN:595,(anonymous_58)
FN:597,(anonymous_59)
FN:598,(anonymous_60)
FN:617,(anonymous_61)
FN:630,(anonymous_62)
FN:639,(anonymous_63)
FNF:64
FNH:0
FNDA:0,validateDatabaseFile
FNDA:0,unlinkWithRetry
FNDA:0,(anonymous_2)
FNDA:0,replaceDatabase
FNDA:0,(anonymous_4)
FNDA:0,(anonymous_5)
FNDA:0,importExcelData
FNDA:0,(anonymous_7)
FNDA:0,(anonymous_8)
FNDA:0,(anonymous_9)
FNDA:0,(anonymous_10)
FNDA:0,(anonymous_11)
FNDA:0,(anonymous_12)
FNDA:0,(anonymous_13)
FNDA:0,(anonymous_14)
FNDA:0,(anonymous_15)
FNDA:0,(anonymous_16)
FNDA:0,(anonymous_17)
FNDA:0,(anonymous_18)
FNDA:0,(anonymous_19)
FNDA:0,(anonymous_20)
FNDA:0,(anonymous_21)
FNDA:0,processUserRow
FNDA:0,(anonymous_23)
FNDA:0,(anonymous_24)
FNDA:0,(anonymous_25)
FNDA:0,(anonymous_26)
FNDA:0,(anonymous_27)
FNDA:0,(anonymous_28)
FNDA:0,processClassRow
FNDA:0,(anonymous_30)
FNDA:0,(anonymous_31)
FNDA:0,(anonymous_32)
FNDA:0,processPaymentRow
FNDA:0,(anonymous_34)
FNDA:0,(anonymous_35)
FNDA:0,(anonymous_36)
FNDA:0,processSalaryRow
FNDA:0,(anonymous_38)
FNDA:0,(anonymous_39)
FNDA:0,(anonymous_40)
FNDA:0,processDonationRow
FNDA:0,(anonymous_42)
FNDA:0,(anonymous_43)
FNDA:0,(anonymous_44)
FNDA:0,processExpenseRow
FNDA:0,(anonymous_46)
FNDA:0,(anonymous_47)
FNDA:0,(anonymous_48)
FNDA:0,(anonymous_49)
FNDA:0,(anonymous_50)
FNDA:0,(anonymous_51)
FNDA:0,(anonymous_52)
FNDA:0,processGroupRow
FNDA:0,(anonymous_54)
FNDA:0,(anonymous_55)
FNDA:0,(anonymous_56)
FNDA:0,processInventoryRow
FNDA:0,(anonymous_58)
FNDA:0,(anonymous_59)
FNDA:0,(anonymous_60)
FNDA:0,(anonymous_61)
FNDA:0,(anonymous_62)
FNDA:0,(anonymous_63)
DA:1,2
DA:2,2
DA:3,2
DA:4,2
DA:5,2
DA:6,2
DA:7,2
DA:17,2
DA:18,2
DA:19,2
DA:20,2
DA:22,2
DA:25,0
DA:26,0
DA:27,0
DA:28,0
DA:29,0
DA:30,0
DA:31,0
DA:33,0
DA:35,0
DA:36,0
DA:41,0
DA:42,0
DA:43,0
DA:44,0
DA:45,0
DA:47,0
DA:48,0
DA:51,0
DA:53,0
DA:54,0
DA:61,0
DA:62,0
DA:63,0
DA:64,0
DA:66,0
DA:67,0
DA:68,0
DA:69,0
DA:71,0
DA:72,0
DA:75,0
DA:76,0
DA:78,0
DA:79,0
DA:80,0
DA:81,0
DA:82,0
DA:83,0
DA:85,0
DA:86,0
DA:88,0
DA:89,0
DA:90,0
DA:92,0
DA:93,0
DA:94,0
DA:95,0
DA:96,0
DA:97,0
DA:98,0
DA:99,0
DA:100,0
DA:101,0
DA:102,0
DA:107,0
DA:108,0
DA:112,2
DA:126,2
DA:127,0
DA:128,0
DA:129,0
DA:130,0
DA:133,0
DA:137,0
DA:138,0
DA:139,0
DA:141,0
DA:155,0
DA:157,0
DA:158,0
DA:159,0
DA:161,0
DA:162,0
DA:163,0
DA:164,0
DA:167,0
DA:168,0
DA:170,0
DA:171,0
DA:174,0
DA:175,0
DA:178,0
DA:179,0
DA:182,0
DA:183,0
DA:184,0
DA:185,0
DA:186,0
DA:187,0
DA:188,0
DA:189,0
DA:191,0
DA:192,0
DA:195,0
DA:196,0
DA:201,0
DA:204,2
DA:205,0
DA:207,0
DA:218,0
DA:220,0
DA:222,0
DA:224,0
DA:227,0
DA:228,0
DA:231,0
DA:232,0
DA:235,0
DA:236,0
DA:237,0
DA:238,0
DA:241,0
DA:245,0
DA:246,0
DA:249,0
DA:250,0
DA:252,0
DA:253,0
DA:255,0
DA:256,0
DA:258,0
DA:259,0
DA:262,2
DA:263,0
DA:265,0
DA:272,0
DA:274,0
DA:276,0
DA:278,0
DA:281,0
DA:282,0
DA:285,0
DA:286,0
DA:289,0
DA:290,0
DA:291,0
DA:292,0
DA:295,0
DA:298,0
DA:299,0
DA:302,0
DA:303,0
DA:305,0
DA:306,0
DA:308,0
DA:309,0
DA:311,0
DA:312,0
DA:316,0
DA:318,0
DA:326,0
DA:333,0
DA:339,0
DA:341,0
DA:343,0
DA:344,0
DA:345,0
DA:348,0
DA:349,0
DA:352,0
DA:353,0
DA:354,0
DA:355,0
DA:358,0
DA:359,0
DA:360,0
DA:363,0
DA:364,0
DA:365,0
DA:371,0
DA:372,0
DA:374,0
DA:375,0
DA:377,0
DA:378,0
DA:382,0
DA:383,0
DA:384,0
DA:385,0
DA:386,0
DA:391,0
DA:402,0
DA:403,0
DA:404,0
DA:405,0
DA:406,0
DA:407,0
DA:411,0
DA:412,0
DA:413,0
DA:414,0
DA:415,0
DA:420,0
DA:427,0
DA:428,0
DA:429,0
DA:430,0
DA:431,0
DA:432,0
DA:433,0
DA:437,0
DA:438,0
DA:440,0
DA:441,0
DA:444,0
DA:447,0
DA:448,0
DA:449,0
DA:452,0
DA:453,0
DA:454,0
DA:455,0
DA:459,0
DA:460,0
DA:466,0
DA:474,0
DA:475,0
DA:478,0
DA:479,0
DA:480,0
DA:481,0
DA:482,0
DA:486,0
DA:487,0
DA:489,0
DA:497,0
DA:498,0
DA:499,0
DA:500,0
DA:501,0
DA:502,0
DA:503,0
DA:504,0
DA:505,0
DA:506,0
DA:507,0
DA:511,0
DA:518,0
DA:519,0
DA:520,0
DA:521,0
DA:522,0
DA:523,0
DA:524,0
DA:527,2
DA:528,0
DA:529,0
DA:530,0
DA:531,0
DA:533,0
DA:534,0
DA:535,0
DA:540,0
DA:541,0
DA:542,0
DA:548,0
DA:549,0
DA:550,0
DA:551,0
DA:552,0
DA:553,0
DA:557,0
DA:563,0
DA:564,0
DA:567,0
DA:568,0
DA:569,0
DA:570,0
DA:571,0
DA:575,0
DA:587,0
DA:588,0
DA:591,0
DA:592,0
DA:594,0
DA:595,0
DA:597,0
DA:598,0
DA:599,0
DA:603,0
DA:606,2
DA:607,2
DA:608,2
DA:616,2
DA:617,2
DA:618,0
DA:619,0
DA:620,0
DA:621,0
DA:623,0
DA:624,0
DA:626,0
DA:629,2
DA:630,2
DA:631,0
DA:632,0
DA:633,0
DA:635,0
DA:638,2
DA:639,2
DA:640,0
DA:641,0
DA:642,0
DA:644,0
DA:647,2
LF:317
LH:27
BRDA:30,0,0,0
BRDA:30,0,1,0
BRDA:30,1,0,0
BRDA:30,1,1,0
BRDA:40,2,0,0
BRDA:40,3,0,0
BRDA:47,4,0,0
BRDA:47,4,1,0
BRDA:47,5,0,0
BRDA:47,5,1,0
BRDA:63,6,0,0
BRDA:63,6,1,0
BRDA:71,7,0,0
BRDA:71,7,1,0
BRDA:75,8,0,0
BRDA:75,8,1,0
BRDA:75,9,0,0
BRDA:75,9,1,0
BRDA:82,10,0,0
BRDA:82,10,1,0
BRDA:88,11,0,0
BRDA:88,11,1,0
BRDA:129,12,0,0
BRDA:129,12,1,0
BRDA:155,13,0,0
BRDA:155,13,1,0
BRDA:159,14,0,0
BRDA:159,14,1,0
BRDA:162,15,0,0
BRDA:162,15,1,0
BRDA:168,16,0,0
BRDA:168,16,1,0
BRDA:170,17,0,0
BRDA:170,17,1,0
BRDA:174,18,0,0
BRDA:174,18,1,0
BRDA:184,19,0,0
BRDA:184,19,1,0
BRDA:187,20,0,0
BRDA:187,20,1,0
BRDA:189,21,0,0
BRDA:189,21,1,0
BRDA:218,22,0,0
BRDA:218,22,1,0
BRDA:220,23,0,0
BRDA:220,23,1,0
BRDA:222,24,0,0
BRDA:222,24,1,0
BRDA:227,25,0,0
BRDA:227,25,1,0
BRDA:231,26,0,0
BRDA:231,26,1,0
BRDA:245,27,0,0
BRDA:245,27,1,0
BRDA:253,28,0,0
BRDA:253,28,1,0
BRDA:272,29,0,0
BRDA:272,29,1,0
BRDA:274,30,0,0
BRDA:274,30,1,0
BRDA:276,31,0,0
BRDA:276,31,1,0
BRDA:281,32,0,0
BRDA:281,32,1,0
BRDA:285,33,0,0
BRDA:285,33,1,0
BRDA:298,34,0,0
BRDA:298,34,1,0
BRDA:306,35,0,0
BRDA:306,35,1,0
BRDA:326,36,0,0
BRDA:326,36,1,0
BRDA:327,37,0,0
BRDA:327,37,1,0
BRDA:327,37,2,0
BRDA:327,37,3,0
BRDA:327,37,4,0
BRDA:339,38,0,0
BRDA:339,38,1,0
BRDA:341,39,0,0
BRDA:341,39,1,0
BRDA:344,40,0,0
BRDA:344,40,1,0
BRDA:348,41,0,0
BRDA:348,41,1,0
BRDA:359,42,0,0
BRDA:359,42,1,0
BRDA:372,43,0,0
BRDA:372,43,1,0
BRDA:383,44,0,0
BRDA:383,44,1,0
BRDA:385,45,0,0
BRDA:385,45,1,0
BRDA:402,46,0,0
BRDA:402,46,1,0
BRDA:403,47,0,0
BRDA:403,47,1,0
BRDA:412,48,0,0
BRDA:412,48,1,0
BRDA:414,49,0,0
BRDA:414,49,1,0
BRDA:427,50,0,0
BRDA:427,50,1,0
BRDA:427,51,0,0
BRDA:427,51,1,0
BRDA:429,52,0,0
BRDA:429,52,1,0
BRDA:438,53,0,0
BRDA:438,53,1,0
BRDA:447,54,0,0
BRDA:447,54,1,0
BRDA:453,55,0,0
BRDA:453,55,1,0
BRDA:459,56,0,0
BRDA:459,56,1,0
BRDA:474,57,0,0
BRDA:474,57,1,0
BRDA:474,58,0,0
BRDA:474,58,1,0
BRDA:478,59,0,0
BRDA:478,59,1,0
BRDA:487,60,0,0
BRDA:487,60,1,0
BRDA:497,61,0,0
BRDA:497,61,1,0
BRDA:497,62,0,0
BRDA:497,62,1,0
BRDA:497,62,2,0
BRDA:499,63,0,0
BRDA:499,63,1,0
BRDA:499,64,0,0
BRDA:499,64,1,0
BRDA:501,65,0,0
BRDA:501,65,1,0
BRDA:501,66,0,0
BRDA:501,66,1,0
BRDA:503,67,0,0
BRDA:503,67,1,0
BRDA:518,68,0,0
BRDA:518,68,1,0
BRDA:518,69,0,0
BRDA:518,69,1,0
BRDA:518,69,2,0
BRDA:520,70,0,0
BRDA:520,70,1,0
BRDA:530,71,0,0
BRDA:530,71,1,0
BRDA:530,72,0,0
BRDA:530,72,1,0
BRDA:534,73,0,0
BRDA:534,73,1,0
BRDA:541,74,0,0
BRDA:541,74,1,0
BRDA:548,75,0,0
BRDA:548,75,1,0
BRDA:548,76,0,0
BRDA:548,76,1,0
BRDA:549,77,0,0
BRDA:549,77,1,0
BRDA:563,78,0,0
BRDA:563,78,1,0
BRDA:563,79,0,0
BRDA:563,79,1,0
BRDA:567,80,0,0
BRDA:567,80,1,0
BRDA:587,81,0,0
BRDA:587,81,1,0
BRDA:587,82,0,0
BRDA:587,82,1,0
BRDA:587,82,2,0
BRDA:587,82,3,0
BRDA:595,83,0,0
BRDA:595,83,1,0
BRDA:620,84,0,0
BRDA:620,84,1,0
BRDA:622,85,0,0
BRDA:622,85,1,0
BRDA:623,86,0,0
BRDA:623,86,1,0
BRDA:625,87,0,0
BRDA:625,87,1,0
BRDA:632,88,0,0
BRDA:632,88,1,0
BRDA:634,89,0,0
BRDA:634,89,1,0
BRDA:641,90,0,0
BRDA:641,90,1,0
BRDA:643,91,0,0
BRDA:643,91,1,0
BRF:189
BRH:0
end_of_record
TN:
SF:src\main\keyManager.js
FN:25,getDbKey
FN:44,getDbSalt
FN:62,setDbSalt
FN:75,getSaltConfigPath
FNF:4
FNH:0
FNDA:0,getDbKey
FNDA:0,getDbSalt
FNDA:0,setDbSalt
FNDA:0,getSaltConfigPath
DA:1,7
DA:2,7
DA:3,7
DA:6,7
DA:14,7
DA:16,7
DA:17,7
DA:26,0
DA:28,0
DA:29,0
DA:30,0
DA:31,0
DA:32,0
DA:35,0
DA:45,0
DA:47,0
DA:48,0
DA:49,0
DA:50,0
DA:51,0
DA:54,0
DA:63,0
DA:64,0
DA:65,0
DA:67,0
DA:68,0
DA:76,0
DA:79,7
LF:28
LH:8
BRDA:28,0,0,0
BRDA:28,0,1,0
BRDA:47,1,0,0
BRDA:47,1,1,0
BRDA:63,2,0,0
BRDA:63,2,1,0
BRDA:63,3,0,0
BRDA:63,3,1,0
BRDA:63,3,2,0
BRF:9
BRH:0
end_of_record
TN:
SF:src\main\logger.js
FN:3,(anonymous_0)
FN:12,(anonymous_1)
FN:18,(anonymous_2)
FNF:3
FNH:2
FNDA:14,(anonymous_0)
FNDA:0,(anonymous_1)
FNDA:12,(anonymous_2)
DA:1,13
DA:3,13
DA:7,14
DA:8,14
DA:12,13
DA:13,0
DA:14,0
DA:18,13
DA:22,12
DA:25,13
LF:10
LH:8
BRDA:7,0,0,14
BRDA:7,0,1,0
BRDA:7,1,0,14
BRDA:7,1,1,14
BRDA:7,1,2,14
BRDA:13,2,0,0
BRDA:13,2,1,0
BRDA:13,3,0,0
BRDA:13,3,1,0
BRDA:13,3,2,0
BRF:10
BRH:4
end_of_record
TN:
SF:src\main\matriculeService.js
FN:9,generateMatricule
FNF:1
FNH:1
FNDA:6,generateMatricule
DA:1,7
DA:2,7
DA:10,6
DA:11,6
DA:13,6
DA:15,2
DA:16,2
DA:17,2
DA:19,1
DA:20,1
DA:21,1
DA:23,1
DA:24,1
DA:25,1
DA:27,1
DA:28,1
DA:29,1
DA:31,1
DA:36,5
DA:37,5
DA:38,5
DA:40,5
DA:41,5
DA:42,4
DA:45,4
DA:47,4
DA:49,1
DA:50,1
DA:54,7
LF:29
LH:29
BRDA:13,0,0,2
BRDA:13,0,1,1
BRDA:13,0,2,1
BRDA:13,0,3,1
BRDA:13,0,4,1
BRDA:42,1,0,4
BRDA:42,1,1,2
BRF:7
BRH:7
end_of_record
TN:
SF:src\main\settingsManager.js
FN:6,refreshSettings
FN:18,getSetting
FNF:2
FNH:1
FNDA:2,refreshSettings
FNDA:0,getSetting
DA:1,4
DA:2,4
DA:4,4
DA:7,2
DA:8,2
DA:9,0
DA:10,0
DA:12,2
DA:19,0
DA:20,0
DA:23,0
DA:25,0
DA:28,4
LF:13
LH:7
BRDA:19,0,0,0
BRDA:19,0,1,0
BRF:2
BRH:0
end_of_record
TN:
SF:src\main\validationSchemas.js
FNF:0
FNH:0
DA:1,2
DA:3,2
DA:38,2
DA:55,2
DA:80,2
DA:119,2
DA:124,2
DA:140,2
LF:8
LH:8
BRF:0
BRH:0
end_of_record
TN:
SF:src\main\handlers\authHandlers.js
FN:30,(anonymous_0)
FN:42,(anonymous_1)
FN:67,(anonymous_2)
FN:105,(anonymous_3)
FN:112,(anonymous_4)
FN:113,(anonymous_5)
FN:121,(anonymous_6)
FN:145,registerAuthHandlers
FN:146,(anonymous_8)
FN:182,(anonymous_9)
FN:192,(anonymous_10)
FN:198,(anonymous_11)
FN:205,(anonymous_12)
FN:211,(anonymous_13)
FNF:14
FNH:11
FNDA:7,(anonymous_0)
FNDA:3,(anonymous_1)
FNDA:4,(anonymous_2)
FNDA:24,(anonymous_3)
FNDA:19,(anonymous_4)
FNDA:19,(anonymous_5)
FNDA:0,(anonymous_6)
FNDA:1,registerAuthHandlers
FNDA:5,(anonymous_8)
FNDA:3,(anonymous_9)
FNDA:4,(anonymous_10)
FNDA:1,(anonymous_11)
FNDA:0,(anonymous_12)
FNDA:0,(anonymous_13)
DA:1,1
DA:2,1
DA:3,1
DA:4,1
DA:8,1
DA:9,1
DA:10,1
DA:11,1
DA:13,1
DA:30,1
DA:31,7
DA:32,0
DA:34,7
DA:35,7
DA:36,6
DA:38,1
DA:42,1
DA:43,3
DA:44,2
DA:48,2
DA:49,1
DA:53,1
DA:54,1
DA:56,0
DA:58,1
DA:59,1
DA:61,0
DA:64,1
DA:67,1
DA:68,4
DA:70,4
DA:76,3
DA:77,3
DA:80,3
DA:81,0
DA:85,3
DA:86,2
DA:87,2
DA:88,0
DA:90,2
DA:91,2
DA:92,1
DA:94,1
DA:97,2
DA:104,2
DA:105,24
DA:108,2
DA:109,0
DA:112,19
DA:113,19
DA:115,2
DA:116,2
DA:118,2
DA:121,1
DA:122,0
DA:124,0
DA:129,0
DA:130,0
DA:131,0
DA:133,0
DA:134,0
DA:135,0
DA:137,0
DA:139,0
DA:140,0
DA:142,0
DA:146,1
DA:147,5
DA:150,5
DA:151,1
DA:154,5
DA:155,4
DA:156,1
DA:158,3
DA:159,3
DA:160,1
DA:162,2
DA:163,2
DA:168,2
DA:174,1
DA:175,1
DA:176,1
DA:178,1
DA:182,1
DA:183,3
DA:184,3
DA:185,3
DA:187,2
DA:188,2
DA:192,1
DA:193,4
DA:194,4
DA:196,2
DA:197,2
DA:198,1
DA:199,1
DA:201,1
DA:205,1
DA:206,0
DA:207,0
DA:209,0
DA:210,0
DA:211,0
DA:212,0
DA:214,0
DA:219,1
LF:106
LH:81
BRDA:31,0,0,0
BRDA:31,0,1,7
BRDA:48,1,0,1
BRDA:48,1,1,1
BRDA:59,2,0,1
BRDA:59,2,1,1
BRDA:76,3,0,3
BRDA:76,3,1,0
BRDA:80,4,0,0
BRDA:80,4,1,3
BRDA:80,5,0,3
BRDA:80,5,1,0
BRDA:85,6,0,2
BRDA:85,6,1,1
BRDA:87,7,0,0
BRDA:87,7,1,2
BRDA:91,8,0,1
BRDA:91,8,1,1
BRDA:105,9,0,24
BRDA:105,9,1,19
BRDA:108,10,0,0
BRDA:108,10,1,2
BRDA:113,11,0,19
BRDA:113,11,1,0
BRDA:130,12,0,0
BRDA:130,12,1,0
BRDA:134,13,0,0
BRDA:134,13,1,0
BRDA:150,14,0,1
BRDA:150,14,1,4
BRDA:155,15,0,1
BRDA:155,15,1,3
BRDA:159,16,0,1
BRDA:159,16,1,2
BRDA:175,17,0,1
BRDA:175,17,1,0
BRDA:178,18,0,1
BRDA:178,18,1,0
BRDA:197,19,0,1
BRDA:197,19,1,1
BRDA:201,20,0,1
BRDA:201,20,1,0
BRDA:210,21,0,0
BRDA:210,21,1,0
BRDA:214,22,0,0
BRDA:214,22,1,0
BRF:46
BRH:28
end_of_record
TN:
SF:src\main\handlers\settingsHandlers.js
FN:40,(anonymous_0)
FN:42,(anonymous_1)
FN:71,(anonymous_2)
FN:86,(anonymous_3)
FN:102,camelToSnake
FN:103,(anonymous_5)
FN:134,registerSettingsHandlers
FN:135,(anonymous_7)
FN:147,(anonymous_8)
FN:165,(anonymous_9)
FN:191,(anonymous_10)
FNF:11
FNH:7
FNDA:8,(anonymous_0)
FNDA:18,(anonymous_1)
FNDA:0,(anonymous_2)
FNDA:2,(anonymous_3)
FNDA:4,camelToSnake
FNDA:0,(anonymous_5)
FNDA:1,registerSettingsHandlers
FNDA:1,(anonymous_7)
FNDA:2,(anonymous_8)
FNDA:0,(anonymous_9)
FNDA:0,(anonymous_10)
DA:1,6
DA:2,6
DA:3,6
DA:4,6
DA:5,6
DA:6,6
DA:7,6
DA:10,6
DA:25,6
DA:40,6
DA:41,8
DA:42,8
DA:44,18
DA:45,5
DA:46,13
DA:47,1
DA:48,12
DA:49,4
DA:51,8
DA:53,18
DA:57,6
DA:59,0
DA:60,0
DA:62,0
DA:66,6
DA:68,6
DA:71,6
DA:72,0
DA:73,0
DA:75,0
DA:76,0
DA:77,0
DA:78,0
DA:80,0
DA:81,0
DA:82,0
DA:83,0
DA:86,6
DA:88,2
DA:89,2
DA:90,0
DA:91,0
DA:93,0
DA:96,2
DA:98,2
DA:103,4
DA:106,2
DA:107,2
DA:108,2
DA:109,5
DA:112,5
DA:113,5
DA:116,5
DA:121,4
DA:122,0
DA:125,1
DA:126,1
DA:128,1
DA:129,1
DA:130,1
DA:135,1
DA:136,1
DA:137,1
DA:138,0
DA:140,1
DA:142,0
DA:143,0
DA:147,1
DA:148,2
DA:149,2
DA:150,1
DA:151,1
DA:152,1
DA:153,1
DA:154,1
DA:156,1
DA:158,1
DA:160,1
DA:161,1
DA:165,1
DA:166,0
DA:167,0
DA:168,0
DA:170,0
DA:171,0
DA:172,0
DA:173,0
DA:174,0
DA:175,0
DA:178,0
DA:179,0
DA:180,0
DA:181,0
DA:184,0
DA:186,0
DA:187,0
DA:191,1
DA:192,0
DA:193,0
DA:197,0
DA:198,0
DA:200,0
DA:201,0
DA:202,0
DA:203,0
DA:205,0
DA:208,0
DA:209,0
DA:214,6
LF:109
LH:62
BRDA:44,0,0,5
BRDA:44,0,1,13
BRDA:46,1,0,1
BRDA:46,1,1,12
BRDA:48,2,0,4
BRDA:48,2,1,8
BRDA:48,3,0,12
BRDA:48,3,1,8
BRDA:57,4,0,0
BRDA:57,4,1,6
BRDA:59,5,0,0
BRDA:59,5,1,0
BRDA:72,6,0,0
BRDA:72,6,1,0
BRDA:72,7,0,0
BRDA:72,7,1,0
BRDA:77,8,0,0
BRDA:77,8,1,0
BRDA:89,9,0,0
BRDA:89,9,1,2
BRDA:90,10,0,0
BRDA:90,10,1,0
BRDA:109,11,0,1
BRDA:109,11,1,4
BRDA:112,12,0,4
BRDA:112,12,1,1
BRDA:113,13,0,0
BRDA:113,13,1,5
BRDA:113,14,0,5
BRDA:113,14,1,5
BRDA:121,15,0,0
BRDA:121,15,1,4
BRDA:121,16,0,4
BRDA:121,16,1,4
BRDA:121,16,2,0
BRDA:121,16,3,0
BRDA:137,17,0,0
BRDA:137,17,1,1
BRDA:150,18,0,1
BRDA:150,18,1,0
BRDA:153,19,0,1
BRDA:153,19,1,0
BRDA:167,20,0,0
BRDA:167,20,1,0
BRDA:172,21,0,0
BRDA:172,21,1,0
BRDA:174,22,0,0
BRDA:174,22,1,0
BRDA:178,23,0,0
BRDA:178,23,1,0
BRDA:180,24,0,0
BRDA:180,24,1,0
BRDA:197,25,0,0
BRDA:197,25,1,0
BRDA:197,26,0,0
BRDA:197,26,1,0
BRDA:197,26,2,0
BRDA:202,27,0,0
BRDA:202,27,1,0
BRF:59
BRH:23
end_of_record
TN:
SF:src\main\handlers\systemHandlers.js
FN:11,handleGetBackupReminderStatus
FN:40,registerSystemHandlers
FN:41,(anonymous_2)
FN:45,(anonymous_3)
FN:72,(anonymous_4)
FN:98,(anonymous_5)
FN:119,(anonymous_6)
FN:140,(anonymous_7)
FN:151,(anonymous_8)
FN:174,(anonymous_9)
FN:185,(anonymous_10)
FNF:11
FNH:4
FNDA:4,handleGetBackupReminderStatus
FNDA:1,registerSystemHandlers
FNDA:0,(anonymous_2)
FNDA:4,(anonymous_3)
FNDA:4,(anonymous_4)
FNDA:0,(anonymous_5)
FNDA:0,(anonymous_6)
FNDA:0,(anonymous_7)
FNDA:0,(anonymous_8)
FNDA:0,(anonymous_9)
FNDA:0,(anonymous_10)
DA:1,2
DA:2,2
DA:3,2
DA:4,2
DA:5,2
DA:6,2
DA:7,2
DA:8,2
DA:9,2
DA:12,4
DA:13,4
DA:14,4
DA:16,4
DA:17,1
DA:20,3
DA:21,3
DA:22,1
DA:25,2
DA:26,2
DA:27,2
DA:29,2
DA:30,1
DA:33,1
DA:35,0
DA:36,0
DA:41,1
DA:42,0
DA:45,1
DA:46,4
DA:47,4
DA:59,4
DA:60,0
DA:64,4
DA:66,4
DA:67,0
DA:68,0
DA:70,0
DA:72,4
DA:73,4
DA:75,4
DA:76,0
DA:79,4
DA:80,4
DA:81,2
DA:82,2
DA:83,1
DA:84,1
DA:85,1
DA:87,0
DA:91,4
DA:93,0
DA:94,0
DA:98,1
DA:99,0
DA:100,0
DA:106,0
DA:107,0
DA:110,0
DA:112,0
DA:114,0
DA:115,0
DA:119,1
DA:120,0
DA:121,0
DA:127,0
DA:128,0
DA:131,0
DA:133,0
DA:135,0
DA:136,0
DA:140,1
DA:141,0
DA:144,0
DA:145,0
DA:147,0
DA:151,1
DA:152,0
DA:153,0
DA:154,0
DA:156,0
DA:157,0
DA:163,0
DA:164,0
DA:167,0
DA:169,0
DA:170,0
DA:174,1
DA:175,0
DA:176,0
DA:177,0
DA:178,0
DA:180,0
DA:181,0
DA:185,1
DA:186,0
DA:187,0
DA:189,0
DA:190,0
DA:191,0
DA:192,0
DA:194,0
DA:195,0
DA:196,0
DA:198,0
DA:203,0
DA:204,0
DA:206,0
DA:207,0
DA:208,0
DA:209,0
DA:211,0
DA:213,0
DA:214,0
DA:221,1
DA:224,2
LF:115
LH:49
BRDA:16,0,0,1
BRDA:16,0,1,3
BRDA:21,1,0,1
BRDA:21,1,1,2
BRDA:21,2,0,3
BRDA:21,2,1,2
BRDA:29,3,0,1
BRDA:29,3,1,1
BRDA:51,4,0,2
BRDA:51,4,1,2
BRDA:53,5,0,1
BRDA:53,5,1,1
BRDA:59,6,0,0
BRDA:59,6,1,4
BRDA:66,7,0,0
BRDA:66,7,1,4
BRDA:67,8,0,0
BRDA:67,8,1,0
BRDA:75,9,0,0
BRDA:75,9,1,4
BRDA:80,10,0,2
BRDA:80,10,1,2
BRDA:82,11,0,1
BRDA:82,11,1,1
BRDA:84,12,0,1
BRDA:84,12,1,0
BRDA:106,13,0,0
BRDA:106,13,1,0
BRDA:127,14,0,0
BRDA:127,14,1,0
BRDA:127,15,0,0
BRDA:127,15,1,0
BRDA:127,15,2,0
BRDA:144,16,0,0
BRDA:144,16,1,0
BRDA:153,17,0,0
BRDA:153,17,1,0
BRDA:163,18,0,0
BRDA:163,18,1,0
BRDA:163,19,0,0
BRDA:163,19,1,0
BRDA:186,20,0,0
BRDA:186,20,1,0
BRDA:186,21,0,0
BRDA:186,21,1,0
BRDA:191,22,0,0
BRDA:191,22,1,0
BRDA:195,23,0,0
BRDA:195,23,1,0
BRDA:203,24,0,0
BRDA:203,24,1,0
BRDA:203,25,0,0
BRDA:203,25,1,0
BRDA:203,25,2,0
BRDA:208,26,0,0
BRDA:208,26,1,0
BRF:56
BRH:20
end_of_record
TN:
SF:src\main\handlers\userHandlers.js
FN:30,registerUserHandlers
FN:31,(anonymous_1)
FN:53,(anonymous_2)
FN:57,(anonymous_3)
FN:69,(anonymous_4)
FN:71,(anonymous_5)
FN:72,(anonymous_6)
FN:77,(anonymous_7)
FN:83,(anonymous_8)
FN:93,(anonymous_9)
FN:95,(anonymous_10)
FN:96,(anonymous_11)
FN:101,(anonymous_12)
FN:107,(anonymous_13)
FN:114,(anonymous_14)
FN:129,(anonymous_15)
FN:130,(anonymous_16)
FNF:17
FNH:4
FNDA:1,registerUserHandlers
FNDA:0,(anonymous_1)
FNDA:0,(anonymous_2)
FNDA:0,(anonymous_3)
FNDA:0,(anonymous_4)
FNDA:0,(anonymous_5)
FNDA:0,(anonymous_6)
FNDA:0,(anonymous_7)
FNDA:0,(anonymous_8)
FNDA:0,(anonymous_9)
FNDA:0,(anonymous_10)
FNDA:0,(anonymous_11)
FNDA:0,(anonymous_12)
FNDA:0,(anonymous_13)
FNDA:4,(anonymous_14)
FNDA:4,(anonymous_15)
FNDA:4,(anonymous_16)
DA:1,1
DA:2,1
DA:3,1
DA:4,1
DA:5,1
DA:6,1
DA:8,1
DA:31,1
DA:34,0
DA:35,0
DA:36,0
DA:37,0
DA:38,0
DA:39,0
DA:41,0
DA:42,0
DA:43,0
DA:45,0
DA:46,0
DA:47,0
DA:49,0
DA:50,0
DA:53,1
DA:54,0
DA:57,1
DA:58,0
DA:59,0
DA:60,0
DA:62,0
DA:66,0
DA:67,0
DA:69,0
DA:70,0
DA:71,0
DA:72,0
DA:73,0
DA:74,0
DA:76,0
DA:77,0
DA:78,0
DA:79,0
DA:83,1
DA:84,0
DA:85,0
DA:89,0
DA:90,0
DA:92,0
DA:93,0
DA:95,0
DA:96,0
DA:97,0
DA:98,0
DA:100,0
DA:101,0
DA:102,0
DA:103,0
DA:107,1
DA:108,0
DA:109,0
DA:110,0
DA:114,1
DA:115,4
DA:117,4
DA:118,4
DA:119,3
DA:120,3
DA:121,3
DA:122,2
DA:123,2
DA:126,3
DA:127,3
DA:129,4
DA:130,4
DA:131,2
DA:132,2
DA:133,2
DA:135,1
DA:136,1
DA:141,1
LF:79
LH:31
BRDA:36,0,0,0
BRDA:36,0,1,0
BRDA:41,1,0,0
BRDA:41,1,1,0
BRDA:41,2,0,0
BRDA:41,2,1,0
BRDA:45,3,0,0
BRDA:45,3,1,0
BRDA:45,4,0,0
BRDA:45,4,1,0
BRDA:66,5,0,0
BRDA:66,5,1,0
BRDA:70,6,0,0
BRDA:70,6,1,0
BRDA:72,7,0,0
BRDA:72,7,1,0
BRDA:76,8,0,0
BRDA:76,8,1,0
BRDA:89,9,0,0
BRDA:89,9,1,0
BRDA:93,10,0,0
BRDA:93,10,1,0
BRDA:96,11,0,0
BRDA:96,11,1,0
BRDA:100,12,0,0
BRDA:100,12,1,0
BRDA:108,13,0,0
BRDA:108,13,1,0
BRDA:108,14,0,0
BRDA:108,14,1,0
BRDA:118,15,0,1
BRDA:118,15,1,3
BRDA:118,16,0,4
BRDA:118,16,1,3
BRDA:120,17,0,2
BRDA:120,17,1,1
BRDA:120,18,0,1
BRDA:120,18,1,1
BRDA:121,19,0,2
BRDA:121,19,1,1
BRDA:123,20,0,2
BRDA:123,20,1,0
BRDA:127,21,0,1
BRDA:127,21,1,2
BRDA:136,22,0,1
BRDA:136,22,1,0
BRF:46
BRH:14
end_of_record
TN:
SF:tests\mocks\bcryptjs.js
FN:2,(anonymous_0)
FNF:1
FNH:0
FNDA:0,(anonymous_0)
DA:1,4
DA:2,0
LF:2
LH:1
BRF:0
BRH:0
end_of_record
TN:
SF:tests\mocks\db.js
FN:8,(anonymous_0)
FN:12,(anonymous_1)
FN:16,(anonymous_2)
FN:20,(anonymous_3)
FN:21,(anonymous_4)
FN:22,(anonymous_5)
FN:23,(anonymous_6)
FN:24,(anonymous_7)
FN:25,(anonymous_8)
FN:26,(anonymous_9)
FNF:10
FNH:5
FNDA:1,(anonymous_0)
FNDA:1,(anonymous_1)
FNDA:1,(anonymous_2)
FNDA:2,(anonymous_3)
FNDA:0,(anonymous_4)
FNDA:0,(anonymous_5)
FNDA:0,(anonymous_6)
FNDA:0,(anonymous_7)
FNDA:0,(anonymous_8)
FNDA:1,(anonymous_9)
DA:2,9
DA:4,9
DA:5,9
DA:7,9
DA:9,1
DA:10,1
DA:13,1
DA:14,1
DA:17,1
DA:18,1
DA:20,2
DA:21,0
DA:22,0
DA:23,0
DA:24,0
DA:25,0
DA:26,1
LF:17
LH:12
BRF:0
BRH:0
end_of_record
TN:
SF:tests\mocks\electron-store.js
FN:10,(anonymous_0)
FNF:1
FNH:1
FNDA:20,(anonymous_0)
DA:2,8
DA:11,20
DA:15,8
LF:3
LH:3
BRF:0
BRH:0
end_of_record
TN:
SF:tests\mocks\electron.js
FN:4,(anonymous_0)
FN:7,(anonymous_1)
FN:16,(anonymous_2)
FN:28,(anonymous_3)
FNF:4
FNH:2
FNDA:14,(anonymous_0)
FNDA:19,(anonymous_1)
FNDA:0,(anonymous_2)
FNDA:0,(anonymous_3)
DA:1,11
DA:5,14
DA:8,19
DA:9,19
DA:11,19
DA:13,0
DA:17,0
DA:18,0
DA:22,11
DA:28,0
LF:10
LH:6
BRDA:9,0,0,19
BRDA:9,0,1,0
BRF:2
BRH:1
end_of_record
TN:
SF:tests\mocks\pizzip.js
FN:2,(anonymous_0)
FN:11,(anonymous_1)
FN:20,(anonymous_2)
FN:25,(anonymous_3)
FNF:4
FNH:3
FNDA:2,(anonymous_0)
FNDA:2,(anonymous_1)
FNDA:0,(anonymous_2)
FNDA:7,(anonymous_3)
DA:1,7
DA:2,7
DA:4,7
DA:9,7
DA:11,7
DA:12,2
DA:13,0
DA:15,2
DA:19,7
DA:20,7
DA:21,0
DA:25,7
DA:26,7
DA:27,7
DA:28,7
DA:30,7
DA:31,7
DA:34,7
LF:18
LH:16
BRDA:12,0,0,0
BRDA:12,0,1,2
BRF:2
BRH:1
end_of_record
TN:
SF:tests\mocks\sqlite3.js
FN:6,(anonymous_0)
FN:7,(anonymous_1)
FNF:2
FNH:1
FNDA:0,(anonymous_0)
FNDA:9,(anonymous_1)
DA:5,9
DA:6,0
DA:7,9
DA:16,9
LF:4
LH:3
BRF:0
BRH:0
end_of_record
