TN:
SF:src/main/backupManager.js
FN:16,generateSqlReplaceStatements
FN:29,(anonymous_1)
FN:34,(anonymous_2)
FN:55,(anonymous_3)
FN:114,(anonymous_4)
FN:140,(anonymous_5)
FN:152,(anonymous_6)
FN:168,(anonymous_7)
FNF:8
FNH:7
FNDA:4,generateSqlReplaceStatements
FNDA:4,(anonymous_1)
FNDA:4,(anonymous_2)
FNDA:4,(anonymous_3)
FNDA:5,(anonymous_4)
FNDA:2,(anonymous_5)
FNDA:0,(anonymous_6)
FNDA:3,(anonymous_7)
DA:1,10
DA:2,10
DA:3,10
DA:4,10
DA:5,10
DA:6,10
DA:8,10
DA:17,4
DA:19,4
DA:23,3
DA:24,2
DA:25,2
DA:26,2
DA:28,2
DA:29,4
DA:32,2
DA:33,2
DA:35,4
DA:36,4
DA:37,2
DA:38,2
DA:42,2
DA:45,3
DA:55,10
DA:56,4
DA:58,4
DA:60,4
DA:61,4
DA:64,4
DA:65,4
DA:66,3
DA:69,3
DA:72,3
DA:75,3
DA:76,3
DA:77,3
DA:79,3
DA:85,3
DA:87,3
DA:88,3
DA:93,3
DA:94,3
DA:96,1
DA:97,1
DA:102,1
DA:103,1
DA:107,10
DA:114,10
DA:115,5
DA:116,5
DA:117,2
DA:120,3
DA:121,3
DA:122,3
DA:124,3
DA:126,2
DA:128,1
DA:130,0
DA:132,0
DA:140,10
DA:141,2
DA:143,2
DA:144,0
DA:145,0
DA:148,2
DA:151,2
DA:156,0
DA:157,0
DA:158,0
DA:168,10
DA:169,3
DA:170,2
DA:171,2
DA:172,2
DA:176,10
LF:75
LH:68
BRDA:26,0,0,0
BRDA:26,0,1,2
BRDA:35,1,0,0
BRDA:35,1,1,4
BRDA:36,2,0,2
BRDA:36,2,1,2
BRDA:37,3,0,0
BRDA:37,3,1,2
BRDA:116,4,0,2
BRDA:116,4,1,3
BRDA:124,5,0,2
BRDA:124,5,1,1
BRDA:124,5,2,0
BRDA:124,5,3,0
BRDA:143,6,0,0
BRDA:143,6,1,2
BRDA:156,7,0,0
BRDA:156,7,1,0
BRDA:156,8,0,0
BRDA:156,8,1,0
BRDA:169,9,0,2
BRDA:169,9,1,1
BRF:22
BRH:12
end_of_record
TN:
SF:src/main/exportManager.js
FN:19,getExportHeaderData
FN:44,fetchFinancialData
FN:61,fetchExportData
FN:142,(anonymous_3)
FN:170,localizeData
FN:197,(anonymous_5)
FN:210,generatePdf
FN:217,(anonymous_7)
FN:219,(anonymous_8)
FN:220,(anonymous_9)
FN:225,(anonymous_10)
FN:331,generateXlsx
FN:338,(anonymous_12)
FN:375,generateFinancialXlsx
FN:420,(anonymous_14)
FN:442,generateDocx
FN:484,(anonymous_16)
FN:500,(anonymous_17)
FN:507,(anonymous_18)
FN:512,(anonymous_19)
FN:530,(anonymous_20)
FN:538,(anonymous_21)
FN:591,(anonymous_22)
FN:619,(anonymous_23)
FN:687,generateExcelTemplate
FN:1010,(anonymous_25)
FN:1043,(anonymous_26)
FN:1067,generateDevExcelTemplate
FN:1256,(anonymous_28)
FN:1257,(anonymous_29)
FNF:30
FNH:9
FNDA:1,getExportHeaderData
FNDA:3,fetchFinancialData
FNDA:5,fetchExportData
FNDA:0,(anonymous_3)
FNDA:5,localizeData
FNDA:9,(anonymous_5)
FNDA:0,generatePdf
FNDA:0,(anonymous_7)
FNDA:0,(anonymous_8)
FNDA:0,(anonymous_9)
FNDA:0,(anonymous_10)
FNDA:1,generateXlsx
FNDA:2,(anonymous_12)
FNDA:2,generateFinancialXlsx
FNDA:2,(anonymous_14)
FNDA:0,generateDocx
FNDA:0,(anonymous_16)
FNDA:0,(anonymous_17)
FNDA:0,(anonymous_18)
FNDA:0,(anonymous_19)
FNDA:0,(anonymous_20)
FNDA:0,(anonymous_21)
FNDA:0,(anonymous_22)
FNDA:0,(anonymous_23)
FNDA:0,generateExcelTemplate
FNDA:0,(anonymous_25)
FNDA:0,(anonymous_26)
FNDA:0,generateDevExcelTemplate
FNDA:0,(anonymous_28)
FNDA:0,(anonymous_29)
DA:1,3
DA:2,3
DA:3,3
DA:4,3
DA:5,3
DA:6,3
DA:7,3
DA:8,3
DA:16,3
DA:26,1
DA:34,1
DA:47,3
DA:49,3
DA:57,3
DA:58,3
DA:62,5
DA:63,1
DA:65,4
DA:66,4
DA:67,4
DA:68,4
DA:70,4
DA:72,1
DA:73,1
DA:75,1
DA:77,0
DA:78,0
DA:80,0
DA:81,0
DA:82,0
DA:83,0
DA:84,0
DA:85,0
DA:86,0
DA:87,0
DA:88,0
DA:89,0
DA:90,0
DA:91,0
DA:92,0
DA:93,0
DA:96,1
DA:97,1
DA:98,1
DA:99,1
DA:100,1
DA:101,1
DA:102,0
DA:103,0
DA:104,0
DA:105,0
DA:106,0
DA:107,0
DA:108,0
DA:109,0
DA:113,1
DA:114,0
DA:115,1
DA:118,1
DA:119,1
DA:120,0
DA:121,0
DA:122,0
DA:123,0
DA:124,0
DA:125,0
DA:128,1
DA:129,1
DA:132,1
DA:133,1
DA:135,0
DA:141,0
DA:142,0
DA:145,0
DA:146,0
DA:148,0
DA:152,0
DA:153,0
DA:155,0
DA:156,0
DA:157,0
DA:160,0
DA:161,0
DA:164,1
DA:166,3
DA:171,5
DA:179,5
DA:184,5
DA:190,5
DA:197,5
DA:198,9
DA:199,9
DA:200,9
DA:201,9
DA:202,2
DA:203,9
DA:204,0
DA:205,9
DA:211,0
DA:212,0
DA:217,0
DA:218,0
DA:220,0
DA:221,0
DA:225,0
DA:226,0
DA:227,0
DA:228,0
DA:229,0
DA:230,0
DA:233,0
DA:234,0
DA:235,0
DA:239,0
DA:240,0
DA:241,0
DA:244,0
DA:247,0
DA:248,0
DA:249,0
DA:250,0
DA:251,0
DA:252,0
DA:253,0
DA:255,0
DA:256,0
DA:259,0
DA:262,0
DA:265,0
DA:271,0
DA:272,0
DA:274,0
DA:279,0
DA:285,0
DA:296,0
DA:297,0
DA:303,0
DA:304,0
DA:306,0
DA:311,0
DA:312,0
DA:314,0
DA:315,0
DA:321,0
DA:323,0
DA:324,0
DA:325,0
DA:332,1
DA:333,1
DA:334,1
DA:335,1
DA:338,2
DA:340,1
DA:342,1
DA:346,1
DA:353,1
DA:354,1
DA:356,1
DA:357,1
DA:358,1
DA:359,1
DA:360,1
DA:361,1
DA:362,1
DA:370,1
DA:372,1
DA:376,2
DA:379,2
DA:380,2
DA:381,2
DA:382,2
DA:383,2
DA:384,2
DA:387,2
DA:388,2
DA:389,2
DA:396,2
DA:399,2
DA:400,2
DA:401,2
DA:407,2
DA:410,2
DA:411,2
DA:412,2
DA:419,2
DA:420,2
DA:427,2
DA:428,2
DA:429,2
DA:436,2
DA:438,2
DA:458,0
DA:459,0
DA:461,0
DA:467,0
DA:468,0
DA:470,0
DA:475,0
DA:481,0
DA:485,0
DA:499,0
DA:501,0
DA:508,0
DA:514,0
DA:516,0
DA:526,0
DA:530,0
DA:538,0
DA:539,0
DA:541,0
DA:542,0
DA:543,0
DA:544,0
DA:547,0
DA:548,0
DA:549,0
DA:554,0
DA:555,0
DA:557,0
DA:560,0
DA:563,0
DA:564,0
DA:565,0
DA:566,0
DA:567,0
DA:569,0
DA:570,0
DA:571,0
DA:572,0
DA:576,0
DA:579,0
DA:582,0
DA:583,0
DA:585,0
DA:592,0
DA:593,0
DA:596,0
DA:597,0
DA:620,0
DA:621,0
DA:622,0
DA:623,0
DA:642,0
DA:673,0
DA:674,0
DA:675,0
DA:676,0
DA:678,0
DA:681,0
DA:682,0
DA:688,0
DA:690,0
DA:692,0
DA:998,0
DA:999,0
DA:1002,0
DA:1003,0
DA:1004,0
DA:1007,0
DA:1010,0
DA:1011,0
DA:1015,0
DA:1018,0
DA:1021,0
DA:1022,0
DA:1023,0
DA:1024,0
DA:1025,0
DA:1028,0
DA:1029,0
DA:1034,0
DA:1035,0
DA:1036,0
DA:1037,0
DA:1040,0
DA:1041,0
DA:1043,0
DA:1044,0
DA:1045,0
DA:1046,0
DA:1056,0
DA:1057,0
DA:1058,0
DA:1059,0
DA:1061,0
DA:1062,0
DA:1068,0
DA:1070,0
DA:1073,0
DA:1108,0
DA:1127,0
DA:1145,0
DA:1169,0
DA:1175,0
DA:1180,0
DA:1195,0
DA:1210,0
DA:1231,0
DA:1236,0
DA:1255,0
DA:1256,0
DA:1257,0
DA:1258,0
DA:1259,0
DA:1262,0
DA:1276,0
DA:1277,0
DA:1278,0
DA:1279,0
DA:1280,0
DA:1281,0
DA:1282,0
DA:1283,0
DA:1284,0
DA:1285,0
DA:1288,0
DA:1291,3
LF:317
LH:98
BRDA:47,0,0,1
BRDA:47,0,1,2
BRDA:61,1,0,4
BRDA:62,2,0,1
BRDA:62,2,1,4
BRDA:62,3,0,5
BRDA:62,3,1,5
BRDA:70,4,0,1
BRDA:70,4,1,1
BRDA:70,4,2,1
BRDA:70,4,3,0
BRDA:70,4,4,1
BRDA:75,5,0,0
BRDA:75,5,1,1
BRDA:80,6,0,0
BRDA:80,6,1,0
BRDA:81,7,0,0
BRDA:81,7,1,0
BRDA:86,8,0,0
BRDA:86,8,1,0
BRDA:91,9,0,0
BRDA:91,9,1,0
BRDA:96,10,0,1
BRDA:96,10,1,0
BRDA:97,11,0,1
BRDA:97,11,1,0
BRDA:102,12,0,0
BRDA:102,12,1,0
BRDA:107,13,0,0
BRDA:107,13,1,0
BRDA:113,14,0,1
BRDA:113,14,1,0
BRDA:119,15,0,0
BRDA:119,15,1,1
BRDA:120,16,0,0
BRDA:120,16,1,0
BRDA:123,17,0,0
BRDA:123,17,1,0
BRDA:145,18,0,0
BRDA:145,18,1,0
BRDA:155,19,0,0
BRDA:155,19,1,0
BRDA:155,20,0,0
BRDA:155,20,1,0
BRDA:199,21,0,4
BRDA:199,21,1,5
BRDA:199,22,0,9
BRDA:199,22,1,4
BRDA:200,23,0,2
BRDA:200,23,1,7
BRDA:200,24,0,9
BRDA:200,24,1,2
BRDA:201,25,0,2
BRDA:201,25,1,7
BRDA:201,26,0,9
BRDA:201,26,1,2
BRDA:203,27,0,0
BRDA:203,27,1,9
BRDA:203,28,0,9
BRDA:203,28,1,0
BRDA:220,29,0,0
BRDA:220,29,1,0
BRDA:226,30,0,0
BRDA:226,30,1,0
BRDA:229,31,0,0
BRDA:229,31,1,0
BRDA:248,32,0,0
BRDA:248,32,1,0
BRDA:250,33,0,0
BRDA:250,33,1,0
BRDA:252,34,0,0
BRDA:252,34,1,0
BRDA:252,35,0,0
BRDA:252,35,1,0
BRDA:255,36,0,0
BRDA:255,36,1,0
BRDA:255,37,0,0
BRDA:255,37,1,0
BRDA:272,38,0,0
BRDA:272,38,1,0
BRDA:290,39,0,0
BRDA:290,39,1,0
BRDA:291,40,0,0
BRDA:291,40,1,0
BRDA:291,40,2,0
BRDA:324,41,0,0
BRDA:324,41,1,0
BRDA:353,42,0,1
BRDA:353,42,1,1
BRDA:353,42,2,1
BRDA:353,42,3,0
BRDA:354,43,0,1
BRDA:354,43,1,1
BRDA:422,44,0,2
BRDA:422,44,1,0
BRDA:468,45,0,0
BRDA:468,45,1,0
BRDA:514,46,0,0
BRDA:514,46,1,0
BRDA:514,47,0,0
BRDA:514,47,1,0
BRDA:539,48,0,0
BRDA:539,48,1,0
BRDA:543,49,0,0
BRDA:543,49,1,0
BRDA:564,50,0,0
BRDA:564,50,1,0
BRDA:566,51,0,0
BRDA:566,51,1,0
BRDA:569,52,0,0
BRDA:569,52,1,0
BRDA:571,53,0,0
BRDA:571,53,1,0
BRDA:571,54,0,0
BRDA:571,54,1,0
BRDA:593,55,0,0
BRDA:593,55,1,0
BRDA:605,56,0,0
BRDA:605,56,1,0
BRDA:610,57,0,0
BRDA:610,57,1,0
BRDA:610,57,2,0
BRDA:621,58,0,0
BRDA:621,58,1,0
BRDA:648,59,0,0
BRDA:648,59,1,0
BRDA:675,60,0,0
BRDA:675,60,1,0
BRDA:675,61,0,0
BRDA:675,61,1,0
BRDA:681,62,0,0
BRDA:681,62,1,0
BRDA:681,63,0,0
BRDA:681,63,1,0
BRDA:687,64,0,0
BRDA:998,65,0,0
BRDA:998,65,1,0
BRDA:1010,66,0,0
BRDA:1010,66,1,0
BRDA:1028,67,0,0
BRDA:1028,67,1,0
BRDA:1044,68,0,0
BRDA:1044,68,1,0
BRDA:1061,69,0,0
BRDA:1061,69,1,0
BRDA:1258,70,0,0
BRDA:1258,70,1,0
BRF:147
BRH:36
end_of_record
TN:
SF:src/main/financialHandlers.js
FN:7,createHandler
FN:8,(anonymous_1)
FN:20,handleGetExpenses
FN:30,handleAddExpense
FN:42,handleUpdateExpense
FN:48,handleDeleteExpense
FN:54,handleGetDonations
FN:64,handleAddDonation
FN:88,handleUpdateDonation
FN:114,handleDeleteDonation
FN:120,handleGetInventoryItems
FN:125,handleCheckItemUniqueness
FN:140,handleAddInventoryItem
FN:179,handleUpdateInventoryItem
FN:219,handleDeleteInventoryItem
FN:225,handleGetSalaries
FN:251,handleAddSalary
FN:272,handleUpdateSalary
FN:293,handleDeleteSalary
FN:299,handleGetPayments
FN:313,handleAddPayment
FN:322,handleUpdatePayment
FN:331,handleDeletePayment
FN:337,handleGetStatementOfActivities
FN:400,handleGetMonthlySnapshot
FN:447,handleGetFinancialSummary
FN:467,(anonymous_26)
FN:487,registerFinancialHandlers
FNF:28
FNH:10
FNDA:24,createHandler
FNDA:0,(anonymous_1)
FNDA:2,handleGetExpenses
FNDA:2,handleAddExpense
FNDA:0,handleUpdateExpense
FNDA:0,handleDeleteExpense
FNDA:0,handleGetDonations
FNDA:4,handleAddDonation
FNDA:0,handleUpdateDonation
FNDA:0,handleDeleteDonation
FNDA:0,handleGetInventoryItems
FNDA:0,handleCheckItemUniqueness
FNDA:0,handleAddInventoryItem
FNDA:0,handleUpdateInventoryItem
FNDA:0,handleDeleteInventoryItem
FNDA:1,handleGetSalaries
FNDA:0,handleAddSalary
FNDA:0,handleUpdateSalary
FNDA:0,handleDeleteSalary
FNDA:1,handleGetPayments
FNDA:0,handleAddPayment
FNDA:0,handleUpdatePayment
FNDA:0,handleDeletePayment
FNDA:3,handleGetStatementOfActivities
FNDA:0,handleGetMonthlySnapshot
FNDA:3,handleGetFinancialSummary
FNDA:4,(anonymous_26)
FNDA:1,registerFinancialHandlers
DA:1,6
DA:2,6
DA:3,6
DA:4,6
DA:8,24
DA:9,0
DA:10,0
DA:12,0
DA:14,0
DA:21,2
DA:22,2
DA:23,2
DA:24,1
DA:25,1
DA:27,2
DA:28,2
DA:31,2
DA:32,2
DA:33,2
DA:40,1
DA:43,0
DA:44,0
DA:45,0
DA:46,0
DA:49,0
DA:50,0
DA:55,0
DA:56,0
DA:57,0
DA:58,0
DA:59,0
DA:61,0
DA:62,0
DA:74,4
DA:75,4
DA:76,4
DA:86,4
DA:99,0
DA:100,0
DA:101,0
DA:112,0
DA:115,0
DA:116,0
DA:121,0
DA:122,0
DA:126,0
DA:127,0
DA:129,0
DA:130,0
DA:131,0
DA:134,0
DA:137,0
DA:151,0
DA:153,0
DA:154,0
DA:156,0
DA:162,0
DA:176,0
DA:191,0
DA:193,0
DA:195,0
DA:202,0
DA:216,0
DA:220,0
DA:221,0
DA:226,1
DA:243,1
DA:244,1
DA:245,0
DA:246,0
DA:248,1
DA:249,1
DA:252,0
DA:253,0
DA:254,0
DA:255,0
DA:270,0
DA:273,0
DA:274,0
DA:275,0
DA:276,0
DA:291,0
DA:294,0
DA:295,0
DA:300,1
DA:305,1
DA:306,1
DA:307,0
DA:308,0
DA:310,1
DA:311,1
DA:314,0
DA:315,0
DA:316,0
DA:317,0
DA:323,0
DA:324,0
DA:325,0
DA:326,0
DA:332,0
DA:333,0
DA:340,3
DA:341,2
DA:342,2
DA:344,1
DA:345,1
DA:347,1
DA:351,3
DA:352,3
DA:353,3
DA:354,3
DA:357,3
DA:383,3
DA:391,3
DA:403,0
DA:404,0
DA:405,0
DA:407,0
DA:408,0
DA:410,0
DA:413,0
DA:414,0
DA:415,0
DA:416,0
DA:417,0
DA:418,0
DA:427,0
DA:436,0
DA:437,0
DA:439,0
DA:448,3
DA:450,3
DA:451,3
DA:453,3
DA:458,3
DA:459,3
DA:461,3
DA:467,4
DA:468,3
DA:470,3
DA:488,1
DA:489,1
DA:490,1
DA:491,1
DA:493,1
DA:494,1
DA:495,1
DA:496,1
DA:498,1
DA:499,1
DA:500,1
DA:501,1
DA:502,1
DA:504,1
DA:505,1
DA:506,1
DA:507,1
DA:509,1
DA:510,1
DA:511,1
DA:512,1
DA:514,1
DA:515,1
DA:516,1
DA:521,6
LF:165
LH:78
BRDA:14,0,0,0
BRDA:14,0,1,0
BRDA:23,1,0,1
BRDA:23,1,1,1
BRDA:23,2,0,2
BRDA:23,2,1,1
BRDA:23,2,2,1
BRDA:57,3,0,0
BRDA:57,3,1,0
BRDA:57,4,0,0
BRDA:57,4,1,0
BRDA:57,4,2,0
BRDA:129,5,0,0
BRDA:129,5,1,0
BRDA:154,6,0,0
BRDA:154,6,1,0
BRDA:154,7,0,0
BRDA:154,7,1,0
BRDA:193,8,0,0
BRDA:193,8,1,0
BRDA:193,9,0,0
BRDA:193,9,1,0
BRDA:244,10,0,0
BRDA:244,10,1,1
BRDA:244,11,0,1
BRDA:244,11,1,0
BRDA:244,11,2,0
BRDA:306,12,0,0
BRDA:306,12,1,1
BRDA:306,13,0,1
BRDA:306,13,1,0
BRDA:306,13,2,0
BRDA:340,14,0,2
BRDA:340,14,1,1
BRDA:340,15,0,3
BRDA:340,15,1,2
BRDA:340,15,2,2
BRDA:392,16,0,3
BRDA:392,16,1,2
BRDA:393,17,0,3
BRDA:393,17,1,2
BRDA:394,18,0,3
BRDA:394,18,1,2
BRDA:403,19,0,0
BRDA:403,19,1,0
BRDA:403,20,0,0
BRDA:403,20,1,0
BRDA:403,20,2,0
BRDA:436,21,0,0
BRDA:436,21,1,0
BRDA:436,22,0,0
BRDA:436,22,1,0
BRDA:437,23,0,0
BRDA:437,23,1,0
BRDA:437,24,0,0
BRDA:437,24,1,0
BRDA:442,25,0,0
BRDA:442,25,1,0
BRDA:443,26,0,0
BRDA:443,26,1,0
BRDA:448,27,0,3
BRDA:448,27,1,2
BRDA:467,28,0,4
BRDA:467,28,1,0
BRDA:468,29,0,3
BRDA:468,29,1,1
BRDA:468,30,0,3
BRDA:468,30,1,1
BRF:68
BRH:27
end_of_record
TN:
SF:src/main/importManager.js
FN:24,validateDatabaseFile
FN:43,unlinkWithRetry
FN:54,(anonymous_2)
FN:63,replaceDatabase
FN:129,(anonymous_4)
FN:131,(anonymous_5)
FN:139,importExcelData
FN:174,(anonymous_7)
FN:207,processStudentRow
FN:232,(anonymous_9)
FN:247,(anonymous_10)
FN:248,(anonymous_11)
FN:265,(anonymous_12)
FN:267,(anonymous_13)
FN:268,(anonymous_14)
FN:274,processTeacherRow
FN:291,(anonymous_16)
FN:306,(anonymous_17)
FN:307,(anonymous_18)
FN:323,(anonymous_19)
FN:325,(anonymous_20)
FN:326,(anonymous_21)
FN:332,processUserRow
FN:356,(anonymous_23)
FN:369,(anonymous_24)
FN:370,(anonymous_25)
FN:389,(anonymous_26)
FN:391,(anonymous_27)
FN:392,(anonymous_28)
FN:398,processClassRow
FN:420,(anonymous_30)
FN:421,(anonymous_31)
FN:422,(anonymous_32)
FN:427,processPaymentRow
FN:446,(anonymous_34)
FN:447,(anonymous_35)
FN:448,(anonymous_36)
FN:453,processSalaryRow
FN:495,(anonymous_38)
FN:496,(anonymous_39)
FN:497,(anonymous_40)
FN:502,processDonationRow
FN:520,(anonymous_42)
FN:521,(anonymous_43)
FN:522,(anonymous_44)
FN:527,processExpenseRow
FN:537,(anonymous_46)
FN:538,(anonymous_47)
FN:539,(anonymous_48)
FN:544,processAttendanceRow
FN:571,(anonymous_50)
FN:572,(anonymous_51)
FN:573,(anonymous_52)
FN:578,processGroupRow
FN:589,(anonymous_54)
FN:590,(anonymous_55)
FN:591,(anonymous_56)
FN:596,processInventoryRow
FN:617,(anonymous_58)
FN:619,(anonymous_59)
FN:620,(anonymous_60)
FNF:61
FNH:10
FNDA:2,validateDatabaseFile
FNDA:0,unlinkWithRetry
FNDA:0,(anonymous_2)
FNDA:0,replaceDatabase
FNDA:40,(anonymous_4)
FNDA:94,(anonymous_5)
FNDA:3,importExcelData
FNDA:3,(anonymous_7)
FNDA:3,processStudentRow
FNDA:24,(anonymous_9)
FNDA:0,(anonymous_10)
FNDA:0,(anonymous_11)
FNDA:27,(anonymous_12)
FNDA:10,(anonymous_13)
FNDA:10,(anonymous_14)
FNDA:0,processTeacherRow
FNDA:0,(anonymous_16)
FNDA:0,(anonymous_17)
FNDA:0,(anonymous_18)
FNDA:0,(anonymous_19)
FNDA:0,(anonymous_20)
FNDA:0,(anonymous_21)
FNDA:0,processUserRow
FNDA:0,(anonymous_23)
FNDA:0,(anonymous_24)
FNDA:0,(anonymous_25)
FNDA:0,(anonymous_26)
FNDA:0,(anonymous_27)
FNDA:0,(anonymous_28)
FNDA:0,processClassRow
FNDA:0,(anonymous_30)
FNDA:0,(anonymous_31)
FNDA:0,(anonymous_32)
FNDA:0,processPaymentRow
FNDA:0,(anonymous_34)
FNDA:0,(anonymous_35)
FNDA:0,(anonymous_36)
FNDA:0,processSalaryRow
FNDA:0,(anonymous_38)
FNDA:0,(anonymous_39)
FNDA:0,(anonymous_40)
FNDA:0,processDonationRow
FNDA:0,(anonymous_42)
FNDA:0,(anonymous_43)
FNDA:0,(anonymous_44)
FNDA:0,processExpenseRow
FNDA:0,(anonymous_46)
FNDA:0,(anonymous_47)
FNDA:0,(anonymous_48)
FNDA:0,processAttendanceRow
FNDA:0,(anonymous_50)
FNDA:0,(anonymous_51)
FNDA:0,(anonymous_52)
FNDA:0,processGroupRow
FNDA:0,(anonymous_54)
FNDA:0,(anonymous_55)
FNDA:0,(anonymous_56)
FNDA:0,processInventoryRow
FNDA:0,(anonymous_58)
FNDA:0,(anonymous_59)
FNDA:0,(anonymous_60)
DA:1,5
DA:2,5
DA:3,5
DA:4,5
DA:5,5
DA:6,5
DA:7,5
DA:17,5
DA:18,5
DA:19,5
DA:20,5
DA:22,5
DA:25,2
DA:26,2
DA:27,2
DA:28,2
DA:29,2
DA:30,2
DA:31,1
DA:33,2
DA:34,0
DA:36,2
DA:38,0
DA:39,0
DA:44,0
DA:45,0
DA:46,0
DA:47,0
DA:48,0
DA:50,0
DA:51,0
DA:54,0
DA:56,0
DA:57,0
DA:64,0
DA:65,0
DA:66,0
DA:67,0
DA:69,0
DA:70,0
DA:71,0
DA:72,0
DA:74,0
DA:75,0
DA:78,0
DA:79,0
DA:81,0
DA:82,0
DA:83,0
DA:84,0
DA:85,0
DA:86,0
DA:88,0
DA:89,0
DA:91,0
DA:92,0
DA:93,0
DA:95,0
DA:96,0
DA:97,0
DA:98,0
DA:99,0
DA:100,0
DA:101,0
DA:102,0
DA:103,0
DA:104,0
DA:105,0
DA:110,0
DA:111,0
DA:115,5
DA:129,5
DA:130,40
DA:131,40
DA:132,94
DA:133,18
DA:136,40
DA:140,3
DA:141,3
DA:142,3
DA:144,3
DA:158,3
DA:160,3
DA:161,3
DA:162,3
DA:164,3
DA:165,3
DA:166,0
DA:167,0
DA:170,3
DA:171,3
DA:173,3
DA:174,3
DA:177,3
DA:178,0
DA:181,0
DA:182,0
DA:185,3
DA:186,3
DA:187,3
DA:188,3
DA:189,3
DA:190,3
DA:191,3
DA:192,3
DA:194,0
DA:195,0
DA:198,0
DA:199,0
DA:204,3
DA:208,3
DA:209,3
DA:210,3
DA:212,3
DA:213,3
DA:214,1
DA:217,3
DA:219,3
DA:230,3
DA:232,24
DA:234,3
DA:236,0
DA:239,0
DA:240,0
DA:243,0
DA:244,0
DA:247,0
DA:248,0
DA:249,0
DA:250,0
DA:253,3
DA:257,3
DA:258,0
DA:261,3
DA:262,3
DA:264,3
DA:265,27
DA:267,10
DA:268,10
DA:270,3
DA:271,3
DA:275,0
DA:276,0
DA:277,0
DA:280,0
DA:282,0
DA:289,0
DA:291,0
DA:293,0
DA:295,0
DA:298,0
DA:299,0
DA:302,0
DA:303,0
DA:306,0
DA:307,0
DA:308,0
DA:309,0
DA:312,0
DA:315,0
DA:316,0
DA:319,0
DA:320,0
DA:322,0
DA:323,0
DA:325,0
DA:326,0
DA:328,0
DA:329,0
DA:333,0
DA:335,0
DA:343,0
DA:350,0
DA:356,0
DA:358,0
DA:360,0
DA:361,0
DA:362,0
DA:365,0
DA:366,0
DA:369,0
DA:370,0
DA:371,0
DA:372,0
DA:375,0
DA:376,0
DA:377,0
DA:380,0
DA:381,0
DA:382,0
DA:388,0
DA:389,0
DA:391,0
DA:392,0
DA:394,0
DA:395,0
DA:399,0
DA:400,0
DA:401,0
DA:402,0
DA:403,0
DA:408,0
DA:419,0
DA:420,0
DA:421,0
DA:422,0
DA:423,0
DA:424,0
DA:428,0
DA:429,0
DA:430,0
DA:431,0
DA:432,0
DA:437,0
DA:444,0
DA:445,0
DA:446,0
DA:447,0
DA:448,0
DA:449,0
DA:450,0
DA:454,0
DA:455,0
DA:457,0
DA:458,0
DA:461,0
DA:464,0
DA:465,0
DA:466,0
DA:469,0
DA:470,0
DA:471,0
DA:472,0
DA:476,0
DA:477,0
DA:483,0
DA:491,0
DA:492,0
DA:495,0
DA:496,0
DA:497,0
DA:498,0
DA:499,0
DA:503,0
DA:504,0
DA:506,0
DA:514,0
DA:515,0
DA:516,0
DA:517,0
DA:518,0
DA:519,0
DA:520,0
DA:521,0
DA:522,0
DA:523,0
DA:524,0
DA:528,0
DA:535,0
DA:536,0
DA:537,0
DA:538,0
DA:539,0
DA:540,0
DA:541,0
DA:545,0
DA:546,0
DA:547,0
DA:550,0
DA:551,0
DA:552,0
DA:553,0
DA:555,0
DA:556,0
DA:557,0
DA:562,0
DA:563,0
DA:564,0
DA:570,0
DA:571,0
DA:572,0
DA:573,0
DA:574,0
DA:575,0
DA:579,0
DA:585,0
DA:586,0
DA:589,0
DA:590,0
DA:591,0
DA:592,0
DA:593,0
DA:597,0
DA:609,0
DA:610,0
DA:613,0
DA:614,0
DA:616,0
DA:617,0
DA:619,0
DA:620,0
DA:621,0
DA:625,0
DA:628,5
DA:629,5
DA:630,5
DA:637,5
LF:307
LH:77
BRDA:30,0,0,1
BRDA:30,0,1,1
BRDA:33,1,0,0
BRDA:33,1,1,2
BRDA:33,2,0,2
BRDA:33,2,1,2
BRDA:43,3,0,0
BRDA:43,4,0,0
BRDA:50,5,0,0
BRDA:50,5,1,0
BRDA:50,6,0,0
BRDA:50,6,1,0
BRDA:66,7,0,0
BRDA:66,7,1,0
BRDA:74,8,0,0
BRDA:74,8,1,0
BRDA:78,9,0,0
BRDA:78,9,1,0
BRDA:78,10,0,0
BRDA:78,10,1,0
BRDA:85,11,0,0
BRDA:85,11,1,0
BRDA:91,12,0,0
BRDA:91,12,1,0
BRDA:132,13,0,18
BRDA:132,13,1,76
BRDA:132,14,0,94
BRDA:132,14,1,94
BRDA:158,15,0,3
BRDA:158,15,1,0
BRDA:162,16,0,0
BRDA:162,16,1,3
BRDA:165,17,0,0
BRDA:165,17,1,3
BRDA:171,18,0,0
BRDA:171,18,1,3
BRDA:173,19,0,3
BRDA:173,19,1,0
BRDA:177,20,0,0
BRDA:177,20,1,3
BRDA:187,21,0,0
BRDA:187,21,1,3
BRDA:190,22,0,3
BRDA:190,22,1,0
BRDA:192,23,0,0
BRDA:192,23,1,3
BRDA:209,24,0,3
BRDA:209,24,1,0
BRDA:210,25,0,3
BRDA:210,25,1,0
BRDA:213,26,0,1
BRDA:213,26,1,2
BRDA:214,27,0,1
BRDA:214,27,1,0
BRDA:230,28,0,0
BRDA:230,28,1,3
BRDA:232,29,0,24
BRDA:232,29,1,10
BRDA:234,30,0,0
BRDA:234,30,1,3
BRDA:239,31,0,0
BRDA:239,31,1,0
BRDA:243,32,0,0
BRDA:243,32,1,0
BRDA:257,33,0,0
BRDA:257,33,1,3
BRDA:265,34,0,27
BRDA:265,34,1,13
BRDA:276,35,0,0
BRDA:276,35,1,0
BRDA:277,36,0,0
BRDA:277,36,1,0
BRDA:289,37,0,0
BRDA:289,37,1,0
BRDA:291,38,0,0
BRDA:291,38,1,0
BRDA:293,39,0,0
BRDA:293,39,1,0
BRDA:298,40,0,0
BRDA:298,40,1,0
BRDA:302,41,0,0
BRDA:302,41,1,0
BRDA:315,42,0,0
BRDA:315,42,1,0
BRDA:323,43,0,0
BRDA:323,43,1,0
BRDA:343,44,0,0
BRDA:343,44,1,0
BRDA:344,45,0,0
BRDA:344,45,1,0
BRDA:344,45,2,0
BRDA:344,45,3,0
BRDA:344,45,4,0
BRDA:356,46,0,0
BRDA:356,46,1,0
BRDA:358,47,0,0
BRDA:358,47,1,0
BRDA:361,48,0,0
BRDA:361,48,1,0
BRDA:365,49,0,0
BRDA:365,49,1,0
BRDA:376,50,0,0
BRDA:376,50,1,0
BRDA:389,51,0,0
BRDA:389,51,1,0
BRDA:400,52,0,0
BRDA:400,52,1,0
BRDA:402,53,0,0
BRDA:402,53,1,0
BRDA:419,54,0,0
BRDA:419,54,1,0
BRDA:420,55,0,0
BRDA:420,55,1,0
BRDA:429,56,0,0
BRDA:429,56,1,0
BRDA:431,57,0,0
BRDA:431,57,1,0
BRDA:444,58,0,0
BRDA:444,58,1,0
BRDA:444,59,0,0
BRDA:444,59,1,0
BRDA:446,60,0,0
BRDA:446,60,1,0
BRDA:455,61,0,0
BRDA:455,61,1,0
BRDA:464,62,0,0
BRDA:464,62,1,0
BRDA:470,63,0,0
BRDA:470,63,1,0
BRDA:476,64,0,0
BRDA:476,64,1,0
BRDA:491,65,0,0
BRDA:491,65,1,0
BRDA:491,66,0,0
BRDA:491,66,1,0
BRDA:495,67,0,0
BRDA:495,67,1,0
BRDA:504,68,0,0
BRDA:504,68,1,0
BRDA:514,69,0,0
BRDA:514,69,1,0
BRDA:514,70,0,0
BRDA:514,70,1,0
BRDA:514,70,2,0
BRDA:516,71,0,0
BRDA:516,71,1,0
BRDA:516,72,0,0
BRDA:516,72,1,0
BRDA:518,73,0,0
BRDA:518,73,1,0
BRDA:518,74,0,0
BRDA:518,74,1,0
BRDA:520,75,0,0
BRDA:520,75,1,0
BRDA:535,76,0,0
BRDA:535,76,1,0
BRDA:535,77,0,0
BRDA:535,77,1,0
BRDA:535,77,2,0
BRDA:537,78,0,0
BRDA:537,78,1,0
BRDA:546,79,0,0
BRDA:546,79,1,0
BRDA:547,80,0,0
BRDA:547,80,1,0
BRDA:552,81,0,0
BRDA:552,81,1,0
BRDA:552,82,0,0
BRDA:552,82,1,0
BRDA:556,83,0,0
BRDA:556,83,1,0
BRDA:563,84,0,0
BRDA:563,84,1,0
BRDA:570,85,0,0
BRDA:570,85,1,0
BRDA:570,86,0,0
BRDA:570,86,1,0
BRDA:571,87,0,0
BRDA:571,87,1,0
BRDA:585,88,0,0
BRDA:585,88,1,0
BRDA:585,89,0,0
BRDA:585,89,1,0
BRDA:589,90,0,0
BRDA:589,90,1,0
BRDA:609,91,0,0
BRDA:609,91,1,0
BRDA:609,92,0,0
BRDA:609,92,1,0
BRDA:609,92,2,0
BRDA:609,92,3,0
BRDA:617,93,0,0
BRDA:617,93,1,0
BRF:193
BRH:30
end_of_record
TN:
SF:src/main/keyManager.js
FN:25,getDbKey
FN:44,getDbSalt
FN:62,setDbSalt
FN:75,getSaltConfigPath
FNF:4
FNH:4
FNDA:3,getDbKey
FNDA:3,getDbSalt
FNDA:7,setDbSalt
FNDA:1,getSaltConfigPath
DA:1,15
DA:2,15
DA:3,15
DA:6,15
DA:14,15
DA:16,15
DA:17,15
DA:26,3
DA:28,3
DA:29,2
DA:30,2
DA:31,2
DA:32,2
DA:35,3
DA:45,3
DA:47,3
DA:48,2
DA:49,2
DA:50,2
DA:51,2
DA:54,3
DA:63,7
DA:64,4
DA:65,4
DA:67,3
DA:68,3
DA:76,1
DA:79,15
LF:28
LH:28
BRDA:28,0,0,2
BRDA:28,0,1,1
BRDA:47,1,0,2
BRDA:47,1,1,1
BRDA:63,2,0,4
BRDA:63,2,1,3
BRDA:63,3,0,7
BRDA:63,3,1,5
BRDA:63,3,2,4
BRF:9
BRH:9
end_of_record
TN:
SF:src/main/logger.js
FN:3,(anonymous_0)
FN:12,(anonymous_1)
FN:18,(anonymous_2)
FNF:3
FNH:3
FNDA:16,(anonymous_0)
FNDA:2,(anonymous_1)
FNDA:6,(anonymous_2)
DA:1,12
DA:3,12
DA:7,16
DA:8,1
DA:12,12
DA:13,2
DA:14,1
DA:18,12
DA:22,6
DA:25,12
LF:10
LH:10
BRDA:7,0,0,1
BRDA:7,0,1,15
BRDA:7,1,0,16
BRDA:7,1,1,16
BRDA:7,1,2,16
BRDA:13,2,0,1
BRDA:13,2,1,1
BRDA:13,3,0,2
BRDA:13,3,1,2
BRDA:13,3,2,2
BRF:10
BRH:10
end_of_record
TN:
SF:src/main/matriculeService.js
FN:9,generateMatricule
FNF:1
FNH:1
FNDA:14,generateMatricule
DA:1,15
DA:2,15
DA:10,14
DA:11,14
DA:13,14
DA:15,8
DA:16,8
DA:17,8
DA:19,1
DA:20,1
DA:21,1
DA:23,1
DA:24,1
DA:25,1
DA:27,1
DA:28,1
DA:29,1
DA:31,3
DA:36,11
DA:37,11
DA:38,11
DA:40,11
DA:41,11
DA:42,10
DA:45,10
DA:47,10
DA:49,1
DA:50,1
DA:54,15
LF:29
LH:29
BRDA:13,0,0,8
BRDA:13,0,1,1
BRDA:13,0,2,1
BRDA:13,0,3,1
BRDA:13,0,4,3
BRDA:42,1,0,10
BRDA:42,1,1,5
BRF:7
BRH:7
end_of_record
TN:
SF:src/main/settingsManager.js
FN:6,refreshSettings
FN:18,getSetting
FNF:2
FNH:2
FNDA:4,refreshSettings
FNDA:5,getSetting
DA:1,6
DA:2,6
DA:4,6
DA:7,4
DA:8,4
DA:9,3
DA:10,3
DA:12,1
DA:19,5
DA:20,1
DA:23,1
DA:25,4
DA:28,6
LF:13
LH:13
BRDA:19,0,0,1
BRDA:19,0,1,4
BRF:2
BRH:2
end_of_record
TN:
SF:src/main/utils.js
FN:10,processArabicText
FNF:1
FNH:1
FNDA:6,processArabicText
DA:1,1
DA:2,1
DA:11,6
DA:12,4
DA:13,4
DA:16,1
LF:6
LH:6
BRDA:11,0,0,2
BRDA:11,0,1,4
BRDA:11,1,0,6
BRDA:11,1,1,5
BRF:4
BRH:4
end_of_record
TN:
SF:src/main/validationSchemas.js
FNF:0
FNH:0
DA:1,4
DA:3,4
DA:38,4
DA:55,4
DA:80,4
DA:119,4
DA:124,4
DA:140,4
LF:8
LH:8
BRF:0
BRH:0
end_of_record
TN:
SF:src/main/handlers/authHandlers.js
FN:30,(anonymous_0)
FN:42,(anonymous_1)
FN:67,(anonymous_2)
FN:105,(anonymous_3)
FN:112,(anonymous_4)
FN:113,(anonymous_5)
FN:121,(anonymous_6)
FN:145,registerAuthHandlers
FN:146,(anonymous_8)
FN:182,(anonymous_9)
FN:192,(anonymous_10)
FN:198,(anonymous_11)
FN:205,(anonymous_12)
FN:211,(anonymous_13)
FNF:14
FNH:8
FNDA:1,(anonymous_0)
FNDA:0,(anonymous_1)
FNDA:1,(anonymous_2)
FNDA:1,(anonymous_3)
FNDA:1,(anonymous_4)
FNDA:1,(anonymous_5)
FNDA:0,(anonymous_6)
FNDA:2,registerAuthHandlers
FNDA:1,(anonymous_8)
FNDA:0,(anonymous_9)
FNDA:1,(anonymous_10)
FNDA:0,(anonymous_11)
FNDA:0,(anonymous_12)
FNDA:0,(anonymous_13)
DA:1,1
DA:2,1
DA:3,1
DA:4,1
DA:8,1
DA:9,1
DA:10,1
DA:11,1
DA:13,1
DA:30,1
DA:31,1
DA:32,0
DA:34,1
DA:35,1
DA:36,1
DA:38,0
DA:42,1
DA:43,0
DA:44,0
DA:48,0
DA:49,0
DA:53,0
DA:54,0
DA:56,0
DA:58,0
DA:59,0
DA:61,0
DA:64,0
DA:67,1
DA:68,1
DA:70,1
DA:76,1
DA:77,1
DA:80,1
DA:81,0
DA:85,1
DA:86,0
DA:87,0
DA:88,0
DA:90,0
DA:91,0
DA:92,0
DA:94,0
DA:97,1
DA:104,1
DA:105,1
DA:108,1
DA:109,0
DA:112,1
DA:113,1
DA:115,1
DA:116,1
DA:118,1
DA:121,1
DA:122,0
DA:124,0
DA:129,0
DA:130,0
DA:131,0
DA:133,0
DA:134,0
DA:135,0
DA:137,0
DA:139,0
DA:140,0
DA:142,0
DA:146,2
DA:147,1
DA:150,1
DA:151,0
DA:154,1
DA:155,1
DA:156,0
DA:158,1
DA:159,1
DA:160,0
DA:162,1
DA:163,1
DA:168,1
DA:174,0
DA:175,0
DA:176,0
DA:178,0
DA:182,2
DA:183,0
DA:184,0
DA:185,0
DA:187,0
DA:188,0
DA:192,2
DA:193,1
DA:194,1
DA:196,0
DA:197,0
DA:198,0
DA:199,0
DA:201,0
DA:205,2
DA:206,0
DA:207,0
DA:209,0
DA:210,0
DA:211,0
DA:212,0
DA:214,0
DA:219,1
LF:106
LH:48
BRDA:31,0,0,0
BRDA:31,0,1,1
BRDA:48,1,0,0
BRDA:48,1,1,0
BRDA:59,2,0,0
BRDA:59,2,1,0
BRDA:76,3,0,1
BRDA:76,3,1,0
BRDA:80,4,0,0
BRDA:80,4,1,1
BRDA:80,5,0,1
BRDA:80,5,1,0
BRDA:85,6,0,0
BRDA:85,6,1,1
BRDA:87,7,0,0
BRDA:87,7,1,0
BRDA:91,8,0,0
BRDA:91,8,1,0
BRDA:105,9,0,1
BRDA:105,9,1,1
BRDA:108,10,0,0
BRDA:108,10,1,1
BRDA:113,11,0,1
BRDA:113,11,1,0
BRDA:130,12,0,0
BRDA:130,12,1,0
BRDA:134,13,0,0
BRDA:134,13,1,0
BRDA:150,14,0,0
BRDA:150,14,1,1
BRDA:155,15,0,0
BRDA:155,15,1,1
BRDA:159,16,0,0
BRDA:159,16,1,1
BRDA:175,17,0,0
BRDA:175,17,1,0
BRDA:178,18,0,0
BRDA:178,18,1,0
BRDA:197,19,0,0
BRDA:197,19,1,0
BRDA:201,20,0,0
BRDA:201,20,1,0
BRDA:210,21,0,0
BRDA:210,21,1,0
BRDA:214,22,0,0
BRDA:214,22,1,0
BRF:46
BRH:12
end_of_record
TN:
SF:src/main/handlers/classHandlers.js
FN:18,registerClassHandlers
FN:19,(anonymous_1)
FN:25,(anonymous_2)
FN:27,(anonymous_3)
FN:28,(anonymous_4)
FN:33,(anonymous_5)
FN:39,(anonymous_6)
FN:45,(anonymous_7)
FN:46,(anonymous_8)
FN:47,(anonymous_9)
FN:52,(anonymous_10)
FN:58,(anonymous_11)
FN:65,(anonymous_12)
FN:86,(anonymous_13)
FN:96,(anonymous_14)
FN:147,(anonymous_15)
FN:152,(anonymous_16)
FN:154,(anonymous_17)
FNF:18
FNH:18
FNDA:1,registerClassHandlers
FNDA:2,(anonymous_1)
FNDA:9,(anonymous_2)
FNDA:2,(anonymous_3)
FNDA:2,(anonymous_4)
FNDA:1,(anonymous_5)
FNDA:2,(anonymous_6)
FNDA:9,(anonymous_7)
FNDA:2,(anonymous_8)
FNDA:2,(anonymous_9)
FNDA:1,(anonymous_10)
FNDA:2,(anonymous_11)
FNDA:2,(anonymous_12)
FNDA:1,(anonymous_13)
FNDA:1,(anonymous_14)
FNDA:2,(anonymous_15)
FNDA:3,(anonymous_16)
FNDA:3,(anonymous_17)
DA:1,1
DA:2,1
DA:3,1
DA:4,1
DA:6,1
DA:19,1
DA:20,2
DA:21,2
DA:25,9
DA:26,1
DA:27,2
DA:28,2
DA:29,1
DA:30,1
DA:32,1
DA:33,1
DA:34,0
DA:35,0
DA:39,1
DA:40,2
DA:41,2
DA:45,9
DA:46,2
DA:47,2
DA:48,1
DA:49,1
DA:51,1
DA:52,1
DA:53,0
DA:54,0
DA:58,1
DA:59,2
DA:60,1
DA:61,1
DA:62,1
DA:65,1
DA:66,2
DA:73,2
DA:74,2
DA:75,1
DA:76,1
DA:78,2
DA:79,1
DA:80,1
DA:82,2
DA:83,2
DA:86,1
DA:87,1
DA:93,1
DA:96,1
DA:97,1
DA:98,1
DA:106,1
DA:112,1
DA:114,1
DA:117,1
DA:119,1
DA:120,1
DA:121,1
DA:123,1
DA:124,1
DA:125,1
DA:126,0
DA:127,0
DA:128,0
DA:129,0
DA:130,0
DA:131,0
DA:133,1
DA:135,1
DA:140,1
DA:142,0
DA:143,0
DA:147,1
DA:148,2
DA:149,2
DA:150,2
DA:151,2
DA:152,3
DA:153,2
DA:154,2
DA:155,3
DA:157,2
DA:158,2
DA:160,1
DA:161,1
DA:162,1
DA:164,1
DA:165,1
DA:166,1
DA:171,1
LF:91
LH:79
BRDA:26,0,0,0
BRDA:26,0,1,1
BRDA:28,1,0,2
BRDA:28,1,1,0
BRDA:32,2,0,1
BRDA:32,2,1,0
BRDA:47,3,0,2
BRDA:47,3,1,0
BRDA:51,4,0,1
BRDA:51,4,1,0
BRDA:59,5,0,1
BRDA:59,5,1,1
BRDA:59,6,0,2
BRDA:59,6,1,1
BRDA:74,7,0,1
BRDA:74,7,1,1
BRDA:78,8,0,1
BRDA:78,8,1,1
BRDA:117,9,0,1
BRDA:117,9,1,0
BRDA:123,10,0,1
BRDA:123,10,1,0
BRDA:126,11,0,0
BRDA:126,11,1,0
BRDA:129,12,0,0
BRDA:129,12,1,0
BRDA:151,13,0,2
BRDA:151,13,1,0
BRDA:151,14,0,2
BRDA:151,14,1,2
BRF:30
BRH:18
end_of_record
TN:
SF:src/main/handlers/settingsHandlers.js
FN:40,(anonymous_0)
FN:42,(anonymous_1)
FN:71,(anonymous_2)
FN:86,(anonymous_3)
FN:102,camelToSnake
FN:103,(anonymous_5)
FN:134,registerSettingsHandlers
FN:135,(anonymous_7)
FN:147,(anonymous_8)
FN:165,(anonymous_9)
FN:191,(anonymous_10)
FNF:11
FNH:9
FNDA:7,(anonymous_0)
FNDA:7,(anonymous_1)
FNDA:4,(anonymous_2)
FNDA:6,(anonymous_3)
FNDA:5,camelToSnake
FNDA:0,(anonymous_5)
FNDA:14,registerSettingsHandlers
FNDA:2,(anonymous_7)
FNDA:3,(anonymous_8)
FNDA:0,(anonymous_9)
FNDA:4,(anonymous_10)
DA:1,8
DA:2,8
DA:3,8
DA:4,8
DA:5,8
DA:6,8
DA:7,8
DA:10,8
DA:25,8
DA:40,8
DA:41,7
DA:42,7
DA:44,7
DA:45,3
DA:46,4
DA:47,0
DA:48,4
DA:49,2
DA:51,2
DA:53,7
DA:57,7
DA:59,1
DA:60,1
DA:62,1
DA:66,7
DA:68,7
DA:71,8
DA:72,4
DA:73,0
DA:75,4
DA:76,4
DA:77,4
DA:78,3
DA:80,3
DA:81,3
DA:82,3
DA:83,3
DA:86,8
DA:88,6
DA:89,6
DA:90,0
DA:91,0
DA:93,0
DA:96,6
DA:98,5
DA:103,5
DA:106,5
DA:107,5
DA:108,5
DA:109,6
DA:112,6
DA:113,6
DA:116,6
DA:121,4
DA:122,0
DA:125,3
DA:126,3
DA:128,2
DA:129,2
DA:130,2
DA:135,14
DA:136,2
DA:137,2
DA:138,0
DA:140,2
DA:142,0
DA:143,0
DA:147,14
DA:148,3
DA:149,3
DA:150,2
DA:151,2
DA:152,2
DA:153,2
DA:154,2
DA:156,2
DA:158,2
DA:160,1
DA:161,1
DA:165,14
DA:166,0
DA:167,0
DA:168,0
DA:170,0
DA:171,0
DA:172,0
DA:173,0
DA:174,0
DA:175,0
DA:178,0
DA:179,0
DA:180,0
DA:181,0
DA:184,0
DA:186,0
DA:187,0
DA:191,14
DA:192,4
DA:193,4
DA:197,4
DA:198,0
DA:200,4
DA:201,4
DA:202,3
DA:203,3
DA:205,0
DA:208,1
DA:209,1
DA:214,8
LF:109
LH:82
BRDA:44,0,0,3
BRDA:44,0,1,4
BRDA:46,1,0,0
BRDA:46,1,1,4
BRDA:48,2,0,2
BRDA:48,2,1,2
BRDA:48,3,0,4
BRDA:48,3,1,2
BRDA:57,4,0,1
BRDA:57,4,1,6
BRDA:59,5,0,1
BRDA:59,5,1,0
BRDA:72,6,0,0
BRDA:72,6,1,4
BRDA:72,7,0,4
BRDA:72,7,1,4
BRDA:77,8,0,3
BRDA:77,8,1,1
BRDA:89,9,0,0
BRDA:89,9,1,6
BRDA:90,10,0,0
BRDA:90,10,1,0
BRDA:109,11,0,1
BRDA:109,11,1,5
BRDA:112,12,0,5
BRDA:112,12,1,1
BRDA:113,13,0,0
BRDA:113,13,1,6
BRDA:113,14,0,6
BRDA:113,14,1,6
BRDA:121,15,0,0
BRDA:121,15,1,4
BRDA:121,16,0,4
BRDA:121,16,1,4
BRDA:121,16,2,0
BRDA:121,16,3,0
BRDA:137,17,0,0
BRDA:137,17,1,2
BRDA:150,18,0,2
BRDA:150,18,1,0
BRDA:153,19,0,2
BRDA:153,19,1,0
BRDA:167,20,0,0
BRDA:167,20,1,0
BRDA:172,21,0,0
BRDA:172,21,1,0
BRDA:174,22,0,0
BRDA:174,22,1,0
BRDA:178,23,0,0
BRDA:178,23,1,0
BRDA:180,24,0,0
BRDA:180,24,1,0
BRDA:197,25,0,0
BRDA:197,25,1,4
BRDA:197,26,0,4
BRDA:197,26,1,4
BRDA:197,26,2,4
BRDA:202,27,0,3
BRDA:202,27,1,0
BRF:59
BRH:34
end_of_record
TN:
SF:src/main/handlers/studentHandlers.js
FN:70,registerStudentHandlers
FN:84,(anonymous_1)
FN:125,(anonymous_2)
FN:149,(anonymous_3)
FN:162,(anonymous_4)
FN:165,(anonymous_5)
FN:166,(anonymous_6)
FN:184,(anonymous_7)
FN:190,(anonymous_8)
FN:202,(anonymous_9)
FN:205,(anonymous_10)
FN:206,(anonymous_11)
FN:228,(anonymous_12)
FN:234,(anonymous_13)
FNF:14
FNH:13
FNDA:1,registerStudentHandlers
FNDA:1,(anonymous_1)
FNDA:1,(anonymous_2)
FNDA:2,(anonymous_3)
FNDA:25,(anonymous_4)
FNDA:1,(anonymous_5)
FNDA:1,(anonymous_6)
FNDA:1,(anonymous_7)
FNDA:1,(anonymous_8)
FNDA:25,(anonymous_9)
FNDA:1,(anonymous_10)
FNDA:1,(anonymous_11)
FNDA:0,(anonymous_12)
FNDA:2,(anonymous_13)
DA:15,1
DA:16,1
DA:17,1
DA:18,1
DA:19,1
DA:28,1
DA:84,1
DA:85,1
DA:87,1
DA:88,1
DA:89,1
DA:90,1
DA:91,1
DA:93,1
DA:94,1
DA:95,1
DA:97,1
DA:98,1
DA:99,1
DA:100,1
DA:101,1
DA:103,1
DA:104,1
DA:105,1
DA:106,1
DA:108,1
DA:109,1
DA:111,0
DA:112,0
DA:125,1
DA:126,1
DA:127,1
DA:129,0
DA:130,0
DA:149,1
DA:150,2
DA:151,2
DA:152,2
DA:154,2
DA:155,2
DA:157,2
DA:162,25
DA:163,1
DA:165,1
DA:166,1
DA:167,1
DA:169,1
DA:170,1
DA:172,1
DA:173,1
DA:174,1
DA:175,2
DA:179,1
DA:180,1
DA:182,1
DA:183,1
DA:184,1
DA:185,0
DA:186,0
DA:190,1
DA:191,1
DA:192,1
DA:193,1
DA:195,1
DA:201,1
DA:202,25
DA:205,1
DA:206,1
DA:207,1
DA:209,1
DA:213,1
DA:216,1
DA:217,1
DA:218,1
DA:219,1
DA:223,1
DA:224,1
DA:226,0
DA:227,0
DA:228,0
DA:229,0
DA:230,0
DA:234,1
DA:235,2
DA:236,2
DA:237,1
DA:238,1
DA:239,1
DA:241,1
DA:242,1
DA:247,1
LF:91
LH:80
BRDA:89,0,0,1
BRDA:89,0,1,0
BRDA:93,1,0,1
BRDA:93,1,1,0
BRDA:93,2,0,1
BRDA:93,2,1,1
BRDA:98,3,0,1
BRDA:98,3,1,0
BRDA:103,4,0,1
BRDA:103,4,1,0
BRDA:163,5,0,0
BRDA:163,5,1,1
BRDA:166,6,0,1
BRDA:166,6,1,0
BRDA:172,7,0,1
BRDA:172,7,1,0
BRDA:172,8,0,1
BRDA:172,8,1,1
BRDA:172,8,2,1
BRDA:183,9,0,1
BRDA:183,9,1,0
BRDA:202,10,0,25
BRDA:202,10,1,24
BRDA:206,11,0,1
BRDA:206,11,1,0
BRDA:216,12,0,1
BRDA:216,12,1,0
BRDA:216,13,0,1
BRDA:216,13,1,1
BRDA:227,14,0,0
BRDA:227,14,1,0
BRDA:236,15,0,1
BRDA:236,15,1,1
BRDA:236,16,0,2
BRDA:236,16,1,1
BRF:35
BRH:23
end_of_record
TN:
SF:src/main/handlers/systemHandlers.js
FN:11,handleGetBackupReminderStatus
FN:40,registerSystemHandlers
FN:41,(anonymous_2)
FN:45,(anonymous_3)
FN:72,(anonymous_4)
FN:98,(anonymous_5)
FN:119,(anonymous_6)
FN:140,(anonymous_7)
FN:151,(anonymous_8)
FN:174,(anonymous_9)
FN:185,(anonymous_10)
FNF:11
FNH:11
FNDA:5,handleGetBackupReminderStatus
FNDA:37,registerSystemHandlers
FNDA:1,(anonymous_2)
FNDA:12,(anonymous_3)
FNDA:9,(anonymous_4)
FNDA:3,(anonymous_5)
FNDA:4,(anonymous_6)
FNDA:2,(anonymous_7)
FNDA:4,(anonymous_8)
FNDA:2,(anonymous_9)
FNDA:7,(anonymous_10)
DA:1,2
DA:2,2
DA:3,2
DA:4,2
DA:5,2
DA:6,2
DA:7,2
DA:8,2
DA:9,2
DA:12,5
DA:13,5
DA:14,5
DA:16,4
DA:17,1
DA:20,3
DA:21,3
DA:22,1
DA:25,2
DA:26,2
DA:27,2
DA:29,2
DA:30,1
DA:33,1
DA:35,1
DA:36,1
DA:41,37
DA:42,1
DA:45,37
DA:46,12
DA:47,12
DA:59,12
DA:60,1
DA:64,11
DA:66,10
DA:67,1
DA:68,1
DA:70,1
DA:72,9
DA:73,9
DA:75,9
DA:76,1
DA:79,8
DA:80,8
DA:81,3
DA:82,5
DA:83,2
DA:84,3
DA:85,2
DA:87,1
DA:91,8
DA:93,2
DA:94,2
DA:98,37
DA:99,3
DA:100,3
DA:106,3
DA:107,1
DA:110,2
DA:112,1
DA:114,1
DA:115,1
DA:119,37
DA:120,4
DA:121,4
DA:127,4
DA:128,2
DA:131,2
DA:133,1
DA:135,1
DA:136,1
DA:140,37
DA:141,2
DA:144,2
DA:145,1
DA:147,1
DA:151,37
DA:152,4
DA:153,4
DA:154,1
DA:156,3
DA:157,3
DA:163,3
DA:164,1
DA:167,2
DA:169,2
DA:170,2
DA:174,37
DA:175,2
DA:176,2
DA:177,2
DA:178,1
DA:180,1
DA:181,1
DA:185,37
DA:186,7
DA:187,1
DA:189,6
DA:190,6
DA:191,6
DA:192,1
DA:194,5
DA:195,5
DA:196,1
DA:198,4
DA:203,4
DA:204,1
DA:206,3
DA:207,3
DA:208,2
DA:209,1
DA:211,1
DA:213,1
DA:214,1
DA:221,37
DA:224,2
LF:115
LH:115
BRDA:16,0,0,1
BRDA:16,0,1,3
BRDA:21,1,0,1
BRDA:21,1,1,2
BRDA:21,2,0,3
BRDA:21,2,1,2
BRDA:29,3,0,1
BRDA:29,3,1,1
BRDA:51,4,0,6
BRDA:51,4,1,6
BRDA:53,5,0,3
BRDA:53,5,1,3
BRDA:59,6,0,1
BRDA:59,6,1,11
BRDA:66,7,0,1
BRDA:66,7,1,9
BRDA:67,8,0,1
BRDA:67,8,1,0
BRDA:75,9,0,1
BRDA:75,9,1,8
BRDA:80,10,0,3
BRDA:80,10,1,5
BRDA:82,11,0,2
BRDA:82,11,1,3
BRDA:84,12,0,2
BRDA:84,12,1,1
BRDA:106,13,0,1
BRDA:106,13,1,2
BRDA:127,14,0,2
BRDA:127,14,1,2
BRDA:127,15,0,4
BRDA:127,15,1,3
BRDA:127,15,2,3
BRDA:144,16,0,1
BRDA:144,16,1,1
BRDA:153,17,0,1
BRDA:153,17,1,3
BRDA:163,18,0,1
BRDA:163,18,1,2
BRDA:163,19,0,3
BRDA:163,19,1,2
BRDA:186,20,0,1
BRDA:186,20,1,6
BRDA:186,21,0,7
BRDA:186,21,1,6
BRDA:191,22,0,1
BRDA:191,22,1,5
BRDA:195,23,0,1
BRDA:195,23,1,4
BRDA:203,24,0,1
BRDA:203,24,1,3
BRDA:203,25,0,4
BRDA:203,25,1,3
BRDA:203,25,2,3
BRDA:208,26,0,1
BRDA:208,26,1,1
BRF:56
BRH:55
end_of_record
TN:
SF:src/main/handlers/userHandlers.js
FN:30,registerUserHandlers
FN:31,(anonymous_1)
FN:53,(anonymous_2)
FN:57,(anonymous_3)
FN:69,(anonymous_4)
FN:71,(anonymous_5)
FN:72,(anonymous_6)
FN:77,(anonymous_7)
FN:83,(anonymous_8)
FN:93,(anonymous_9)
FN:95,(anonymous_10)
FN:96,(anonymous_11)
FN:101,(anonymous_12)
FN:107,(anonymous_13)
FN:114,(anonymous_14)
FN:129,(anonymous_15)
FN:130,(anonymous_16)
FNF:17
FNH:5
FNDA:2,registerUserHandlers
FNDA:0,(anonymous_1)
FNDA:0,(anonymous_2)
FNDA:0,(anonymous_3)
FNDA:0,(anonymous_4)
FNDA:0,(anonymous_5)
FNDA:0,(anonymous_6)
FNDA:0,(anonymous_7)
FNDA:0,(anonymous_8)
FNDA:0,(anonymous_9)
FNDA:0,(anonymous_10)
FNDA:0,(anonymous_11)
FNDA:0,(anonymous_12)
FNDA:1,(anonymous_13)
FNDA:4,(anonymous_14)
FNDA:4,(anonymous_15)
FNDA:4,(anonymous_16)
DA:1,2
DA:2,2
DA:3,2
DA:4,2
DA:5,2
DA:6,2
DA:8,2
DA:31,2
DA:34,0
DA:35,0
DA:36,0
DA:37,0
DA:38,0
DA:39,0
DA:41,0
DA:42,0
DA:43,0
DA:45,0
DA:46,0
DA:47,0
DA:49,0
DA:50,0
DA:53,2
DA:54,0
DA:57,2
DA:58,0
DA:59,0
DA:60,0
DA:62,0
DA:66,0
DA:67,0
DA:69,0
DA:70,0
DA:71,0
DA:72,0
DA:73,0
DA:74,0
DA:76,0
DA:77,0
DA:78,0
DA:79,0
DA:83,2
DA:84,0
DA:85,0
DA:89,0
DA:90,0
DA:92,0
DA:93,0
DA:95,0
DA:96,0
DA:97,0
DA:98,0
DA:100,0
DA:101,0
DA:102,0
DA:103,0
DA:107,2
DA:108,1
DA:109,0
DA:110,0
DA:114,2
DA:115,4
DA:117,4
DA:118,4
DA:119,3
DA:120,3
DA:121,3
DA:122,2
DA:123,2
DA:126,3
DA:127,3
DA:129,4
DA:130,4
DA:131,2
DA:132,2
DA:133,2
DA:135,1
DA:136,1
DA:141,2
LF:79
LH:32
BRDA:36,0,0,0
BRDA:36,0,1,0
BRDA:41,1,0,0
BRDA:41,1,1,0
BRDA:41,2,0,0
BRDA:41,2,1,0
BRDA:45,3,0,0
BRDA:45,3,1,0
BRDA:45,4,0,0
BRDA:45,4,1,0
BRDA:66,5,0,0
BRDA:66,5,1,0
BRDA:70,6,0,0
BRDA:70,6,1,0
BRDA:72,7,0,0
BRDA:72,7,1,0
BRDA:76,8,0,0
BRDA:76,8,1,0
BRDA:89,9,0,0
BRDA:89,9,1,0
BRDA:93,10,0,0
BRDA:93,10,1,0
BRDA:96,11,0,0
BRDA:96,11,1,0
BRDA:100,12,0,0
BRDA:100,12,1,0
BRDA:108,13,0,1
BRDA:108,13,1,0
BRDA:108,14,0,1
BRDA:108,14,1,0
BRDA:118,15,0,1
BRDA:118,15,1,3
BRDA:118,16,0,4
BRDA:118,16,1,3
BRDA:120,17,0,2
BRDA:120,17,1,1
BRDA:120,18,0,1
BRDA:120,18,1,1
BRDA:121,19,0,2
BRDA:121,19,1,1
BRDA:123,20,0,2
BRDA:123,20,1,0
BRDA:127,21,0,1
BRDA:127,21,1,2
BRDA:136,22,0,1
BRDA:136,22,1,0
BRF:46
BRH:16
end_of_record
TN:
SF:src/renderer/App.jsx
FN:46,App
FN:58,(anonymous_1)
FN:60,(anonymous_2)
FN:65,(anonymous_3)
FN:74,(anonymous_4)
FNF:5
FNH:3
FNDA:4,App
FNDA:4,(anonymous_1)
FNDA:0,(anonymous_2)
FNDA:4,(anonymous_3)
FNDA:0,(anonymous_4)
DA:52,4
DA:58,4
DA:60,4
DA:61,0
DA:65,4
DA:66,4
DA:74,4
DA:75,0
DA:78,4
LF:9
LH:7
BRF:0
BRH:0
end_of_record
TN:
SF:src/renderer/components/ClassDetailsModal.jsx
FN:5,DetailItem
FN:24,ClassDetailsModal
FN:27,(anonymous_2)
FN:44,(anonymous_3)
FNF:4
FNH:0
FNDA:0,DetailItem
FNDA:0,ClassDetailsModal
FNDA:0,(anonymous_2)
FNDA:0,(anonymous_3)
DA:6,0
DA:8,0
DA:25,0
DA:27,0
DA:28,0
DA:29,0
DA:30,0
DA:31,0
DA:33,0
DA:43,0
DA:44,0
DA:47,0
DA:51,0
DA:57,0
DA:63,0
DA:70,0
LF:16
LH:0
BRDA:5,0,0,0
BRDA:5,1,0,0
BRDA:6,2,0,0
BRDA:6,2,1,0
BRDA:6,3,0,0
BRDA:6,3,1,0
BRDA:12,4,0,0
BRDA:12,4,1,0
BRDA:25,5,0,0
BRDA:25,5,1,0
BRDA:28,6,0,0
BRDA:28,6,1,0
BRDA:28,7,0,0
BRDA:28,7,1,0
BRDA:31,8,0,0
BRDA:31,8,1,0
BRDA:31,9,0,0
BRDA:31,9,1,0
BRDA:44,10,0,0
BRDA:44,10,1,0
BRDA:81,11,0,0
BRDA:81,11,1,0
BRDA:82,12,0,0
BRDA:82,12,1,0
BRDA:83,13,0,0
BRDA:83,13,1,0
BRDA:86,14,0,0
BRDA:86,14,1,0
BRDA:88,15,0,0
BRDA:88,15,1,0
BRDA:92,16,0,0
BRDA:92,16,1,0
BRDA:94,17,0,0
BRDA:94,17,1,0
BRDA:99,18,0,0
BRDA:99,18,1,0
BRDA:107,19,0,0
BRDA:107,19,1,0
BRF:38
BRH:0
end_of_record
TN:
SF:src/renderer/components/ClassFormModal.jsx
FN:15,ClassFormModal
FN:20,(anonymous_1)
FN:22,(anonymous_2)
FN:38,(anonymous_3)
FN:76,(anonymous_4)
FN:78,(anonymous_5)
FN:81,(anonymous_6)
FN:84,(anonymous_7)
FN:87,(anonymous_8)
FN:88,(anonymous_9)
FN:91,(anonymous_10)
FN:92,(anonymous_11)
FN:93,(anonymous_12)
FN:96,(anonymous_13)
FN:99,(anonymous_14)
FN:146,(anonymous_15)
FN:177,(anonymous_16)
FN:181,(anonymous_17)
FN:184,(anonymous_18)
FN:193,(anonymous_19)
FN:197,(anonymous_20)
FNF:21
FNH:0
FNDA:0,ClassFormModal
FNDA:0,(anonymous_1)
FNDA:0,(anonymous_2)
FNDA:0,(anonymous_3)
FNDA:0,(anonymous_4)
FNDA:0,(anonymous_5)
FNDA:0,(anonymous_6)
FNDA:0,(anonymous_7)
FNDA:0,(anonymous_8)
FNDA:0,(anonymous_9)
FNDA:0,(anonymous_10)
FNDA:0,(anonymous_11)
FNDA:0,(anonymous_12)
FNDA:0,(anonymous_13)
FNDA:0,(anonymous_14)
FNDA:0,(anonymous_15)
FNDA:0,(anonymous_16)
FNDA:0,(anonymous_17)
FNDA:0,(anonymous_18)
FNDA:0,(anonymous_19)
FNDA:0,(anonymous_20)
DA:5,1
DA:16,0
DA:17,0
DA:18,0
DA:20,0
DA:22,0
DA:23,0
DA:26,0
DA:27,0
DA:29,0
DA:33,0
DA:34,0
DA:38,0
DA:39,0
DA:51,0
DA:53,0
DA:56,0
DA:60,0
DA:72,0
DA:76,0
DA:77,0
DA:78,0
DA:81,0
DA:82,0
DA:83,0
DA:84,0
DA:87,0
DA:88,0
DA:91,0
DA:92,0
DA:93,0
DA:96,0
DA:97,0
DA:99,0
DA:100,0
DA:106,0
DA:147,0
DA:178,0
DA:181,0
DA:185,0
DA:193,0
DA:197,0
LF:42
LH:1
BRDA:33,0,0,0
BRDA:33,0,1,0
BRDA:51,1,0,0
BRDA:51,1,1,0
BRDA:51,2,0,0
BRDA:51,2,1,0
BRDA:53,3,0,0
BRDA:53,3,1,0
BRDA:56,4,0,0
BRDA:56,4,1,0
BRDA:67,5,0,0
BRDA:67,5,1,0
BRDA:67,6,0,0
BRDA:67,6,1,0
BRDA:99,7,0,0
BRDA:99,7,1,0
BRDA:102,8,0,0
BRDA:102,8,1,0
BRDA:110,9,0,0
BRDA:110,9,1,0
BRDA:121,10,0,0
BRDA:121,10,1,0
BRDA:131,11,0,0
BRDA:131,11,1,0
BRDA:142,12,0,0
BRDA:142,12,1,0
BRDA:157,13,0,0
BRDA:157,13,1,0
BRDA:167,14,0,0
BRDA:167,14,1,0
BRDA:196,15,0,0
BRDA:196,15,1,0
BRDA:212,16,0,0
BRDA:212,16,1,0
BRDA:221,17,0,0
BRDA:221,17,1,0
BRDA:231,18,0,0
BRDA:231,18,1,0
BRDA:241,19,0,0
BRDA:241,19,1,0
BRF:40
BRH:0
end_of_record
TN:
SF:src/renderer/components/ConfirmationModal.jsx
FN:4,ConfirmationModal
FNF:1
FNH:1
FNDA:5,ConfirmationModal
DA:13,5
LF:1
LH:1
BRDA:10,0,0,4
BRDA:11,1,0,4
BRF:2
BRH:2
end_of_record
TN:
SF:src/renderer/components/EnrollmentModal.jsx
FN:7,EnrollmentModal
FN:14,(anonymous_1)
FN:15,(anonymous_2)
FN:56,(anonymous_3)
FN:57,(anonymous_4)
FN:58,(anonymous_5)
FN:61,(anonymous_6)
FN:62,(anonymous_7)
FN:64,(anonymous_8)
FN:68,(anonymous_9)
FN:78,(anonymous_10)
FN:93,(anonymous_11)
FN:95,(anonymous_12)
FN:96,(anonymous_13)
FN:98,(anonymous_14)
FN:98,(anonymous_15)
FN:99,(anonymous_16)
FN:99,(anonymous_17)
FN:99,(anonymous_18)
FN:111,(anonymous_19)
FN:113,(anonymous_20)
FN:138,(anonymous_21)
FN:148,(anonymous_22)
FN:159,(anonymous_23)
FN:168,(anonymous_24)
FN:180,(anonymous_25)
FN:187,(anonymous_26)
FNF:27
FNH:0
FNDA:0,EnrollmentModal
FNDA:0,(anonymous_1)
FNDA:0,(anonymous_2)
FNDA:0,(anonymous_3)
FNDA:0,(anonymous_4)
FNDA:0,(anonymous_5)
FNDA:0,(anonymous_6)
FNDA:0,(anonymous_7)
FNDA:0,(anonymous_8)
FNDA:0,(anonymous_9)
FNDA:0,(anonymous_10)
FNDA:0,(anonymous_11)
FNDA:0,(anonymous_12)
FNDA:0,(anonymous_13)
FNDA:0,(anonymous_14)
FNDA:0,(anonymous_15)
FNDA:0,(anonymous_16)
FNDA:0,(anonymous_17)
FNDA:0,(anonymous_18)
FNDA:0,(anonymous_19)
FNDA:0,(anonymous_20)
FNDA:0,(anonymous_21)
FNDA:0,(anonymous_22)
FNDA:0,(anonymous_23)
FNDA:0,(anonymous_24)
FNDA:0,(anonymous_25)
FNDA:0,(anonymous_26)
DA:8,0
DA:9,0
DA:10,0
DA:11,0
DA:12,0
DA:14,0
DA:15,0
DA:16,0
DA:17,0
DA:18,0
DA:19,0
DA:21,0
DA:22,0
DA:24,0
DA:30,0
DA:31,0
DA:34,0
DA:35,0
DA:36,0
DA:38,0
DA:41,0
DA:42,0
DA:43,0
DA:44,0
DA:45,0
DA:47,0
DA:51,0
DA:52,0
DA:56,0
DA:57,0
DA:58,0
DA:61,0
DA:62,0
DA:63,0
DA:64,0
DA:68,0
DA:69,0
DA:70,0
DA:71,0
DA:73,0
DA:75,0
DA:78,0
DA:79,0
DA:80,0
DA:81,0
DA:82,0
DA:83,0
DA:84,0
DA:85,0
DA:86,0
DA:88,0
DA:93,0
DA:95,0
DA:96,0
DA:98,0
DA:99,0
DA:102,0
DA:104,0
DA:105,0
DA:107,0
DA:111,0
DA:112,0
DA:113,0
DA:114,0
DA:115,0
DA:116,0
DA:118,0
DA:119,0
DA:123,0
DA:139,0
DA:148,0
DA:160,0
DA:168,0
DA:181,0
DA:187,0
LF:75
LH:0
BRDA:16,0,0,0
BRDA:16,0,1,0
BRDA:30,1,0,0
BRDA:30,1,1,0
BRDA:31,2,0,0
BRDA:31,2,1,0
BRDA:35,3,0,0
BRDA:35,3,1,0
BRDA:51,4,0,0
BRDA:51,4,1,0
BRDA:70,5,0,0
BRDA:70,5,1,0
BRDA:79,6,0,0
BRDA:79,6,1,0
BRDA:85,7,0,0
BRDA:85,7,1,0
BRDA:126,8,0,0
BRDA:126,8,1,0
BRDA:129,9,0,0
BRDA:129,9,1,0
BRDA:185,10,0,0
BRDA:185,10,1,0
BRDA:185,11,0,0
BRDA:185,11,1,0
BRDA:185,12,0,0
BRDA:185,12,1,0
BRF:26
BRH:0
end_of_record
TN:
SF:src/renderer/components/GroupFormModal.jsx
FN:5,GroupFormModal
FN:14,(anonymous_1)
FN:33,(anonymous_2)
FN:35,(anonymous_3)
FN:38,(anonymous_4)
FN:90,(anonymous_5)
FNF:6
FNH:0
FNDA:0,GroupFormModal
FNDA:0,(anonymous_1)
FNDA:0,(anonymous_2)
FNDA:0,(anonymous_3)
FNDA:0,(anonymous_4)
FNDA:0,(anonymous_5)
DA:6,0
DA:12,0
DA:14,0
DA:15,0
DA:16,0
DA:17,0
DA:24,0
DA:33,0
DA:34,0
DA:35,0
DA:38,0
DA:39,0
DA:40,0
DA:41,0
DA:42,0
DA:44,0
DA:47,0
DA:53,0
DA:91,0
LF:19
LH:0
BRDA:15,0,0,0
BRDA:15,0,1,0
BRDA:16,1,0,0
BRDA:16,1,1,0
BRDA:18,2,0,0
BRDA:18,2,1,0
BRDA:19,3,0,0
BRDA:19,3,1,0
BRDA:20,4,0,0
BRDA:20,4,1,0
BRDA:40,5,0,0
BRDA:40,5,1,0
BRDA:40,6,0,0
BRDA:40,6,1,0
BRDA:56,7,0,0
BRDA:56,7,1,0
BRDA:101,8,0,0
BRDA:101,8,1,0
BRF:18
BRH:0
end_of_record
TN:
SF:src/renderer/components/GroupStudentAssignmentModal.jsx
FN:6,GroupStudentAssignmentModal
FN:15,(anonymous_1)
FN:16,(anonymous_2)
FN:23,(anonymous_3)
FN:24,(anonymous_4)
FN:39,(anonymous_5)
FN:41,(anonymous_6)
FN:44,(anonymous_7)
FN:54,(anonymous_8)
FN:64,(anonymous_9)
FN:65,(anonymous_10)
FN:66,(anonymous_11)
FN:66,(anonymous_12)
FN:67,(anonymous_13)
FN:67,(anonymous_14)
FN:71,(anonymous_15)
FN:72,(anonymous_16)
FN:73,(anonymous_17)
FN:73,(anonymous_18)
FN:74,(anonymous_19)
FN:74,(anonymous_20)
FN:78,(anonymous_21)
FN:81,(anonymous_22)
FN:98,(anonymous_23)
FN:100,(anonymous_24)
FN:105,(anonymous_25)
FN:129,(anonymous_26)
FNF:27
FNH:0
FNDA:0,GroupStudentAssignmentModal
FNDA:0,(anonymous_1)
FNDA:0,(anonymous_2)
FNDA:0,(anonymous_3)
FNDA:0,(anonymous_4)
FNDA:0,(anonymous_5)
FNDA:0,(anonymous_6)
FNDA:0,(anonymous_7)
FNDA:0,(anonymous_8)
FNDA:0,(anonymous_9)
FNDA:0,(anonymous_10)
FNDA:0,(anonymous_11)
FNDA:0,(anonymous_12)
FNDA:0,(anonymous_13)
FNDA:0,(anonymous_14)
FNDA:0,(anonymous_15)
FNDA:0,(anonymous_16)
FNDA:0,(anonymous_17)
FNDA:0,(anonymous_18)
FNDA:0,(anonymous_19)
FNDA:0,(anonymous_20)
FNDA:0,(anonymous_21)
FNDA:0,(anonymous_22)
FNDA:0,(anonymous_23)
FNDA:0,(anonymous_24)
FNDA:0,(anonymous_25)
FNDA:0,(anonymous_26)
DA:7,0
DA:8,0
DA:9,0
DA:11,0
DA:12,0
DA:13,0
DA:15,0
DA:16,0
DA:17,0
DA:18,0
DA:19,0
DA:20,0
DA:21,0
DA:22,0
DA:23,0
DA:24,0
DA:26,0
DA:29,0
DA:30,0
DA:32,0
DA:36,0
DA:39,0
DA:40,0
DA:41,0
DA:44,0
DA:45,0
DA:46,0
DA:47,0
DA:49,0
DA:51,0
DA:54,0
DA:55,0
DA:56,0
DA:57,0
DA:59,0
DA:61,0
DA:64,0
DA:65,0
DA:66,0
DA:67,0
DA:68,0
DA:71,0
DA:72,0
DA:73,0
DA:74,0
DA:75,0
DA:78,0
DA:79,0
DA:80,0
DA:81,0
DA:82,0
DA:83,0
DA:84,0
DA:85,0
DA:86,0
DA:88,0
DA:91,0
DA:92,0
DA:94,0
DA:98,0
DA:99,0
DA:101,0
DA:105,0
DA:113,0
DA:129,0
LF:65
LH:0
BRDA:17,0,0,0
BRDA:17,0,1,0
BRDA:17,1,0,0
BRDA:17,1,1,0
BRDA:21,2,0,0
BRDA:21,2,1,0
BRDA:40,3,0,0
BRDA:40,3,1,0
BRDA:46,4,0,0
BRDA:46,4,1,0
BRDA:56,5,0,0
BRDA:56,5,1,0
BRDA:83,6,0,0
BRDA:83,6,1,0
BRDA:85,7,0,0
BRDA:85,7,1,0
BRDA:119,8,0,0
BRDA:119,8,1,0
BRDA:119,9,0,0
BRDA:119,9,1,0
BRDA:152,10,0,0
BRDA:152,10,1,0
BRF:22
BRH:0
end_of_record
TN:
SF:src/renderer/components/GroupsTabContent.jsx
FN:7,GroupsTabContent
FN:15,(anonymous_1)
FN:33,(anonymous_2)
FN:37,(anonymous_3)
FN:42,(anonymous_4)
FN:58,(anonymous_5)
FN:77,(anonymous_6)
FN:83,(anonymous_7)
FN:86,(anonymous_8)
FN:89,(anonymous_9)
FNF:10
FNH:0
FNDA:0,GroupsTabContent
FNDA:0,(anonymous_1)
FNDA:0,(anonymous_2)
FNDA:0,(anonymous_3)
FNDA:0,(anonymous_4)
FNDA:0,(anonymous_5)
FNDA:0,(anonymous_6)
FNDA:0,(anonymous_7)
FNDA:0,(anonymous_8)
FNDA:0,(anonymous_9)
DA:8,0
DA:9,0
DA:10,0
DA:12,0
DA:13,0
DA:15,0
DA:16,0
DA:17,0
DA:18,0
DA:19,0
DA:20,0
DA:21,0
DA:23,0
DA:26,0
DA:27,0
DA:29,0
DA:33,0
DA:34,0
DA:37,0
DA:38,0
DA:39,0
DA:42,0
DA:43,0
DA:44,0
DA:47,0
DA:58,0
DA:78,0
DA:83,0
DA:86,0
DA:89,0
LF:30
LH:0
BRDA:20,0,0,0
BRDA:20,0,1,0
BRDA:63,1,0,0
BRDA:63,1,1,0
BRDA:76,2,0,0
BRDA:76,2,1,0
BRDA:81,3,0,0
BRDA:81,3,1,0
BRDA:98,4,0,0
BRDA:98,4,1,0
BRF:10
BRH:0
end_of_record
TN:
SF:src/renderer/components/InitialCredentialsBanner.jsx
FN:5,InitialCredentialsBanner
FN:10,(anonymous_1)
FNF:2
FNH:2
FNDA:8,InitialCredentialsBanner
FNDA:1,(anonymous_1)
DA:6,8
DA:7,6
DA:10,2
DA:11,1
DA:12,1
DA:13,1
DA:14,1
DA:17,2
LF:8
LH:8
BRDA:6,0,0,6
BRDA:6,0,1,2
BRF:2
BRH:2
end_of_record
TN:
SF:src/renderer/components/PasswordInput.jsx
FN:5,(anonymous_0)
FN:18,(anonymous_1)
FNF:2
FNH:2
FNDA:11,(anonymous_0)
FNDA:2,(anonymous_1)
DA:5,2
DA:16,11
DA:18,11
DA:19,2
DA:22,11
LF:5
LH:5
BRDA:10,0,0,10
BRDA:11,1,0,9
BRDA:12,2,0,10
BRDA:24,3,0,11
BRDA:24,3,1,10
BRDA:27,4,0,1
BRDA:27,4,1,10
BRDA:52,5,0,1
BRDA:52,5,1,10
BRDA:55,6,0,11
BRDA:55,6,1,1
BRF:11
BRH:11
end_of_record
TN:
SF:src/renderer/components/PasswordPromptModal.jsx
FN:5,(anonymous_0)
FN:8,(anonymous_1)
FN:13,(anonymous_2)
FN:29,(anonymous_3)
FNF:4
FNH:0
FNDA:0,(anonymous_0)
FNDA:0,(anonymous_1)
FNDA:0,(anonymous_2)
FNDA:0,(anonymous_3)
DA:5,1
DA:6,0
DA:8,0
DA:9,0
DA:10,0
DA:13,0
DA:14,0
DA:15,0
DA:19,0
DA:29,0
LF:10
LH:1
BRDA:14,0,0,0
BRDA:14,0,1,0
BRDA:14,1,0,0
BRDA:14,1,1,0
BRF:4
BRH:0
end_of_record
TN:
SF:src/renderer/components/ProtectedRoute.jsx
FN:36,ProtectedRoute
FNF:1
FNH:1
FNDA:2,ProtectedRoute
DA:37,2
DA:40,2
DA:41,1
DA:45,1
LF:4
LH:4
BRDA:40,0,0,1
BRDA:40,0,1,1
BRF:2
BRH:2
end_of_record
TN:
SF:src/renderer/components/StatCard.jsx
FN:4,StatCard
FNF:1
FNH:1
FNDA:7,StatCard
DA:5,7
LF:1
LH:1
BRDA:13,0,0,7
BRDA:13,0,1,3
BRF:2
BRH:2
end_of_record
TN:
SF:src/renderer/components/StudentDetailsModal.jsx
FN:4,DetailItem
FN:23,StudentDetailsModal
FN:26,(anonymous_2)
FNF:3
FNH:0
FNDA:0,DetailItem
FNDA:0,StudentDetailsModal
FNDA:0,(anonymous_2)
DA:5,0
DA:7,0
DA:24,0
DA:26,0
DA:27,0
DA:28,0
DA:29,0
DA:30,0
DA:31,0
DA:32,0
DA:33,0
DA:35,0
DA:38,0
DA:43,0
LF:14
LH:0
BRDA:4,0,0,0
BRDA:4,1,0,0
BRDA:5,2,0,0
BRDA:5,2,1,0
BRDA:11,3,0,0
BRDA:11,3,1,0
BRDA:24,4,0,0
BRDA:24,4,1,0
BRDA:27,5,0,0
BRDA:27,5,1,0
BRDA:32,6,0,0
BRDA:32,6,1,0
BRDA:32,7,0,0
BRDA:32,7,1,0
BRDA:32,7,2,0
BRDA:59,8,0,0
BRDA:59,8,1,0
BRDA:73,9,0,0
BRDA:73,9,1,0
BRDA:73,9,2,0
BRDA:100,10,0,0
BRDA:100,10,1,0
BRDA:102,11,0,0
BRDA:102,11,1,0
BRF:24
BRH:0
end_of_record
TN:
SF:src/renderer/components/StudentFormModal.jsx
FN:6,StudentFormModal
FN:15,(anonymous_1)
FN:59,(anonymous_2)
FN:63,(anonymous_3)
FN:69,(anonymous_4)
FN:91,(anonymous_5)
FN:115,(anonymous_6)
FN:117,(anonymous_7)
FN:120,(anonymous_8)
FN:124,(anonymous_9)
FN:180,(anonymous_10)
FN:181,(anonymous_11)
FNF:12
FNH:0
FNDA:0,StudentFormModal
FNDA:0,(anonymous_1)
FNDA:0,(anonymous_2)
FNDA:0,(anonymous_3)
FNDA:0,(anonymous_4)
FNDA:0,(anonymous_5)
FNDA:0,(anonymous_6)
FNDA:0,(anonymous_7)
FNDA:0,(anonymous_8)
FNDA:0,(anonymous_9)
FNDA:0,(anonymous_10)
FNDA:0,(anonymous_11)
DA:7,0
DA:8,0
DA:9,0
DA:10,0
DA:12,0
DA:13,0
DA:15,0
DA:16,0
DA:43,0
DA:45,0
DA:54,0
DA:55,0
DA:56,0
DA:59,0
DA:60,0
DA:61,0
DA:62,0
DA:63,0
DA:64,0
DA:66,0
DA:67,0
DA:68,0
DA:69,0
DA:70,0
DA:72,0
DA:75,0
DA:78,0
DA:81,0
DA:85,0
DA:86,0
DA:91,0
DA:92,0
DA:93,0
DA:94,0
DA:95,0
DA:96,0
DA:97,0
DA:98,0
DA:100,0
DA:102,0
DA:103,0
DA:104,0
DA:105,0
DA:107,0
DA:110,0
DA:111,0
DA:115,0
DA:116,0
DA:117,0
DA:120,0
DA:121,0
DA:122,0
DA:124,0
DA:126,0
DA:129,0
DA:180,0
DA:181,0
LF:57
LH:0
BRDA:43,0,0,0
BRDA:43,0,1,0
BRDA:43,1,0,0
BRDA:43,1,1,0
BRDA:48,2,0,0
BRDA:48,2,1,0
BRDA:62,3,0,0
BRDA:62,3,1,0
BRDA:66,4,0,0
BRDA:66,4,1,0
BRDA:66,5,0,0
BRDA:66,5,1,0
BRDA:68,6,0,0
BRDA:68,6,1,0
BRDA:85,7,0,0
BRDA:85,7,1,0
BRDA:92,8,0,0
BRDA:92,8,1,0
BRDA:97,9,0,0
BRDA:97,9,1,0
BRDA:97,10,0,0
BRDA:97,10,1,0
BRDA:97,10,2,0
BRDA:102,11,0,0
BRDA:102,11,1,0
BRDA:104,12,0,0
BRDA:104,12,1,0
BRDA:126,13,0,0
BRDA:126,13,1,0
BRDA:133,14,0,0
BRDA:133,14,1,0
BRDA:136,15,0,0
BRDA:136,15,1,0
BRDA:140,16,0,0
BRDA:140,16,1,0
BRDA:154,17,0,0
BRDA:154,17,1,0
BRDA:164,18,0,0
BRDA:164,18,1,0
BRDA:180,19,0,0
BRDA:180,19,1,0
BRDA:188,20,0,0
BRDA:188,20,1,0
BRDA:193,21,0,0
BRDA:193,21,1,0
BRDA:193,21,2,0
BRDA:199,22,0,0
BRDA:199,22,1,0
BRDA:213,23,0,0
BRDA:213,23,1,0
BRDA:218,24,0,0
BRDA:218,24,1,0
BRDA:218,24,2,0
BRDA:225,25,0,0
BRDA:225,25,1,0
BRDA:235,26,0,0
BRDA:235,26,1,0
BRDA:246,27,0,0
BRDA:246,27,1,0
BRDA:246,27,2,0
BRDA:246,27,3,0
BRDA:255,28,0,0
BRDA:255,28,1,0
BRDA:264,29,0,0
BRDA:264,29,1,0
BRDA:275,30,0,0
BRDA:275,30,1,0
BRDA:285,31,0,0
BRDA:285,31,1,0
BRDA:296,32,0,0
BRDA:296,32,1,0
BRDA:305,33,0,0
BRDA:305,33,1,0
BRDA:314,34,0,0
BRDA:314,34,1,0
BRDA:327,35,0,0
BRDA:327,35,1,0
BRDA:337,36,0,0
BRDA:337,36,1,0
BRDA:340,37,0,0
BRDA:340,37,1,0
BRDA:347,38,0,0
BRDA:347,38,1,0
BRDA:356,39,0,0
BRDA:356,39,1,0
BRDA:362,40,0,0
BRDA:362,40,1,0
BRDA:362,40,2,0
BRDA:369,41,0,0
BRDA:369,41,1,0
BRDA:378,42,0,0
BRDA:378,42,1,0
BRDA:389,43,0,0
BRDA:389,43,1,0
BRDA:397,44,0,0
BRDA:397,44,1,0
BRDA:414,45,0,0
BRDA:414,45,1,0
BRDA:431,46,0,0
BRDA:431,46,1,0
BRDA:443,47,0,0
BRDA:443,47,1,0
BRDA:456,48,0,0
BRDA:456,48,1,0
BRDA:468,49,0,0
BRDA:468,49,1,0
BRDA:480,50,0,0
BRDA:480,50,1,0
BRF:108
BRH:0
end_of_record
TN:
SF:src/renderer/components/TeacherDetailsModal.jsx
FN:4,DetailItem
FN:17,TeacherDetailsModal
FN:20,(anonymous_2)
FNF:3
FNH:0
FNDA:0,DetailItem
FNDA:0,TeacherDetailsModal
FNDA:0,(anonymous_2)
DA:5,0
DA:7,0
DA:18,0
DA:20,0
DA:21,0
DA:22,0
DA:23,0
DA:24,0
DA:25,0
DA:26,0
DA:27,0
DA:29,0
DA:32,0
LF:13
LH:0
BRDA:5,0,0,0
BRDA:5,0,1,0
BRDA:18,1,0,0
BRDA:18,1,1,0
BRDA:21,2,0,0
BRDA:21,2,1,0
BRDA:26,3,0,0
BRDA:26,3,1,0
BRDA:26,4,0,0
BRDA:26,4,1,0
BRDA:26,4,2,0
BRF:11
BRH:0
end_of_record
TN:
SF:src/renderer/components/TeacherFormModal.jsx
FN:4,TeacherFormModal
FN:8,(anonymous_1)
FN:35,(anonymous_2)
FN:37,(anonymous_3)
FN:40,(anonymous_4)
FNF:5
FNH:0
FNDA:0,TeacherFormModal
FNDA:0,(anonymous_1)
FNDA:0,(anonymous_2)
FNDA:0,(anonymous_3)
FNDA:0,(anonymous_4)
DA:5,0
DA:6,0
DA:8,0
DA:9,0
DA:24,0
DA:25,0
DA:31,0
DA:35,0
DA:36,0
DA:37,0
DA:40,0
DA:41,0
DA:42,0
DA:45,0
LF:14
LH:0
BRDA:24,0,0,0
BRDA:24,0,1,0
BRDA:24,1,0,0
BRDA:24,1,1,0
BRDA:28,2,0,0
BRDA:28,2,1,0
BRDA:42,3,0,0
BRDA:42,3,1,0
BRDA:49,4,0,0
BRDA:49,4,1,0
BRDA:52,5,0,0
BRDA:52,5,1,0
BRDA:56,6,0,0
BRDA:56,6,1,0
BRDA:69,7,0,0
BRDA:69,7,1,0
BRDA:79,8,0,0
BRDA:79,8,1,0
BRDA:93,9,0,0
BRDA:93,9,1,0
BRDA:105,10,0,0
BRDA:105,10,1,0
BRDA:117,11,0,0
BRDA:117,11,1,0
BRDA:123,12,0,0
BRDA:123,12,1,0
BRDA:135,13,0,0
BRDA:135,13,1,0
BRDA:149,14,0,0
BRDA:149,14,1,0
BRDA:158,15,0,0
BRDA:158,15,1,0
BRDA:170,16,0,0
BRDA:170,16,1,0
BRDA:179,17,0,0
BRDA:179,17,1,0
BRDA:191,18,0,0
BRDA:191,18,1,0
BRDA:201,19,0,0
BRDA:201,19,1,0
BRF:40
BRH:0
end_of_record
TN:
SF:src/renderer/components/UserFormModal.jsx
FN:7,UserFormModal
FN:11,(anonymous_1)
FN:59,(anonymous_2)
FN:61,(anonymous_3)
FN:64,(anonymous_4)
FN:239,(anonymous_5)
FNF:6
FNH:0
FNDA:0,UserFormModal
FNDA:0,(anonymous_1)
FNDA:0,(anonymous_2)
FNDA:0,(anonymous_3)
FNDA:0,(anonymous_4)
FNDA:0,(anonymous_5)
DA:8,0
DA:9,0
DA:11,0
DA:12,0
DA:31,0
DA:33,0
DA:36,0
DA:37,0
DA:39,0
DA:48,0
DA:52,0
DA:59,0
DA:60,0
DA:61,0
DA:64,0
DA:65,0
DA:66,0
DA:67,0
DA:68,0
DA:69,0
DA:71,0
DA:73,0
DA:75,0
DA:76,0
DA:77,0
DA:81,0
DA:240,0
LF:27
LH:0
BRDA:31,0,0,0
BRDA:31,0,1,0
BRDA:31,1,0,0
BRDA:31,1,1,0
BRDA:33,2,0,0
BRDA:33,2,1,0
BRDA:36,3,0,0
BRDA:36,3,1,0
BRDA:37,4,0,0
BRDA:37,4,1,0
BRDA:67,5,0,0
BRDA:67,5,1,0
BRDA:85,6,0,0
BRDA:85,6,1,0
BRDA:88,7,0,0
BRDA:88,7,1,0
BRDA:92,8,0,0
BRDA:92,8,1,0
BRDA:105,9,0,0
BRDA:105,9,1,0
BRDA:116,10,0,0
BRDA:116,10,1,0
BRDA:118,11,0,0
BRDA:118,11,1,0
BRDA:125,12,0,0
BRDA:125,12,1,0
BRDA:138,13,0,0
BRDA:138,13,1,0
BRDA:150,14,0,0
BRDA:150,14,1,0
BRDA:162,15,0,0
BRDA:162,15,1,0
BRDA:171,16,0,0
BRDA:171,16,1,0
BRDA:183,17,0,0
BRDA:183,17,1,0
BRDA:192,18,0,0
BRDA:192,18,1,0
BRDA:204,19,0,0
BRDA:204,19,1,0
BRDA:212,20,0,0
BRDA:212,20,1,0
BRDA:229,21,0,0
BRDA:229,21,1,0
BRDA:238,22,0,0
BRDA:238,22,1,0
BRDA:246,23,0,0
BRDA:246,23,1,0
BRDA:251,24,0,0
BRDA:251,24,1,0
BRDA:260,25,0,0
BRDA:260,25,1,0
BRDA:288,26,0,0
BRDA:288,26,1,0
BRDA:298,27,0,0
BRDA:298,27,1,0
BRF:56
BRH:0
end_of_record
TN:
SF:src/renderer/components/about/AboutAppTab.jsx
FN:4,(anonymous_0)
FNF:1
FNH:0
FNDA:0,(anonymous_0)
DA:4,1
DA:5,0
LF:2
LH:1
BRF:0
BRH:0
end_of_record
TN:
SF:src/renderer/components/about/SupportTab.jsx
FN:4,(anonymous_0)
FNF:1
FNH:0
FNDA:0,(anonymous_0)
DA:4,1
DA:5,0
LF:2
LH:1
BRF:0
BRH:0
end_of_record
TN:
SF:src/renderer/components/about/TechnicalDetailsTab.jsx
FN:4,(anonymous_0)
FNF:1
FNH:0
FNDA:0,(anonymous_0)
DA:4,1
DA:5,0
LF:2
LH:1
BRF:0
BRH:0
end_of_record
TN:
SF:src/renderer/components/financials/DonationFormModal.jsx
FN:22,DonationFormModal
FN:33,(anonymous_1)
FN:34,(anonymous_2)
FN:39,(anonymous_3)
FN:42,(anonymous_4)
FN:49,(anonymous_5)
FN:53,(anonymous_6)
FN:58,(anonymous_7)
FN:77,(anonymous_8)
FN:79,(anonymous_9)
FN:90,(anonymous_10)
FN:95,(anonymous_11)
FN:97,(anonymous_12)
FN:99,(anonymous_13)
FN:104,(anonymous_14)
FN:123,(anonymous_15)
FN:123,(anonymous_16)
FN:164,(anonymous_17)
FN:171,(anonymous_18)
FNF:19
FNH:0
FNDA:0,DonationFormModal
FNDA:0,(anonymous_1)
FNDA:0,(anonymous_2)
FNDA:0,(anonymous_3)
FNDA:0,(anonymous_4)
FNDA:0,(anonymous_5)
FNDA:0,(anonymous_6)
FNDA:0,(anonymous_7)
FNDA:0,(anonymous_8)
FNDA:0,(anonymous_9)
FNDA:0,(anonymous_10)
FNDA:0,(anonymous_11)
FNDA:0,(anonymous_12)
FNDA:0,(anonymous_13)
FNDA:0,(anonymous_14)
FNDA:0,(anonymous_15)
FNDA:0,(anonymous_16)
FNDA:0,(anonymous_17)
FNDA:0,(anonymous_18)
DA:5,1
DA:20,1
DA:23,0
DA:24,0
DA:25,0
DA:27,0
DA:28,0
DA:30,0
DA:33,0
DA:34,0
DA:35,0
DA:36,0
DA:39,0
DA:42,0
DA:43,0
DA:44,0
DA:45,0
DA:49,0
DA:50,0
DA:51,0
DA:53,0
DA:58,0
DA:59,0
DA:60,0
DA:63,0
DA:69,0
DA:71,0
DA:72,0
DA:73,0
DA:77,0
DA:78,0
DA:79,0
DA:81,0
DA:82,0
DA:85,0
DA:86,0
DA:90,0
DA:91,0
DA:92,0
DA:94,0
DA:95,0
DA:97,0
DA:98,0
DA:99,0
DA:104,0
DA:105,0
DA:107,0
DA:109,0
DA:110,0
DA:111,0
DA:112,0
DA:113,0
DA:114,0
DA:118,0
DA:120,0
DA:121,0
DA:123,0
DA:124,0
DA:126,0
DA:127,0
DA:129,0
DA:130,0
DA:131,0
DA:133,0
DA:135,0
DA:136,0
DA:137,0
DA:139,0
DA:150,0
DA:151,0
DA:152,0
DA:153,0
DA:156,0
DA:159,0
DA:160,0
DA:164,0
DA:165,0
DA:172,0
DA:236,0
LF:79
LH:2
BRDA:35,0,0,0
BRDA:35,0,1,0
BRDA:43,1,0,0
BRDA:43,1,1,0
BRDA:50,2,0,0
BRDA:50,2,1,0
BRDA:50,3,0,0
BRDA:50,3,1,0
BRDA:59,4,0,0
BRDA:59,4,1,0
BRDA:60,5,0,0
BRDA:60,5,1,0
BRDA:81,6,0,0
BRDA:81,6,1,0
BRDA:81,7,0,0
BRDA:81,7,1,0
BRDA:85,8,0,0
BRDA:85,8,1,0
BRDA:94,9,0,0
BRDA:94,9,1,0
BRDA:98,10,0,0
BRDA:98,10,1,0
BRDA:109,11,0,0
BRDA:109,11,1,0
BRDA:121,12,0,0
BRDA:121,12,1,0
BRDA:121,13,0,0
BRDA:121,13,1,0
BRDA:124,14,0,0
BRDA:124,14,1,0
BRDA:131,15,0,0
BRDA:131,15,1,0
BRDA:133,16,0,0
BRDA:133,16,1,0
BRDA:135,17,0,0
BRDA:135,17,1,0
BRDA:153,18,0,0
BRDA:153,18,1,0
BRDA:159,19,0,0
BRDA:159,19,1,0
BRDA:179,20,0,0
BRDA:179,20,1,0
BRDA:239,21,0,0
BRDA:239,21,1,0
BRDA:256,22,0,0
BRDA:256,22,1,0
BRDA:276,23,0,0
BRDA:276,23,1,0
BRDA:276,23,2,0
BRDA:277,24,0,0
BRDA:277,24,1,0
BRF:51
BRH:0
end_of_record
TN:
SF:src/renderer/components/financials/DonationsTab.jsx
FN:8,DonationsTab
FN:17,(anonymous_1)
FN:31,(anonymous_2)
FN:35,(anonymous_3)
FN:40,(anonymous_4)
FN:45,(anonymous_5)
FN:49,(anonymous_6)
FN:61,(anonymous_7)
FN:66,(anonymous_8)
FN:70,(anonymous_9)
FN:93,(anonymous_10)
FN:99,(anonymous_11)
FN:117,(anonymous_12)
FN:140,(anonymous_13)
FN:147,(anonymous_14)
FN:173,(anonymous_15)
FNF:16
FNH:0
FNDA:0,DonationsTab
FNDA:0,(anonymous_1)
FNDA:0,(anonymous_2)
FNDA:0,(anonymous_3)
FNDA:0,(anonymous_4)
FNDA:0,(anonymous_5)
FNDA:0,(anonymous_6)
FNDA:0,(anonymous_7)
FNDA:0,(anonymous_8)
FNDA:0,(anonymous_9)
FNDA:0,(anonymous_10)
FNDA:0,(anonymous_11)
FNDA:0,(anonymous_12)
FNDA:0,(anonymous_13)
FNDA:0,(anonymous_14)
FNDA:0,(anonymous_15)
DA:9,0
DA:10,0
DA:11,0
DA:12,0
DA:13,0
DA:14,0
DA:15,0
DA:17,0
DA:18,0
DA:19,0
DA:20,0
DA:21,0
DA:22,0
DA:24,0
DA:25,0
DA:27,0
DA:31,0
DA:32,0
DA:35,0
DA:36,0
DA:37,0
DA:40,0
DA:41,0
DA:42,0
DA:45,0
DA:46,0
DA:47,0
DA:48,0
DA:49,0
DA:51,0
DA:52,0
DA:54,0
DA:56,0
DA:57,0
DA:61,0
DA:62,0
DA:63,0
DA:66,0
DA:67,0
DA:68,0
DA:69,0
DA:70,0
DA:72,0
DA:73,0
DA:75,0
DA:76,0
DA:80,0
DA:81,0
DA:90,0
DA:93,0
DA:99,0
DA:118,0
DA:140,0
DA:147,0
DA:173,0
LF:55
LH:0
BRDA:25,0,0,0
BRDA:25,0,1,0
BRDA:35,1,0,0
BRDA:47,2,0,0
BRDA:47,2,1,0
BRDA:49,3,0,0
BRDA:49,3,1,0
BRDA:57,4,0,0
BRDA:57,4,1,0
BRDA:67,5,0,0
BRDA:67,5,1,0
BRDA:73,6,0,0
BRDA:73,6,1,0
BRDA:80,7,0,0
BRDA:80,7,1,0
BRDA:92,8,0,0
BRDA:92,8,1,0
BRDA:116,9,0,0
BRDA:116,9,1,0
BRDA:121,10,0,0
BRDA:121,10,1,0
BRDA:123,11,0,0
BRDA:123,11,1,0
BRDA:124,12,0,0
BRDA:124,12,1,0
BRDA:128,13,0,0
BRDA:128,13,1,0
BRDA:130,14,0,0
BRDA:130,14,1,0
BRF:29
BRH:0
end_of_record
TN:
SF:src/renderer/components/financials/ExpenseFormModal.jsx
FN:4,ExpenseFormModal
FN:15,(anonymous_1)
FN:33,(anonymous_2)
FN:35,(anonymous_3)
FN:38,(anonymous_4)
FNF:5
FNH:0
FNDA:0,ExpenseFormModal
FNDA:0,(anonymous_1)
FNDA:0,(anonymous_2)
FNDA:0,(anonymous_3)
FNDA:0,(anonymous_4)
DA:5,0
DA:13,0
DA:15,0
DA:16,0
DA:17,0
DA:23,0
DA:33,0
DA:34,0
DA:35,0
DA:38,0
DA:39,0
DA:40,0
DA:43,0
LF:13
LH:0
BRDA:16,0,0,0
BRDA:16,0,1,0
BRDA:46,1,0,0
BRDA:46,1,1,0
BRDA:107,2,0,0
BRDA:107,2,1,0
BRF:6
BRH:0
end_of_record
TN:
SF:src/renderer/components/financials/ExpensesTab.jsx
FN:7,ExpensesTab
FN:16,(anonymous_1)
FN:30,(anonymous_2)
FN:34,(anonymous_3)
FN:39,(anonymous_4)
FN:44,(anonymous_5)
FN:49,(anonymous_6)
FN:62,(anonymous_7)
FN:67,(anonymous_8)
FN:71,(anonymous_9)
FN:94,(anonymous_10)
FN:100,(anonymous_11)
FN:118,(anonymous_12)
FN:131,(anonymous_13)
FN:138,(anonymous_14)
FN:163,(anonymous_15)
FNF:16
FNH:0
FNDA:0,ExpensesTab
FNDA:0,(anonymous_1)
FNDA:0,(anonymous_2)
FNDA:0,(anonymous_3)
FNDA:0,(anonymous_4)
FNDA:0,(anonymous_5)
FNDA:0,(anonymous_6)
FNDA:0,(anonymous_7)
FNDA:0,(anonymous_8)
FNDA:0,(anonymous_9)
FNDA:0,(anonymous_10)
FNDA:0,(anonymous_11)
FNDA:0,(anonymous_12)
FNDA:0,(anonymous_13)
FNDA:0,(anonymous_14)
FNDA:0,(anonymous_15)
DA:8,0
DA:9,0
DA:10,0
DA:11,0
DA:12,0
DA:13,0
DA:14,0
DA:16,0
DA:17,0
DA:18,0
DA:19,0
DA:20,0
DA:21,0
DA:23,0
DA:24,0
DA:26,0
DA:30,0
DA:31,0
DA:34,0
DA:35,0
DA:36,0
DA:39,0
DA:40,0
DA:41,0
DA:44,0
DA:45,0
DA:46,0
DA:48,0
DA:49,0
DA:52,0
DA:53,0
DA:55,0
DA:57,0
DA:58,0
DA:62,0
DA:63,0
DA:64,0
DA:67,0
DA:68,0
DA:69,0
DA:70,0
DA:71,0
DA:73,0
DA:74,0
DA:76,0
DA:77,0
DA:81,0
DA:82,0
DA:91,0
DA:94,0
DA:100,0
DA:119,0
DA:131,0
DA:138,0
DA:163,0
LF:55
LH:0
BRDA:24,0,0,0
BRDA:24,0,1,0
BRDA:34,1,0,0
BRDA:46,2,0,0
BRDA:46,2,1,0
BRDA:49,3,0,0
BRDA:49,3,1,0
BRDA:58,4,0,0
BRDA:58,4,1,0
BRDA:68,5,0,0
BRDA:68,5,1,0
BRDA:74,6,0,0
BRDA:74,6,1,0
BRDA:81,7,0,0
BRDA:81,7,1,0
BRDA:93,8,0,0
BRDA:93,8,1,0
BRDA:117,9,0,0
BRDA:117,9,1,0
BRF:19
BRH:0
end_of_record
TN:
SF:src/renderer/components/financials/InventoryFormModal.jsx
FN:16,InventoryFormModal
FN:25,(anonymous_1)
FN:26,(anonymous_2)
FN:32,(anonymous_3)
FN:37,(anonymous_4)
FN:50,(anonymous_5)
FN:70,(anonymous_6)
FN:72,(anonymous_7)
FN:79,(anonymous_8)
FNF:9
FNH:0
FNDA:0,InventoryFormModal
FNDA:0,(anonymous_1)
FNDA:0,(anonymous_2)
FNDA:0,(anonymous_3)
FNDA:0,(anonymous_4)
FNDA:0,(anonymous_5)
FNDA:0,(anonymous_6)
FNDA:0,(anonymous_7)
FNDA:0,(anonymous_8)
DA:4,1
DA:17,0
DA:18,0
DA:19,0
DA:20,0
DA:22,0
DA:25,0
DA:26,0
DA:27,0
DA:28,0
DA:32,0
DA:33,0
DA:37,0
DA:38,0
DA:39,0
DA:40,0
DA:42,0
DA:46,0
DA:47,0
DA:50,0
DA:51,0
DA:52,0
DA:53,0
DA:61,0
DA:64,0
DA:65,0
DA:66,0
DA:70,0
DA:71,0
DA:72,0
DA:73,0
DA:74,0
DA:75,0
DA:79,0
DA:80,0
DA:81,0
DA:82,0
DA:83,0
DA:86,0
LF:39
LH:1
BRDA:27,0,0,0
BRDA:27,0,1,0
BRDA:38,1,0,0
BRDA:38,1,1,0
BRDA:38,2,0,0
BRDA:38,2,1,0
BRDA:38,2,2,0
BRDA:44,3,0,0
BRDA:44,3,1,0
BRDA:51,4,0,0
BRDA:51,4,1,0
BRDA:52,5,0,0
BRDA:52,5,1,0
BRDA:56,6,0,0
BRDA:56,6,1,0
BRDA:73,7,0,0
BRDA:73,7,1,0
BRDA:81,8,0,0
BRDA:81,8,1,0
BRDA:89,9,0,0
BRDA:89,9,1,0
BRDA:93,10,0,0
BRDA:93,10,1,0
BRDA:231,11,0,0
BRDA:231,11,1,0
BRF:25
BRH:0
end_of_record
TN:
SF:src/renderer/components/financials/InventoryTab.jsx
FN:7,InventoryTab
FN:16,(anonymous_1)
FN:31,(anonymous_2)
FN:35,(anonymous_3)
FN:40,(anonymous_4)
FN:45,(anonymous_5)
FN:50,(anonymous_6)
FN:65,(anonymous_7)
FN:83,(anonymous_8)
FN:94,(anonymous_9)
FN:104,(anonymous_10)
FN:107,(anonymous_11)
FN:149,(anonymous_12)
FN:156,(anonymous_13)
FNF:14
FNH:0
FNDA:0,InventoryTab
FNDA:0,(anonymous_1)
FNDA:0,(anonymous_2)
FNDA:0,(anonymous_3)
FNDA:0,(anonymous_4)
FNDA:0,(anonymous_5)
FNDA:0,(anonymous_6)
FNDA:0,(anonymous_7)
FNDA:0,(anonymous_8)
FNDA:0,(anonymous_9)
FNDA:0,(anonymous_10)
FNDA:0,(anonymous_11)
FNDA:0,(anonymous_12)
FNDA:0,(anonymous_13)
DA:8,0
DA:9,0
DA:10,0
DA:12,0
DA:13,0
DA:14,0
DA:16,0
DA:17,0
DA:18,0
DA:19,0
DA:20,0
DA:21,0
DA:23,0
DA:24,0
DA:25,0
DA:27,0
DA:31,0
DA:32,0
DA:35,0
DA:36,0
DA:37,0
DA:40,0
DA:41,0
DA:42,0
DA:45,0
DA:46,0
DA:47,0
DA:50,0
DA:51,0
DA:52,0
DA:53,0
DA:54,0
DA:55,0
DA:57,0
DA:58,0
DA:60,0
DA:61,0
DA:65,0
DA:66,0
DA:67,0
DA:68,0
DA:69,0
DA:71,0
DA:72,0
DA:74,0
DA:75,0
DA:77,0
DA:78,0
DA:83,0
DA:84,0
DA:85,0
DA:94,0
DA:95,0
DA:104,0
DA:107,0
DA:115,0
DA:149,0
DA:156,0
LF:58
LH:0
BRDA:51,0,0,0
BRDA:51,0,1,0
BRDA:67,1,0,0
BRDA:67,1,1,0
BRDA:77,2,0,0
BRDA:77,2,1,0
BRDA:84,3,0,0
BRDA:84,3,1,0
BRDA:100,4,0,0
BRDA:100,4,1,0
BRDA:101,5,0,0
BRDA:101,5,1,0
BRDA:102,6,0,0
BRDA:102,6,1,0
BRDA:125,7,0,0
BRDA:125,7,1,0
BRDA:126,8,0,0
BRDA:126,8,1,0
BRDA:127,9,0,0
BRDA:127,9,1,0
BRDA:127,9,2,0
BRF:21
BRH:0
end_of_record
TN:
SF:src/renderer/components/financials/PaymentFormModal.jsx
FN:14,PaymentFormModal
FN:28,(anonymous_1)
FN:29,(anonymous_2)
FN:44,(anonymous_3)
FN:61,(anonymous_4)
FN:65,(anonymous_5)
FN:83,(anonymous_6)
FN:84,(anonymous_7)
FN:91,(anonymous_8)
FN:93,(anonymous_9)
FN:96,(anonymous_10)
FN:97,(anonymous_11)
FN:100,(anonymous_12)
FN:129,(anonymous_13)
FN:136,(anonymous_14)
FN:162,(anonymous_15)
FNF:16
FNH:0
FNDA:0,PaymentFormModal
FNDA:0,(anonymous_1)
FNDA:0,(anonymous_2)
FNDA:0,(anonymous_3)
FNDA:0,(anonymous_4)
FNDA:0,(anonymous_5)
FNDA:0,(anonymous_6)
FNDA:0,(anonymous_7)
FNDA:0,(anonymous_8)
FNDA:0,(anonymous_9)
FNDA:0,(anonymous_10)
FNDA:0,(anonymous_11)
FNDA:0,(anonymous_12)
FNDA:0,(anonymous_13)
FNDA:0,(anonymous_14)
FNDA:0,(anonymous_15)
DA:7,1
DA:15,0
DA:22,0
DA:23,0
DA:24,0
DA:26,0
DA:28,0
DA:29,0
DA:30,0
DA:31,0
DA:32,0
DA:33,0
DA:35,0
DA:36,0
DA:38,0
DA:41,0
DA:44,0
DA:45,0
DA:46,0
DA:51,0
DA:61,0
DA:62,0
DA:63,0
DA:65,0
DA:66,0
DA:69,0
DA:71,0
DA:73,0
DA:75,0
DA:77,0
DA:82,0
DA:84,0
DA:91,0
DA:92,0
DA:93,0
DA:96,0
DA:97,0
DA:100,0
DA:101,0
DA:102,0
DA:105,0
DA:129,0
DA:136,0
DA:163,0
LF:44
LH:1
BRDA:32,0,0,0
BRDA:32,0,1,0
BRDA:33,1,0,0
BRDA:33,1,1,0
BRDA:45,2,0,0
BRDA:45,2,1,0
BRDA:62,3,0,0
BRDA:62,3,1,0
BRDA:66,4,0,0
BRDA:66,4,1,0
BRDA:69,5,0,0
BRDA:69,5,1,0
BRDA:69,5,2,0
BRDA:69,5,3,0
BRDA:71,6,0,0
BRDA:71,6,1,0
BRDA:71,7,0,0
BRDA:71,7,1,0
BRDA:73,8,0,0
BRDA:73,8,1,0
BRDA:73,9,0,0
BRDA:73,9,1,0
BRDA:75,10,0,0
BRDA:75,10,1,0
BRDA:97,11,0,0
BRDA:97,11,1,0
BRDA:108,12,0,0
BRDA:108,12,1,0
BRDA:193,13,0,0
BRDA:193,13,1,0
BRF:30
BRH:0
end_of_record
TN:
SF:src/renderer/components/financials/PaymentsTab.jsx
FN:8,PaymentsTab
FN:17,(anonymous_1)
FN:31,(anonymous_2)
FN:35,(anonymous_3)
FN:40,(anonymous_4)
FN:45,(anonymous_5)
FN:49,(anonymous_6)
FN:61,(anonymous_7)
FN:66,(anonymous_8)
FN:70,(anonymous_9)
FN:93,(anonymous_10)
FN:99,(anonymous_11)
FN:117,(anonymous_12)
FN:130,(anonymous_13)
FN:137,(anonymous_14)
FN:162,(anonymous_15)
FNF:16
FNH:0
FNDA:0,PaymentsTab
FNDA:0,(anonymous_1)
FNDA:0,(anonymous_2)
FNDA:0,(anonymous_3)
FNDA:0,(anonymous_4)
FNDA:0,(anonymous_5)
FNDA:0,(anonymous_6)
FNDA:0,(anonymous_7)
FNDA:0,(anonymous_8)
FNDA:0,(anonymous_9)
FNDA:0,(anonymous_10)
FNDA:0,(anonymous_11)
FNDA:0,(anonymous_12)
FNDA:0,(anonymous_13)
FNDA:0,(anonymous_14)
FNDA:0,(anonymous_15)
DA:9,0
DA:10,0
DA:11,0
DA:12,0
DA:13,0
DA:14,0
DA:15,0
DA:17,0
DA:18,0
DA:19,0
DA:20,0
DA:21,0
DA:22,0
DA:24,0
DA:25,0
DA:27,0
DA:31,0
DA:32,0
DA:35,0
DA:36,0
DA:37,0
DA:40,0
DA:41,0
DA:42,0
DA:45,0
DA:46,0
DA:47,0
DA:48,0
DA:49,0
DA:51,0
DA:52,0
DA:54,0
DA:56,0
DA:57,0
DA:61,0
DA:62,0
DA:63,0
DA:66,0
DA:67,0
DA:68,0
DA:69,0
DA:70,0
DA:72,0
DA:73,0
DA:75,0
DA:76,0
DA:80,0
DA:81,0
DA:90,0
DA:93,0
DA:99,0
DA:118,0
DA:130,0
DA:137,0
DA:162,0
LF:55
LH:0
BRDA:25,0,0,0
BRDA:25,0,1,0
BRDA:35,1,0,0
BRDA:47,2,0,0
BRDA:47,2,1,0
BRDA:49,3,0,0
BRDA:49,3,1,0
BRDA:57,4,0,0
BRDA:57,4,1,0
BRDA:67,5,0,0
BRDA:67,5,1,0
BRDA:73,6,0,0
BRDA:73,6,1,0
BRDA:80,7,0,0
BRDA:80,7,1,0
BRDA:92,8,0,0
BRDA:92,8,1,0
BRDA:116,9,0,0
BRDA:116,9,1,0
BRF:19
BRH:0
end_of_record
TN:
SF:src/renderer/components/financials/ReportsTab.jsx
FN:21,ReportsTab
FN:34,(anonymous_1)
FN:35,(anonymous_2)
FN:51,(anonymous_3)
FN:52,(anonymous_4)
FN:80,(anonymous_5)
FN:85,(anonymous_6)
FN:121,(anonymous_7)
FN:212,(anonymous_8)
FN:214,(anonymous_9)
FN:225,(anonymous_10)
FN:258,(anonymous_11)
FN:293,(anonymous_12)
FNF:13
FNH:0
FNDA:0,ReportsTab
FNDA:0,(anonymous_1)
FNDA:0,(anonymous_2)
FNDA:0,(anonymous_3)
FNDA:0,(anonymous_4)
FNDA:0,(anonymous_5)
FNDA:0,(anonymous_6)
FNDA:0,(anonymous_7)
FNDA:0,(anonymous_8)
FNDA:0,(anonymous_9)
FNDA:0,(anonymous_10)
FNDA:0,(anonymous_11)
FNDA:0,(anonymous_12)
DA:6,1
DA:22,0
DA:23,0
DA:24,0
DA:25,0
DA:26,0
DA:27,0
DA:28,0
DA:29,0
DA:30,0
DA:31,0
DA:34,0
DA:35,0
DA:36,0
DA:37,0
DA:38,0
DA:39,0
DA:41,0
DA:42,0
DA:44,0
DA:47,0
DA:51,0
DA:52,0
DA:53,0
DA:54,0
DA:55,0
DA:56,0
DA:57,0
DA:59,0
DA:64,0
DA:65,0
DA:66,0
DA:68,0
DA:69,0
DA:71,0
DA:74,0
DA:77,0
DA:79,0
DA:80,0
DA:81,0
DA:83,0
DA:85,0
DA:86,0
DA:87,0
DA:88,0
DA:89,0
DA:95,0
DA:98,0
DA:100,0
DA:101,0
DA:108,0
DA:109,0
DA:112,0
DA:121,0
DA:212,0
DA:215,0
DA:225,0
DA:259,0
DA:294,0
LF:59
LH:1
BRDA:42,0,0,0
BRDA:42,0,1,0
BRDA:66,1,0,0
BRDA:66,1,1,0
BRDA:69,2,0,0
BRDA:69,2,1,0
BRDA:77,3,0,0
BRDA:77,3,1,0
BRDA:77,4,0,0
BRDA:77,4,1,0
BRDA:79,5,0,0
BRDA:79,5,1,0
BRDA:80,6,0,0
BRDA:80,6,1,0
BRDA:83,7,0,0
BRDA:83,7,1,0
BRDA:100,8,0,0
BRDA:100,8,1,0
BRDA:108,9,0,0
BRDA:108,9,1,0
BRDA:128,10,0,0
BRDA:128,10,1,0
BRDA:137,11,0,0
BRDA:137,11,1,0
BRDA:147,12,0,0
BRDA:147,12,1,0
BRDA:157,13,0,0
BRDA:157,13,1,0
BRDA:173,14,0,0
BRDA:173,14,1,0
BRDA:183,15,0,0
BRDA:183,15,1,0
BRDA:193,16,0,0
BRDA:193,16,1,0
BRDA:201,17,0,0
BRDA:201,17,1,0
BRDA:273,18,0,0
BRDA:273,18,1,0
BRDA:299,19,0,0
BRDA:299,19,1,0
BRF:40
BRH:0
end_of_record
TN:
SF:src/renderer/components/financials/SalariesTab.jsx
FN:7,SalariesTab
FN:16,(anonymous_1)
FN:30,(anonymous_2)
FN:34,(anonymous_3)
FN:39,(anonymous_4)
FN:44,(anonymous_5)
FN:48,(anonymous_6)
FN:60,(anonymous_7)
FN:65,(anonymous_8)
FN:69,(anonymous_9)
FN:92,(anonymous_10)
FN:98,(anonymous_11)
FN:115,(anonymous_12)
FN:127,(anonymous_13)
FN:134,(anonymous_14)
FN:159,(anonymous_15)
FNF:16
FNH:0
FNDA:0,SalariesTab
FNDA:0,(anonymous_1)
FNDA:0,(anonymous_2)
FNDA:0,(anonymous_3)
FNDA:0,(anonymous_4)
FNDA:0,(anonymous_5)
FNDA:0,(anonymous_6)
FNDA:0,(anonymous_7)
FNDA:0,(anonymous_8)
FNDA:0,(anonymous_9)
FNDA:0,(anonymous_10)
FNDA:0,(anonymous_11)
FNDA:0,(anonymous_12)
FNDA:0,(anonymous_13)
FNDA:0,(anonymous_14)
FNDA:0,(anonymous_15)
DA:8,0
DA:9,0
DA:10,0
DA:11,0
DA:12,0
DA:13,0
DA:14,0
DA:16,0
DA:17,0
DA:18,0
DA:19,0
DA:20,0
DA:21,0
DA:23,0
DA:24,0
DA:26,0
DA:30,0
DA:31,0
DA:34,0
DA:35,0
DA:36,0
DA:39,0
DA:40,0
DA:41,0
DA:44,0
DA:45,0
DA:46,0
DA:47,0
DA:48,0
DA:50,0
DA:51,0
DA:53,0
DA:55,0
DA:56,0
DA:60,0
DA:61,0
DA:62,0
DA:65,0
DA:66,0
DA:67,0
DA:68,0
DA:69,0
DA:71,0
DA:72,0
DA:74,0
DA:75,0
DA:79,0
DA:80,0
DA:89,0
DA:92,0
DA:98,0
DA:116,0
DA:127,0
DA:134,0
DA:159,0
LF:55
LH:0
BRDA:24,0,0,0
BRDA:24,0,1,0
BRDA:34,1,0,0
BRDA:46,2,0,0
BRDA:46,2,1,0
BRDA:48,3,0,0
BRDA:48,3,1,0
BRDA:56,4,0,0
BRDA:56,4,1,0
BRDA:66,5,0,0
BRDA:66,5,1,0
BRDA:72,6,0,0
BRDA:72,6,1,0
BRDA:79,7,0,0
BRDA:79,7,1,0
BRDA:91,8,0,0
BRDA:91,8,1,0
BRDA:114,9,0,0
BRDA:114,9,1,0
BRF:19
BRH:0
end_of_record
TN:
SF:src/renderer/components/financials/SalaryFormModal.jsx
FN:5,SalaryFormModal
FN:16,(anonymous_1)
FN:17,(anonymous_2)
FN:24,(anonymous_3)
FN:29,(anonymous_4)
FN:42,(anonymous_5)
FN:62,(anonymous_6)
FN:64,(anonymous_7)
FN:67,(anonymous_8)
FN:99,(anonymous_9)
FNF:10
FNH:0
FNDA:0,SalaryFormModal
FNDA:0,(anonymous_1)
FNDA:0,(anonymous_2)
FNDA:0,(anonymous_3)
FNDA:0,(anonymous_4)
FNDA:0,(anonymous_5)
FNDA:0,(anonymous_6)
FNDA:0,(anonymous_7)
FNDA:0,(anonymous_8)
FNDA:0,(anonymous_9)
DA:6,0
DA:12,0
DA:14,0
DA:16,0
DA:17,0
DA:18,0
DA:19,0
DA:24,0
DA:29,0
DA:34,0
DA:36,0
DA:39,0
DA:42,0
DA:43,0
DA:44,0
DA:45,0
DA:52,0
DA:62,0
DA:63,0
DA:64,0
DA:67,0
DA:68,0
DA:69,0
DA:70,0
DA:75,0
DA:76,0
DA:79,0
DA:100,0
LF:28
LH:0
BRDA:43,0,0,0
BRDA:43,0,1,0
BRDA:44,1,0,0
BRDA:44,1,1,0
BRDA:44,2,0,0
BRDA:44,2,1,0
BRDA:49,3,0,0
BRDA:49,3,1,0
BRDA:82,4,0,0
BRDA:82,4,1,0
BRDA:142,5,0,0
BRDA:142,5,1,0
BRF:12
BRH:0
end_of_record
TN:
SF:src/renderer/contexts/AuthContext.jsx
FN:40,AuthProvider
FN:52,(anonymous_1)
FN:53,(anonymous_2)
FN:63,(anonymous_3)
FN:77,(anonymous_4)
FN:97,(anonymous_5)
FN:132,(anonymous_6)
FNF:7
FNH:7
FNDA:9,AuthProvider
FNDA:6,(anonymous_1)
FNDA:1,(anonymous_2)
FNDA:6,(anonymous_3)
FNDA:3,(anonymous_4)
FNDA:1,(anonymous_5)
FNDA:9,(anonymous_6)
DA:23,2
DA:42,9
DA:45,9
DA:48,9
DA:52,9
DA:53,6
DA:54,1
DA:56,1
DA:57,1
DA:58,1
DA:59,1
DA:63,6
DA:64,6
DA:77,9
DA:78,3
DA:79,3
DA:81,2
DA:82,2
DA:83,2
DA:85,3
DA:97,9
DA:99,1
DA:101,1
DA:102,1
DA:104,1
DA:107,9
DA:109,9
DA:132,2
DA:133,9
DA:135,9
DA:136,0
DA:139,9
LF:32
LH:31
BRDA:79,0,0,2
BRDA:79,0,1,1
BRDA:109,1,0,9
BRDA:109,1,1,9
BRDA:135,2,0,0
BRDA:135,2,1,9
BRF:6
BRH:5
end_of_record
TN:
SF:src/renderer/pages/AboutPage.jsx
FN:11,AboutPage
FN:14,(anonymous_1)
FN:15,(anonymous_2)
FNF:3
FNH:0
FNDA:0,AboutPage
FNDA:0,(anonymous_1)
FNDA:0,(anonymous_2)
DA:12,0
DA:14,0
DA:15,0
DA:16,0
DA:17,0
DA:18,0
DA:20,0
DA:21,0
DA:24,0
DA:27,0
DA:35,0
DA:39,0
DA:40,0
DA:58,0
DA:76,0
LF:15
LH:0
BRF:0
BRH:0
end_of_record
TN:
SF:src/renderer/pages/AttendancePage.jsx
FN:19,AttendancePage
FN:38,(anonymous_1)
FN:39,(anonymous_2)
FN:55,(anonymous_3)
FN:71,(anonymous_4)
FN:72,(anonymous_5)
FN:89,(anonymous_6)
FN:103,(anonymous_7)
FN:120,(anonymous_8)
FN:124,(anonymous_9)
FN:129,(anonymous_10)
FN:134,(anonymous_11)
FN:135,(anonymous_12)
FN:138,(anonymous_13)
FN:145,(anonymous_14)
FN:159,(anonymous_15)
FN:190,(anonymous_16)
FN:216,(anonymous_17)
FN:239,(anonymous_18)
FN:251,(anonymous_19)
FN:262,(anonymous_20)
FN:273,(anonymous_21)
FN:322,(anonymous_22)
FN:327,(anonymous_23)
FNF:24
FNH:0
FNDA:0,AttendancePage
FNDA:0,(anonymous_1)
FNDA:0,(anonymous_2)
FNDA:0,(anonymous_3)
FNDA:0,(anonymous_4)
FNDA:0,(anonymous_5)
FNDA:0,(anonymous_6)
FNDA:0,(anonymous_7)
FNDA:0,(anonymous_8)
FNDA:0,(anonymous_9)
FNDA:0,(anonymous_10)
FNDA:0,(anonymous_11)
FNDA:0,(anonymous_12)
FNDA:0,(anonymous_13)
FNDA:0,(anonymous_14)
FNDA:0,(anonymous_15)
FNDA:0,(anonymous_16)
FNDA:0,(anonymous_17)
FNDA:0,(anonymous_18)
FNDA:0,(anonymous_19)
FNDA:0,(anonymous_20)
FNDA:0,(anonymous_21)
FNDA:0,(anonymous_22)
FNDA:0,(anonymous_23)
DA:20,0
DA:21,0
DA:24,0
DA:25,0
DA:28,0
DA:29,0
DA:30,0
DA:31,0
DA:32,0
DA:33,0
DA:34,0
DA:35,0
DA:38,0
DA:39,0
DA:40,0
DA:41,0
DA:42,0
DA:43,0
DA:45,0
DA:46,0
DA:48,0
DA:51,0
DA:55,0
DA:57,0
DA:58,0
DA:59,0
DA:62,0
DA:63,0
DA:64,0
DA:67,0
DA:71,0
DA:72,0
DA:73,0
DA:74,0
DA:75,0
DA:77,0
DA:78,0
DA:79,0
DA:81,0
DA:82,0
DA:85,0
DA:89,0
DA:90,0
DA:91,0
DA:92,0
DA:93,0
DA:95,0
DA:96,0
DA:97,0
DA:102,0
DA:103,0
DA:104,0
DA:105,0
DA:107,0
DA:109,0
DA:110,0
DA:111,0
DA:113,0
DA:114,0
DA:116,0
DA:120,0
DA:121,0
DA:124,0
DA:125,0
DA:126,0
DA:129,0
DA:130,0
DA:131,0
DA:134,0
DA:135,0
DA:138,0
DA:140,0
DA:141,0
DA:142,0
DA:145,0
DA:146,0
DA:147,0
DA:148,0
DA:150,0
DA:151,0
DA:152,0
DA:157,0
DA:159,0
DA:160,0
DA:161,0
DA:163,0
DA:164,0
DA:166,0
DA:167,0
DA:169,0
DA:173,0
DA:191,0
DA:216,0
DA:240,0
DA:251,0
DA:262,0
DA:273,0
DA:323,0
DA:327,0
LF:99
LH:0
BRDA:24,0,0,0
BRDA:24,0,1,0
BRDA:26,1,0,0
BRDA:26,1,1,0
BRDA:57,2,0,0
BRDA:57,2,1,0
BRDA:57,3,0,0
BRDA:57,3,1,0
BRDA:63,4,0,0
BRDA:63,4,1,0
BRDA:64,5,0,0
BRDA:64,5,1,0
BRDA:73,6,0,0
BRDA:73,6,1,0
BRDA:90,7,0,0
BRDA:90,7,1,0
BRDA:90,8,0,0
BRDA:90,8,1,0
BRDA:104,9,0,0
BRDA:104,9,1,0
BRDA:146,10,0,0
BRDA:146,10,1,0
BRDA:146,11,0,0
BRDA:146,11,1,0
BRDA:146,11,2,0
BRDA:159,12,0,0
BRDA:159,12,1,0
BRDA:196,13,0,0
BRDA:196,13,1,0
BRDA:204,14,0,0
BRDA:204,14,1,0
BRDA:208,15,0,0
BRDA:208,15,1,0
BRDA:212,16,0,0
BRDA:212,16,1,0
BRDA:215,17,0,0
BRDA:215,17,1,0
BRDA:215,17,2,0
BRDA:224,18,0,0
BRDA:224,18,1,0
BRDA:224,18,2,0
BRDA:247,19,0,0
BRDA:247,19,1,0
BRDA:258,20,0,0
BRDA:258,20,1,0
BRDA:269,21,0,0
BRDA:269,21,1,0
BRDA:285,22,0,0
BRDA:285,22,1,0
BRDA:311,23,0,0
BRDA:311,23,1,0
BRDA:321,24,0,0
BRDA:321,24,1,0
BRDA:346,25,0,0
BRDA:346,25,1,0
BRF:55
BRH:0
end_of_record
TN:
SF:src/renderer/pages/ClassesPage.jsx
FN:11,ClassesPage
FN:24,(anonymous_1)
FN:38,(anonymous_2)
FN:42,(anonymous_3)
FN:47,(anonymous_4)
FN:58,(anonymous_5)
FN:63,(anonymous_6)
FN:74,(anonymous_7)
FN:79,(anonymous_8)
FN:84,(anonymous_9)
FN:102,(anonymous_10)
FN:107,(anonymous_11)
FN:122,(anonymous_12)
FN:139,(anonymous_13)
FN:153,(anonymous_14)
FN:188,(anonymous_15)
FN:212,(anonymous_16)
FN:225,(anonymous_17)
FN:232,(anonymous_18)
FN:239,(anonymous_19)
FN:246,(anonymous_20)
FN:278,(anonymous_21)
FN:287,(anonymous_22)
FNF:23
FNH:0
FNDA:0,ClassesPage
FNDA:0,(anonymous_1)
FNDA:0,(anonymous_2)
FNDA:0,(anonymous_3)
FNDA:0,(anonymous_4)
FNDA:0,(anonymous_5)
FNDA:0,(anonymous_6)
FNDA:0,(anonymous_7)
FNDA:0,(anonymous_8)
FNDA:0,(anonymous_9)
FNDA:0,(anonymous_10)
FNDA:0,(anonymous_11)
FNDA:0,(anonymous_12)
FNDA:0,(anonymous_13)
FNDA:0,(anonymous_14)
FNDA:0,(anonymous_15)
FNDA:0,(anonymous_16)
FNDA:0,(anonymous_17)
FNDA:0,(anonymous_18)
FNDA:0,(anonymous_19)
FNDA:0,(anonymous_20)
FNDA:0,(anonymous_21)
FNDA:0,(anonymous_22)
DA:12,0
DA:13,0
DA:14,0
DA:15,0
DA:16,0
DA:17,0
DA:18,0
DA:19,0
DA:20,0
DA:21,0
DA:22,0
DA:24,0
DA:25,0
DA:26,0
DA:27,0
DA:28,0
DA:29,0
DA:31,0
DA:32,0
DA:34,0
DA:38,0
DA:39,0
DA:42,0
DA:43,0
DA:44,0
DA:47,0
DA:48,0
DA:49,0
DA:50,0
DA:52,0
DA:53,0
DA:55,0
DA:58,0
DA:59,0
DA:60,0
DA:63,0
DA:64,0
DA:65,0
DA:66,0
DA:67,0
DA:69,0
DA:70,0
DA:74,0
DA:75,0
DA:76,0
DA:79,0
DA:80,0
DA:81,0
DA:84,0
DA:85,0
DA:86,0
DA:87,0
DA:88,0
DA:90,0
DA:91,0
DA:93,0
DA:94,0
DA:96,0
DA:97,0
DA:98,0
DA:102,0
DA:103,0
DA:104,0
DA:107,0
DA:108,0
DA:109,0
DA:110,0
DA:111,0
DA:112,0
DA:114,0
DA:115,0
DA:117,0
DA:118,0
DA:122,0
DA:123,0
DA:124,0
DA:125,0
DA:126,0
DA:128,0
DA:138,0
DA:139,0
DA:142,0
DA:146,0
DA:153,0
DA:154,0
DA:159,0
DA:164,0
DA:171,0
DA:188,0
DA:213,0
DA:225,0
DA:232,0
DA:239,0
DA:246,0
DA:278,0
DA:287,0
LF:96
LH:0
BRDA:86,0,0,0
BRDA:86,0,1,0
BRDA:108,1,0,0
BRDA:108,1,1,0
BRDA:123,2,0,0
BRDA:123,2,1,0
BRDA:123,3,0,0
BRDA:123,3,1,0
BRDA:126,4,0,0
BRDA:126,4,1,0
BRDA:126,5,0,0
BRDA:126,5,1,0
BRDA:139,6,0,0
BRDA:139,6,1,0
BRDA:165,7,0,0
BRDA:165,7,1,0
BRDA:166,8,0,0
BRDA:166,8,1,0
BRDA:192,9,0,0
BRDA:192,9,1,0
BRDA:211,10,0,0
BRDA:211,10,1,0
BRDA:216,11,0,0
BRDA:216,11,1,0
BRDA:217,12,0,0
BRDA:217,12,1,0
BRDA:219,13,0,0
BRDA:219,13,1,0
BRDA:256,14,0,0
BRDA:256,14,1,0
BRF:30
BRH:0
end_of_record
TN:
SF:src/renderer/pages/ExportsPage.jsx
FN:17,(anonymous_0)
FN:29,(anonymous_1)
FN:36,(anonymous_2)
FN:38,(anonymous_3)
FN:41,(anonymous_4)
FN:46,(anonymous_5)
FN:55,(anonymous_6)
FN:58,(anonymous_7)
FN:64,(anonymous_8)
FN:69,(anonymous_9)
FN:73,(anonymous_10)
FN:81,(anonymous_11)
FN:82,(anonymous_12)
FN:159,(anonymous_13)
FN:172,(anonymous_14)
FN:189,(anonymous_15)
FN:192,(anonymous_16)
FN:210,(anonymous_17)
FN:213,(anonymous_18)
FN:227,(anonymous_19)
FN:237,(anonymous_20)
FN:244,(anonymous_21)
FN:271,(anonymous_22)
FN:276,(anonymous_23)
FN:281,(anonymous_24)
FN:353,(anonymous_25)
FN:373,(anonymous_26)
FN:374,(anonymous_27)
FN:375,(anonymous_28)
FN:379,(anonymous_29)
FN:387,(anonymous_30)
FN:405,(anonymous_31)
FN:423,(anonymous_32)
FN:464,(anonymous_33)
FN:467,(anonymous_34)
FN:473,(anonymous_35)
FN:480,(anonymous_36)
FN:516,(anonymous_37)
FN:528,(anonymous_38)
FN:556,(anonymous_39)
FN:569,(anonymous_40)
FN:580,(anonymous_41)
FN:626,(anonymous_42)
FN:666,(anonymous_43)
FN:683,(anonymous_44)
FN:685,(anonymous_45)
FN:698,(anonymous_46)
FN:713,(anonymous_47)
FN:729,(anonymous_48)
FN:739,(anonymous_49)
FN:770,(anonymous_50)
FNF:51
FNH:0
FNDA:0,(anonymous_0)
FNDA:0,(anonymous_1)
FNDA:0,(anonymous_2)
FNDA:0,(anonymous_3)
FNDA:0,(anonymous_4)
FNDA:0,(anonymous_5)
FNDA:0,(anonymous_6)
FNDA:0,(anonymous_7)
FNDA:0,(anonymous_8)
FNDA:0,(anonymous_9)
FNDA:0,(anonymous_10)
FNDA:0,(anonymous_11)
FNDA:0,(anonymous_12)
FNDA:0,(anonymous_13)
FNDA:0,(anonymous_14)
FNDA:0,(anonymous_15)
FNDA:0,(anonymous_16)
FNDA:0,(anonymous_17)
FNDA:0,(anonymous_18)
FNDA:0,(anonymous_19)
FNDA:0,(anonymous_20)
FNDA:0,(anonymous_21)
FNDA:0,(anonymous_22)
FNDA:0,(anonymous_23)
FNDA:0,(anonymous_24)
FNDA:0,(anonymous_25)
FNDA:0,(anonymous_26)
FNDA:0,(anonymous_27)
FNDA:0,(anonymous_28)
FNDA:0,(anonymous_29)
FNDA:0,(anonymous_30)
FNDA:0,(anonymous_31)
FNDA:0,(anonymous_32)
FNDA:0,(anonymous_33)
FNDA:0,(anonymous_34)
FNDA:0,(anonymous_35)
FNDA:0,(anonymous_36)
FNDA:0,(anonymous_37)
FNDA:0,(anonymous_38)
FNDA:0,(anonymous_39)
FNDA:0,(anonymous_40)
FNDA:0,(anonymous_41)
FNDA:0,(anonymous_42)
FNDA:0,(anonymous_43)
FNDA:0,(anonymous_44)
FNDA:0,(anonymous_45)
FNDA:0,(anonymous_46)
FNDA:0,(anonymous_47)
FNDA:0,(anonymous_48)
FNDA:0,(anonymous_49)
FNDA:0,(anonymous_50)
DA:17,1
DA:18,0
DA:19,0
DA:20,0
DA:21,0
DA:22,0
DA:23,0
DA:24,0
DA:25,0
DA:26,0
DA:27,0
DA:29,0
DA:30,0
DA:31,0
DA:33,0
DA:36,0
DA:38,0
DA:41,0
DA:42,0
DA:43,0
DA:47,0
DA:48,0
DA:52,0
DA:53,0
DA:56,0
DA:59,0
DA:64,0
DA:65,0
DA:66,0
DA:67,0
DA:69,0
DA:73,0
DA:74,0
DA:76,0
DA:77,0
DA:78,0
DA:81,0
DA:82,0
DA:83,0
DA:86,0
DA:93,0
DA:94,0
DA:95,0
DA:96,0
DA:98,0
DA:99,0
DA:100,0
DA:102,0
DA:103,0
DA:105,0
DA:109,0
DA:110,0
DA:112,0
DA:113,0
DA:116,0
DA:117,0
DA:121,0
DA:122,0
DA:127,0
DA:131,0
DA:132,0
DA:136,0
DA:137,0
DA:139,0
DA:159,0
DA:172,0
DA:189,0
DA:193,0
DA:210,0
DA:214,0
DA:227,0
DA:237,0
DA:245,0
DA:271,0
DA:276,0
DA:281,0
DA:293,1
DA:308,1
DA:324,1
DA:353,1
DA:354,0
DA:355,0
DA:356,0
DA:358,0
DA:371,0
DA:373,0
DA:374,0
DA:375,0
DA:379,0
DA:380,0
DA:381,0
DA:383,0
DA:387,0
DA:388,0
DA:389,0
DA:390,0
DA:391,0
DA:392,0
DA:393,0
DA:394,0
DA:396,0
DA:399,0
DA:401,0
DA:405,0
DA:406,0
DA:407,0
DA:408,0
DA:409,0
DA:410,0
DA:411,0
DA:412,0
DA:414,0
DA:417,0
DA:419,0
DA:423,0
DA:424,0
DA:425,0
DA:426,0
DA:428,0
DA:429,0
DA:430,0
DA:431,0
DA:432,0
DA:433,0
DA:434,0
DA:435,0
DA:436,0
DA:438,0
DA:441,0
DA:444,0
DA:446,0
DA:450,0
DA:464,0
DA:467,0
DA:474,0
DA:480,0
DA:517,0
DA:529,0
DA:541,1
DA:556,1
DA:557,0
DA:558,0
DA:559,0
DA:560,0
DA:566,0
DA:569,1
DA:570,0
DA:571,0
DA:574,0
DA:575,0
DA:576,0
DA:577,0
DA:578,0
DA:580,0
DA:581,0
DA:583,0
DA:585,0
DA:587,0
DA:588,0
DA:589,0
DA:590,0
DA:591,0
DA:592,0
DA:593,0
DA:594,0
DA:595,0
DA:596,0
DA:598,0
DA:602,0
DA:607,0
DA:613,0
DA:614,0
DA:615,0
DA:616,0
DA:618,0
DA:621,0
DA:622,0
DA:626,0
DA:627,0
DA:629,0
DA:631,0
DA:639,0
DA:641,0
DA:643,0
DA:651,0
DA:666,0
DA:683,0
DA:686,0
DA:698,0
DA:713,0
DA:729,0
DA:739,0
DA:757,0
DA:761,0
DA:770,0
LF:195
LH:8
BRDA:17,0,0,0
BRDA:17,1,0,0
BRDA:30,2,0,0
BRDA:30,2,1,0
BRDA:30,3,0,0
BRDA:30,3,1,0
BRDA:42,4,0,0
BRDA:42,4,1,0
BRDA:52,5,0,0
BRDA:52,5,1,0
BRDA:56,6,0,0
BRDA:56,6,1,0
BRDA:56,7,0,0
BRDA:56,7,1,0
BRDA:56,7,2,0
BRDA:66,8,0,0
BRDA:66,8,1,0
BRDA:76,9,0,0
BRDA:76,9,1,0
BRDA:93,10,0,0
BRDA:93,10,1,0
BRDA:94,11,0,0
BRDA:94,11,1,0
BRDA:94,12,0,0
BRDA:94,12,1,0
BRDA:102,13,0,0
BRDA:102,13,1,0
BRDA:102,14,0,0
BRDA:102,14,1,0
BRDA:103,15,0,0
BRDA:103,15,1,0
BRDA:112,16,0,0
BRDA:112,16,1,0
BRDA:116,17,0,0
BRDA:116,17,1,0
BRDA:121,18,0,0
BRDA:121,18,1,0
BRDA:144,19,0,0
BRDA:144,19,1,0
BRDA:146,20,0,0
BRDA:146,20,1,0
BRDA:148,21,0,0
BRDA:148,21,1,0
BRDA:154,22,0,0
BRDA:154,22,1,0
BRDA:161,23,0,0
BRDA:161,23,1,0
BRDA:166,24,0,0
BRDA:166,24,1,0
BRDA:177,25,0,0
BRDA:177,25,1,0
BRDA:183,26,0,0
BRDA:183,26,1,0
BRDA:183,26,2,0
BRDA:203,27,0,0
BRDA:203,27,1,0
BRDA:260,28,0,0
BRDA:260,28,1,0
BRDA:260,28,2,0
BRDA:266,29,0,0
BRDA:266,29,1,0
BRDA:375,30,0,0
BRDA:375,30,1,0
BRDA:380,31,0,0
BRDA:380,31,1,0
BRDA:393,32,0,0
BRDA:393,32,1,0
BRDA:411,33,0,0
BRDA:411,33,1,0
BRDA:424,34,0,0
BRDA:424,34,1,0
BRDA:433,35,0,0
BRDA:433,35,1,0
BRDA:435,36,0,0
BRDA:435,36,1,0
BRDA:489,37,0,0
BRDA:489,37,1,0
BRDA:492,38,0,0
BRDA:492,38,1,0
BRDA:501,39,0,0
BRDA:501,39,1,0
BRDA:503,40,0,0
BRDA:503,40,1,0
BRDA:512,41,0,0
BRDA:512,41,1,0
BRDA:524,42,0,0
BRDA:524,42,1,0
BRDA:585,43,0,0
BRDA:585,43,1,0
BRDA:590,44,0,0
BRDA:590,44,1,0
BRDA:594,45,0,0
BRDA:594,45,1,0
BRDA:595,46,0,0
BRDA:595,46,1,0
BRDA:595,47,0,0
BRDA:595,47,1,0
BRDA:615,48,0,0
BRDA:615,48,1,0
BRDA:627,49,0,0
BRDA:627,49,1,0
BRDA:627,49,2,0
BRDA:627,49,3,0
BRDA:627,49,4,0
BRDA:627,49,5,0
BRDA:627,49,6,0
BRDA:676,50,0,0
BRDA:676,50,1,0
BRDA:707,51,0,0
BRDA:707,51,1,0
BRDA:721,52,0,0
BRDA:721,52,1,0
BRDA:747,53,0,0
BRDA:747,53,1,0
BRF:114
BRH:0
end_of_record
TN:
SF:src/renderer/pages/FinancialsPage.jsx
FN:10,FinancialsPage
FN:15,(anonymous_1)
FN:19,(anonymous_2)
FNF:3
FNH:0
FNDA:0,FinancialsPage
FNDA:0,(anonymous_1)
FNDA:0,(anonymous_2)
DA:11,0
DA:12,0
DA:13,0
DA:15,0
DA:16,0
DA:19,0
DA:20,0
DA:22,0
DA:23,0
DA:27,0
LF:10
LH:0
BRDA:22,0,0,0
BRDA:22,0,1,0
BRF:2
BRH:0
end_of_record
TN:
SF:src/renderer/pages/LoginPage.jsx
FN:14,LoginPage
FN:23,(anonymous_1)
FN:24,(anonymous_2)
FN:37,(anonymous_3)
FN:74,(anonymous_4)
FN:84,(anonymous_5)
FNF:6
FNH:6
FNDA:5,LoginPage
FNDA:1,(anonymous_1)
FNDA:1,(anonymous_2)
FNDA:1,(anonymous_3)
FNDA:1,(anonymous_4)
FNDA:1,(anonymous_5)
DA:12,1
DA:15,5
DA:16,5
DA:17,5
DA:18,5
DA:19,5
DA:20,5
DA:21,5
DA:23,5
DA:24,1
DA:25,1
DA:26,1
DA:27,1
DA:28,1
DA:31,0
DA:34,1
DA:37,5
DA:38,1
DA:39,1
DA:40,0
DA:41,0
DA:43,1
DA:44,1
DA:45,1
DA:46,1
DA:47,1
DA:49,0
DA:51,1
DA:54,5
DA:74,1
DA:84,1
LF:31
LH:27
BRDA:27,0,0,1
BRDA:27,0,1,0
BRDA:27,1,0,1
BRDA:27,1,1,1
BRDA:39,2,0,0
BRDA:39,2,1,1
BRDA:39,3,0,1
BRDA:39,3,1,1
BRDA:46,4,0,1
BRDA:46,4,1,0
BRDA:49,5,0,0
BRDA:49,5,1,0
BRDA:66,6,0,5
BRDA:66,6,1,0
BRDA:89,7,0,1
BRDA:89,7,1,4
BRF:16
BRH:10
end_of_record
TN:
SF:src/renderer/pages/ProfilePage.jsx
FN:7,(anonymous_0)
FN:22,(anonymous_1)
FN:23,(anonymous_2)
FN:43,(anonymous_3)
FN:63,(anonymous_4)
FN:68,(anonymous_5)
FN:73,(anonymous_6)
FN:91,(anonymous_7)
FNF:8
FNH:0
FNDA:0,(anonymous_0)
FNDA:0,(anonymous_1)
FNDA:0,(anonymous_2)
FNDA:0,(anonymous_3)
FNDA:0,(anonymous_4)
FNDA:0,(anonymous_5)
FNDA:0,(anonymous_6)
FNDA:0,(anonymous_7)
DA:7,1
DA:8,0
DA:9,0
DA:10,0
DA:11,0
DA:12,0
DA:13,0
DA:16,0
DA:22,0
DA:23,0
DA:24,0
DA:25,0
DA:26,0
DA:27,0
DA:30,0
DA:31,0
DA:34,0
DA:35,0
DA:36,0
DA:37,0
DA:38,0
DA:39,0
DA:42,0
DA:43,0
DA:44,0
DA:45,0
DA:51,0
DA:54,0
DA:56,0
DA:60,0
DA:63,0
DA:64,0
DA:65,0
DA:68,0
DA:69,0
DA:70,0
DA:73,0
DA:74,0
DA:75,0
DA:77,0
DA:78,0
DA:79,0
DA:80,0
DA:82,0
DA:85,0
DA:87,0
DA:91,0
DA:92,0
DA:93,0
DA:95,0
DA:96,0
DA:97,0
DA:98,0
DA:99,0
DA:105,0
DA:108,0
DA:110,0
DA:114,0
DA:115,0
DA:124,0
DA:125,0
DA:132,0
LF:62
LH:1
BRDA:24,0,0,0
BRDA:24,0,1,0
BRDA:35,1,0,0
BRDA:35,1,1,0
BRDA:35,2,0,0
BRDA:35,2,1,0
BRDA:35,2,2,0
BRDA:36,3,0,0
BRDA:36,3,1,0
BRDA:36,4,0,0
BRDA:36,4,1,0
BRDA:38,5,0,0
BRDA:38,5,1,0
BRDA:38,6,0,0
BRDA:38,6,1,0
BRDA:42,7,0,0
BRDA:42,7,1,0
BRDA:44,8,0,0
BRDA:44,8,1,0
BRDA:54,9,0,0
BRDA:54,9,1,0
BRDA:79,10,0,0
BRDA:79,10,1,0
BRDA:97,11,0,0
BRDA:97,11,1,0
BRDA:114,12,0,0
BRDA:114,12,1,0
BRDA:124,13,0,0
BRDA:124,13,1,0
BRDA:153,14,0,0
BRDA:153,14,1,0
BRDA:164,15,0,0
BRDA:164,15,1,0
BRDA:179,16,0,0
BRDA:179,16,1,0
BRDA:192,17,0,0
BRDA:192,17,1,0
BRDA:205,18,0,0
BRDA:205,18,1,0
BRDA:216,19,0,0
BRDA:216,19,1,0
BRDA:228,20,0,0
BRDA:228,20,1,0
BRDA:245,21,0,0
BRDA:245,21,1,0
BRDA:267,22,0,0
BRDA:267,22,1,0
BRDA:280,23,0,0
BRDA:280,23,1,0
BRDA:302,24,0,0
BRDA:302,24,1,0
BRDA:318,25,0,0
BRDA:318,25,1,0
BRDA:335,26,0,0
BRDA:335,26,1,0
BRDA:346,27,0,0
BRDA:346,27,1,0
BRDA:358,28,0,0
BRDA:358,28,1,0
BRDA:367,29,0,0
BRDA:367,29,1,0
BRDA:400,30,0,0
BRDA:400,30,1,0
BRDA:414,31,0,0
BRDA:414,31,1,0
BRDA:428,32,0,0
BRDA:428,32,1,0
BRDA:441,33,0,0
BRDA:441,33,1,0
BRF:69
BRH:0
end_of_record
TN:
SF:src/renderer/pages/SettingsPage.jsx
FN:22,(anonymous_0)
FN:36,(anonymous_1)
FN:37,(anonymous_2)
FN:65,(anonymous_3)
FN:73,(anonymous_4)
FN:91,(anonymous_5)
FN:98,(anonymous_6)
FN:115,(anonymous_7)
FN:144,(anonymous_8)
FN:148,(anonymous_9)
FN:202,(anonymous_10)
FN:258,(anonymous_11)
FN:282,(anonymous_12)
FN:294,(anonymous_13)
FN:318,(anonymous_14)
FN:360,(anonymous_15)
FN:496,(anonymous_16)
FNF:17
FNH:0
FNDA:0,(anonymous_0)
FNDA:0,(anonymous_1)
FNDA:0,(anonymous_2)
FNDA:0,(anonymous_3)
FNDA:0,(anonymous_4)
FNDA:0,(anonymous_5)
FNDA:0,(anonymous_6)
FNDA:0,(anonymous_7)
FNDA:0,(anonymous_8)
FNDA:0,(anonymous_9)
FNDA:0,(anonymous_10)
FNDA:0,(anonymous_11)
FNDA:0,(anonymous_12)
FNDA:0,(anonymous_13)
FNDA:0,(anonymous_14)
FNDA:0,(anonymous_15)
FNDA:0,(anonymous_16)
DA:22,1
DA:23,0
DA:24,0
DA:25,0
DA:26,0
DA:27,0
DA:28,0
DA:29,0
DA:30,0
DA:31,0
DA:32,0
DA:33,0
DA:34,0
DA:36,0
DA:37,0
DA:38,0
DA:39,0
DA:40,0
DA:41,0
DA:42,0
DA:47,0
DA:48,0
DA:49,0
DA:50,0
DA:54,0
DA:57,0
DA:59,0
DA:62,0
DA:65,0
DA:66,0
DA:67,0
DA:73,0
DA:74,0
DA:75,0
DA:76,0
DA:77,0
DA:78,0
DA:79,0
DA:80,0
DA:82,0
DA:85,0
DA:87,0
DA:91,0
DA:92,0
DA:93,0
DA:94,0
DA:98,0
DA:99,0
DA:100,0
DA:101,0
DA:102,0
DA:103,0
DA:104,0
DA:106,0
DA:109,0
DA:111,0
DA:115,0
DA:116,0
DA:117,0
DA:118,0
DA:123,0
DA:127,0
DA:128,0
DA:130,0
DA:131,0
DA:132,0
DA:135,0
DA:138,0
DA:140,0
DA:144,0
DA:145,0
DA:148,0
DA:149,0
DA:150,0
DA:151,0
DA:152,0
DA:155,0
DA:156,0
DA:158,0
DA:159,0
DA:161,0
DA:162,0
DA:164,0
DA:167,0
DA:168,0
DA:170,0
DA:174,0
DA:175,0
DA:182,0
DA:183,0
DA:190,0
DA:202,0
DA:258,0
DA:283,0
DA:284,0
DA:294,0
DA:319,0
DA:360,0
DA:496,0
LF:99
LH:1
BRDA:34,0,0,0
BRDA:34,0,1,0
BRDA:40,1,0,0
BRDA:40,1,1,0
BRDA:47,2,0,0
BRDA:47,2,1,0
BRDA:47,3,0,0
BRDA:47,3,1,0
BRDA:49,4,0,0
BRDA:49,4,1,0
BRDA:69,5,0,0
BRDA:69,5,1,0
BRDA:77,6,0,0
BRDA:77,6,1,0
BRDA:80,7,0,0
BRDA:80,7,1,0
BRDA:93,8,0,0
BRDA:93,8,1,0
BRDA:103,9,0,0
BRDA:103,9,1,0
BRDA:127,10,0,0
BRDA:127,10,1,0
BRDA:131,11,0,0
BRDA:131,11,1,0
BRDA:150,12,0,0
BRDA:150,12,1,0
BRDA:161,13,0,0
BRDA:161,13,1,0
BRDA:174,14,0,0
BRDA:174,14,1,0
BRDA:182,15,0,0
BRDA:182,15,1,0
BRDA:215,16,0,0
BRDA:215,16,1,0
BRDA:224,17,0,0
BRDA:224,17,1,0
BRDA:233,18,0,0
BRDA:233,18,1,0
BRDA:242,19,0,0
BRDA:242,19,1,0
BRDA:261,20,0,0
BRDA:261,20,1,0
BRDA:272,21,0,0
BRDA:272,21,1,0
BRDA:276,22,0,0
BRDA:276,22,1,0
BRDA:297,23,0,0
BRDA:297,23,1,0
BRDA:308,24,0,0
BRDA:308,24,1,0
BRDA:312,25,0,0
BRDA:312,25,1,0
BRDA:338,26,0,0
BRDA:338,26,1,0
BRDA:364,27,0,0
BRDA:364,27,1,0
BRDA:366,28,0,0
BRDA:366,28,1,0
BRDA:379,29,0,0
BRDA:379,29,1,0
BRDA:388,30,0,0
BRDA:388,30,1,0
BRDA:390,31,0,0
BRDA:390,31,1,0
BRDA:405,32,0,0
BRDA:405,32,1,0
BRDA:417,33,0,0
BRDA:417,33,1,0
BRDA:430,34,0,0
BRDA:430,34,1,0
BRDA:430,34,2,0
BRDA:432,35,0,0
BRDA:432,35,1,0
BRDA:441,36,0,0
BRDA:441,36,1,0
BRDA:441,36,2,0
BRDA:443,37,0,0
BRDA:443,37,1,0
BRDA:446,38,0,0
BRDA:446,38,1,0
BRDA:460,39,0,0
BRDA:460,39,1,0
BRDA:462,40,0,0
BRDA:462,40,1,0
BRDA:479,41,0,0
BRDA:479,41,1,0
BRF:86
BRH:0
end_of_record
TN:
SF:src/renderer/pages/StudentsPage.jsx
FN:13,StudentsPage
FN:37,(anonymous_1)
FN:51,(anonymous_2)
FN:58,(anonymous_3)
FN:63,(anonymous_4)
FN:74,(anonymous_5)
FN:79,(anonymous_6)
FN:90,(anonymous_7)
FN:95,(anonymous_8)
FN:113,(anonymous_9)
FN:118,(anonymous_10)
FN:123,(anonymous_11)
FN:139,(anonymous_12)
FN:144,(anonymous_13)
FN:149,(anonymous_14)
FN:154,(anonymous_15)
FN:166,(anonymous_16)
FN:177,(anonymous_17)
FN:182,(anonymous_18)
FN:187,(anonymous_19)
FN:194,(anonymous_20)
FN:206,(anonymous_21)
FN:218,(anonymous_22)
FN:228,(anonymous_23)
FN:239,(anonymous_24)
FN:246,(anonymous_25)
FN:257,(anonymous_26)
FN:264,(anonymous_27)
FN:288,(anonymous_28)
FN:300,(anonymous_29)
FN:307,(anonymous_30)
FN:314,(anonymous_31)
FN:354,(anonymous_32)
FNF:33
FNH:0
FNDA:0,StudentsPage
FNDA:0,(anonymous_1)
FNDA:0,(anonymous_2)
FNDA:0,(anonymous_3)
FNDA:0,(anonymous_4)
FNDA:0,(anonymous_5)
FNDA:0,(anonymous_6)
FNDA:0,(anonymous_7)
FNDA:0,(anonymous_8)
FNDA:0,(anonymous_9)
FNDA:0,(anonymous_10)
FNDA:0,(anonymous_11)
FNDA:0,(anonymous_12)
FNDA:0,(anonymous_13)
FNDA:0,(anonymous_14)
FNDA:0,(anonymous_15)
FNDA:0,(anonymous_16)
FNDA:0,(anonymous_17)
FNDA:0,(anonymous_18)
FNDA:0,(anonymous_19)
FNDA:0,(anonymous_20)
FNDA:0,(anonymous_21)
FNDA:0,(anonymous_22)
FNDA:0,(anonymous_23)
FNDA:0,(anonymous_24)
FNDA:0,(anonymous_25)
FNDA:0,(anonymous_26)
FNDA:0,(anonymous_27)
FNDA:0,(anonymous_28)
FNDA:0,(anonymous_29)
FNDA:0,(anonymous_30)
FNDA:0,(anonymous_31)
FNDA:0,(anonymous_32)
DA:14,0
DA:17,0
DA:18,0
DA:19,0
DA:20,0
DA:21,0
DA:22,0
DA:23,0
DA:24,0
DA:25,0
DA:26,0
DA:27,0
DA:28,0
DA:31,0
DA:32,0
DA:33,0
DA:34,0
DA:35,0
DA:37,0
DA:38,0
DA:39,0
DA:40,0
DA:41,0
DA:42,0
DA:44,0
DA:45,0
DA:47,0
DA:51,0
DA:52,0
DA:53,0
DA:58,0
DA:59,0
DA:60,0
DA:63,0
DA:64,0
DA:65,0
DA:66,0
DA:67,0
DA:69,0
DA:70,0
DA:74,0
DA:75,0
DA:76,0
DA:79,0
DA:80,0
DA:81,0
DA:82,0
DA:83,0
DA:85,0
DA:86,0
DA:90,0
DA:91,0
DA:92,0
DA:95,0
DA:96,0
DA:97,0
DA:98,0
DA:99,0
DA:101,0
DA:102,0
DA:104,0
DA:105,0
DA:107,0
DA:108,0
DA:109,0
DA:113,0
DA:114,0
DA:115,0
DA:118,0
DA:119,0
DA:120,0
DA:123,0
DA:124,0
DA:126,0
DA:127,0
DA:128,0
DA:129,0
DA:131,0
DA:132,0
DA:134,0
DA:139,0
DA:140,0
DA:141,0
DA:144,0
DA:145,0
DA:146,0
DA:149,0
DA:150,0
DA:151,0
DA:154,0
DA:155,0
DA:157,0
DA:158,0
DA:159,0
DA:161,0
DA:162,0
DA:165,0
DA:166,0
DA:167,0
DA:169,0
DA:172,0
DA:173,0
DA:177,0
DA:178,0
DA:179,0
DA:182,0
DA:183,0
DA:184,0
DA:187,0
DA:188,0
DA:190,0
DA:191,0
DA:192,0
DA:193,0
DA:194,0
DA:196,0
DA:199,0
DA:200,0
DA:202,0
DA:206,0
DA:207,0
DA:208,0
DA:209,0
DA:210,0
DA:211,0
DA:212,0
DA:213,0
DA:215,0
DA:218,0
DA:219,0
DA:220,0
DA:221,0
DA:228,0
DA:229,0
DA:239,0
DA:246,0
DA:257,0
DA:264,0
DA:289,0
DA:300,0
DA:307,0
DA:314,0
DA:336,0
DA:354,0
LF:144
LH:0
BRDA:52,0,0,0
BRDA:52,0,1,0
BRDA:97,1,0,0
BRDA:97,1,1,0
BRDA:124,2,0,0
BRDA:124,2,1,0
BRDA:157,3,0,0
BRDA:157,3,1,0
BRDA:159,4,0,0
BRDA:159,4,1,0
BRDA:162,5,0,0
BRDA:162,5,1,0
BRDA:165,6,0,0
BRDA:165,6,1,0
BRDA:173,7,0,0
BRDA:173,7,1,0
BRDA:188,8,0,0
BRDA:188,8,1,0
BRDA:192,9,0,0
BRDA:192,9,1,0
BRDA:207,10,0,0
BRDA:207,10,1,0
BRDA:212,11,0,0
BRDA:212,11,1,0
BRDA:212,12,0,0
BRDA:212,12,1,0
BRDA:212,12,2,0
BRDA:222,13,0,0
BRDA:222,13,1,0
BRDA:223,14,0,0
BRDA:223,14,1,0
BRDA:269,15,0,0
BRDA:269,15,1,0
BRDA:287,16,0,0
BRDA:287,16,1,0
BRDA:293,17,0,0
BRDA:293,17,1,0
BRDA:324,18,0,0
BRDA:324,18,1,0
BRDA:324,19,0,0
BRDA:324,19,1,0
BRDA:324,19,2,0
BRDA:324,19,3,0
BRDA:340,20,0,0
BRDA:340,20,1,0
BRDA:345,21,0,0
BRDA:345,21,1,0
BRF:47
BRH:0
end_of_record
TN:
SF:src/renderer/pages/TeachersPage.jsx
FN:11,TeachersPage
FN:24,(anonymous_1)
FN:38,(anonymous_2)
FN:42,(anonymous_3)
FN:47,(anonymous_4)
FN:58,(anonymous_5)
FN:63,(anonymous_6)
FN:74,(anonymous_7)
FN:79,(anonymous_8)
FN:97,(anonymous_9)
FN:102,(anonymous_10)
FN:134,(anonymous_11)
FN:141,(anonymous_12)
FN:152,(anonymous_13)
FN:175,(anonymous_14)
FN:186,(anonymous_15)
FN:193,(anonymous_16)
FN:200,(anonymous_17)
FN:232,(anonymous_18)
FNF:19
FNH:0
FNDA:0,TeachersPage
FNDA:0,(anonymous_1)
FNDA:0,(anonymous_2)
FNDA:0,(anonymous_3)
FNDA:0,(anonymous_4)
FNDA:0,(anonymous_5)
FNDA:0,(anonymous_6)
FNDA:0,(anonymous_7)
FNDA:0,(anonymous_8)
FNDA:0,(anonymous_9)
FNDA:0,(anonymous_10)
FNDA:0,(anonymous_11)
FNDA:0,(anonymous_12)
FNDA:0,(anonymous_13)
FNDA:0,(anonymous_14)
FNDA:0,(anonymous_15)
FNDA:0,(anonymous_16)
FNDA:0,(anonymous_17)
FNDA:0,(anonymous_18)
DA:12,0
DA:13,0
DA:14,0
DA:15,0
DA:16,0
DA:17,0
DA:18,0
DA:19,0
DA:20,0
DA:21,0
DA:22,0
DA:24,0
DA:25,0
DA:26,0
DA:27,0
DA:28,0
DA:29,0
DA:31,0
DA:32,0
DA:34,0
DA:38,0
DA:39,0
DA:42,0
DA:43,0
DA:44,0
DA:47,0
DA:48,0
DA:49,0
DA:50,0
DA:51,0
DA:53,0
DA:54,0
DA:58,0
DA:59,0
DA:60,0
DA:63,0
DA:64,0
DA:65,0
DA:66,0
DA:67,0
DA:69,0
DA:70,0
DA:74,0
DA:75,0
DA:76,0
DA:79,0
DA:80,0
DA:81,0
DA:82,0
DA:83,0
DA:85,0
DA:86,0
DA:88,0
DA:89,0
DA:91,0
DA:92,0
DA:93,0
DA:97,0
DA:98,0
DA:99,0
DA:102,0
DA:103,0
DA:104,0
DA:105,0
DA:106,0
DA:107,0
DA:109,0
DA:110,0
DA:112,0
DA:113,0
DA:117,0
DA:134,0
DA:141,0
DA:152,0
DA:176,0
DA:186,0
DA:193,0
DA:200,0
DA:232,0
LF:79
LH:0
BRDA:81,0,0,0
BRDA:81,0,1,0
BRDA:103,1,0,0
BRDA:103,1,1,0
BRDA:157,2,0,0
BRDA:157,2,1,0
BRDA:174,3,0,0
BRDA:174,3,1,0
BRDA:180,4,0,0
BRDA:180,4,1,0
BRDA:181,5,0,0
BRDA:181,5,1,0
BRDA:210,6,0,0
BRDA:210,6,1,0
BRDA:210,7,0,0
BRDA:210,7,1,0
BRDA:210,7,2,0
BRF:17
BRH:0
end_of_record
TN:
SF:src/renderer/pages/UsersPage.jsx
FN:9,UsersPage
FN:17,(anonymous_1)
FN:30,(anonymous_2)
FN:34,(anonymous_3)
FN:40,(anonymous_4)
FN:45,(anonymous_5)
FN:56,(anonymous_6)
FN:61,(anonymous_7)
FN:117,(anonymous_8)
FN:135,(anonymous_9)
FN:142,(anonymous_10)
FN:161,(anonymous_11)
FN:167,(anonymous_12)
FNF:13
FNH:10
FNDA:18,UsersPage
FNDA:8,(anonymous_1)
FNDA:7,(anonymous_2)
FNDA:0,(anonymous_3)
FNDA:1,(anonymous_4)
FNDA:1,(anonymous_5)
FNDA:2,(anonymous_6)
FNDA:1,(anonymous_7)
FNDA:20,(anonymous_8)
FNDA:1,(anonymous_9)
FNDA:2,(anonymous_10)
FNDA:0,(anonymous_11)
FNDA:0,(anonymous_12)
DA:10,18
DA:11,18
DA:12,18
DA:13,18
DA:14,18
DA:15,18
DA:17,18
DA:18,8
DA:19,8
DA:20,8
DA:21,8
DA:23,0
DA:24,0
DA:26,8
DA:30,18
DA:31,7
DA:34,18
DA:35,0
DA:36,0
DA:37,0
DA:40,18
DA:41,1
DA:42,1
DA:45,18
DA:46,1
DA:47,1
DA:48,1
DA:49,1
DA:51,0
DA:52,0
DA:56,18
DA:57,2
DA:58,2
DA:61,18
DA:62,1
DA:63,1
DA:64,1
DA:65,1
DA:66,1
DA:68,0
DA:69,0
DA:71,1
DA:72,1
DA:76,18
DA:83,18
DA:87,18
DA:89,18
DA:118,20
DA:135,1
DA:142,2
DA:161,0
DA:167,0
LF:52
LH:41
BRDA:62,0,0,0
BRDA:62,0,1,1
BRDA:98,1,0,7
BRDA:98,1,1,11
BRDA:116,2,0,10
BRDA:116,2,1,1
BRDA:121,3,0,20
BRDA:121,3,1,0
BRDA:121,4,0,20
BRDA:121,4,1,0
BRDA:124,5,0,20
BRDA:124,5,1,0
BRF:12
BRH:8
end_of_record
TN:
SF:src/renderer/styles/AboutPage.css
FNF:0
FNH:0
DA:1,1
LF:1
LH:1
BRF:0
BRH:0
end_of_record
TN:
SF:src/renderer/styles/AttendancePage.css
FNF:0
FNH:0
DA:1,1
LF:1
LH:1
BRF:0
BRH:0
end_of_record
TN:
SF:src/renderer/styles/EnrollmentModal.css
FNF:0
FNH:0
DA:1,1
LF:1
LH:1
BRF:0
BRH:0
end_of_record
TN:
SF:src/renderer/styles/ExportsPage.css
FNF:0
FNH:0
DA:1,1
LF:1
LH:1
BRF:0
BRH:0
end_of_record
TN:
SF:src/renderer/styles/LoginPage.css
FNF:0
FNH:0
DA:1,1
LF:1
LH:1
BRF:0
BRH:0
end_of_record
TN:
SF:src/renderer/styles/StudentsPage.css
FNF:0
FNH:0
DA:1,2
LF:1
LH:1
BRF:0
BRH:0
end_of_record
TN:
SF:src/renderer/utils/donationCategories.js
FN:9,(anonymous_0)
FN:10,(anonymous_1)
FNF:2
FNH:0
FNDA:0,(anonymous_0)
FNDA:0,(anonymous_1)
DA:1,1
DA:9,1
DA:10,0
DA:11,0
LF:4
LH:2
BRDA:11,0,0,0
BRDA:11,0,1,0
BRF:2
BRH:0
end_of_record
TN:
SF:src/renderer/utils/logger.js
FN:4,(anonymous_0)
FN:13,(anonymous_1)
FN:19,(anonymous_2)
FN:25,(anonymous_3)
FNF:4
FNH:1
FNDA:2,(anonymous_0)
FNDA:0,(anonymous_1)
FNDA:0,(anonymous_2)
FNDA:0,(anonymous_3)
DA:1,2
DA:4,2
DA:5,2
DA:13,2
DA:14,0
DA:15,0
DA:19,2
DA:20,0
DA:21,0
DA:25,2
DA:27,0
LF:11
LH:6
BRDA:14,0,0,0
BRDA:14,0,1,0
BRDA:20,1,0,0
BRDA:20,1,1,0
BRF:4
BRH:0
end_of_record
TN:
SF:src/renderer/utils/paymentMethods.js
FN:8,(anonymous_0)
FN:9,(anonymous_1)
FNF:2
FNH:0
FNDA:0,(anonymous_0)
FNDA:0,(anonymous_1)
DA:1,1
DA:8,1
DA:9,0
DA:10,0
LF:4
LH:2
BRDA:10,0,0,0
BRDA:10,0,1,0
BRF:2
BRH:0
end_of_record
TN:
SF:src/renderer/utils/toast.js
FN:41,(anonymous_0)
FN:53,(anonymous_1)
FN:65,(anonymous_2)
FN:77,(anonymous_3)
FNF:4
FNH:4
FNDA:1,(anonymous_0)
FNDA:1,(anonymous_1)
FNDA:1,(anonymous_2)
FNDA:1,(anonymous_3)
DA:22,1
DA:41,1
DA:42,1
DA:53,1
DA:54,1
DA:65,1
DA:66,1
DA:77,1
DA:78,1
LF:9
LH:9
BRF:0
BRH:0
end_of_record
TN:
SF:tests/mocks/bcryptjs.js
FN:2,(anonymous_0)
FNF:1
FNH:0
FNDA:0,(anonymous_0)
DA:1,8
DA:2,0
LF:2
LH:1
BRF:0
BRH:0
end_of_record
TN:
SF:tests/mocks/db.js
FN:8,(anonymous_0)
FN:12,(anonymous_1)
FN:16,(anonymous_2)
FN:20,(anonymous_3)
FN:21,(anonymous_4)
FN:22,(anonymous_5)
FN:23,(anonymous_6)
FN:24,(anonymous_7)
FN:25,(anonymous_8)
FN:27,(anonymous_9)
FNF:10
FNH:5
FNDA:1,(anonymous_0)
FNDA:0,(anonymous_1)
FNDA:1,(anonymous_2)
FNDA:2,(anonymous_3)
FNDA:0,(anonymous_4)
FNDA:1,(anonymous_5)
FNDA:3,(anonymous_6)
FNDA:0,(anonymous_7)
FNDA:0,(anonymous_8)
FNDA:0,(anonymous_9)
DA:2,19
DA:4,19
DA:5,19
DA:7,19
DA:9,1
DA:10,1
DA:13,0
DA:14,0
DA:17,1
DA:18,1
DA:20,2
DA:21,0
DA:22,1
DA:23,3
DA:24,0
DA:25,0
DA:27,0
LF:17
LH:11
BRF:0
BRH:0
end_of_record
TN:
SF:tests/mocks/electron-store.js
FN:7,(anonymous_0)
FN:8,(anonymous_1)
FN:9,(anonymous_2)
FN:10,(anonymous_3)
FN:14,(anonymous_4)
FNF:5
FNH:2
FNDA:0,(anonymous_0)
FNDA:3,(anonymous_1)
FNDA:0,(anonymous_2)
FNDA:0,(anonymous_3)
FNDA:29,(anonymous_4)
DA:3,13
DA:6,13
DA:7,0
DA:8,3
DA:9,0
DA:10,0
DA:16,29
DA:21,13
DA:22,13
DA:23,13
LF:10
LH:7
BRF:0
BRH:0
end_of_record
TN:
SF:tests/mocks/electron.js
FN:4,(anonymous_0)
FN:7,(anonymous_1)
FN:16,(anonymous_2)
FN:31,(anonymous_3)
FNF:4
FNH:2
FNDA:42,(anonymous_0)
FNDA:23,(anonymous_1)
FNDA:0,(anonymous_2)
FNDA:0,(anonymous_3)
DA:1,16
DA:5,42
DA:8,23
DA:9,23
DA:11,23
DA:13,0
DA:17,0
DA:18,0
DA:22,16
DA:31,16
DA:41,16
DA:43,16
DA:48,16
DA:52,16
DA:56,16
LF:15
LH:12
BRDA:9,0,0,23
BRDA:9,0,1,0
BRF:2
BRH:1
end_of_record
TN:
SF:tests/mocks/exceljs.js
FN:6,(anonymous_0)
FN:9,(anonymous_1)
FN:19,(anonymous_2)
FN:20,(anonymous_3)
FN:27,(anonymous_4)
FNF:5
FNH:0
FNDA:0,(anonymous_0)
FNDA:0,(anonymous_1)
FNDA:0,(anonymous_2)
FNDA:0,(anonymous_3)
FNDA:0,(anonymous_4)
DA:1,8
DA:6,0
DA:9,0
DA:18,8
DA:19,0
DA:20,0
DA:28,0
DA:32,8
LF:8
LH:3
BRF:0
BRH:0
end_of_record
TN:
SF:tests/mocks/fs.js
FN:34,(anonymous_0)
FN:44,(anonymous_1)
FNF:2
FNH:1
FNDA:0,(anonymous_0)
FNDA:2,(anonymous_1)
DA:1,24
DA:34,24
DA:35,0
DA:36,0
DA:40,24
DA:41,24
DA:42,24
DA:43,24
DA:44,24
DA:45,24
DA:47,24
LF:11
LH:9
BRDA:35,0,0,0
BRDA:35,0,1,0
BRF:2
BRH:0
end_of_record
TN:
SF:tests/mocks/joi.js
FN:38,(anonymous_0)
FN:47,(anonymous_1)
FN:48,(anonymous_2)
FN:49,(anonymous_3)
FN:50,(anonymous_4)
FN:51,(anonymous_5)
FN:52,(anonymous_6)
FN:53,(anonymous_7)
FN:54,(anonymous_8)
FN:55,(anonymous_9)
FN:56,(anonymous_10)
FN:58,(anonymous_11)
FN:61,(anonymous_12)
FNF:13
FNH:12
FNDA:5,(anonymous_0)
FNDA:133,(anonymous_1)
FNDA:202,(anonymous_2)
FNDA:32,(anonymous_3)
FNDA:20,(anonymous_4)
FNDA:24,(anonymous_5)
FNDA:0,(anonymous_6)
FNDA:5,(anonymous_7)
FNDA:4,(anonymous_8)
FNDA:1,(anonymous_9)
FNDA:1,(anonymous_10)
FNDA:5,(anonymous_11)
FNDA:120,(anonymous_12)
DA:1,12
DA:6,12
DA:38,5
DA:46,12
DA:47,133
DA:48,202
DA:49,32
DA:50,20
DA:51,24
DA:52,0
DA:53,5
DA:54,4
DA:55,1
DA:56,1
DA:58,5
DA:62,120
DA:63,120
LF:17
LH:16
BRF:0
BRH:0
end_of_record
TN:
SF:tests/mocks/pizzip.js
FN:2,(anonymous_0)
FN:11,(anonymous_1)
FN:20,(anonymous_2)
FN:25,(anonymous_3)
FNF:4
FNH:3
FNDA:2,(anonymous_0)
FNDA:2,(anonymous_1)
FNDA:0,(anonymous_2)
FNDA:7,(anonymous_3)
DA:1,14
DA:2,14
DA:4,14
DA:9,14
DA:11,14
DA:12,2
DA:13,0
DA:15,2
DA:19,14
DA:20,14
DA:21,0
DA:25,14
DA:26,7
DA:27,7
DA:28,7
DA:30,7
DA:31,7
DA:34,14
LF:18
LH:16
BRDA:12,0,0,0
BRDA:12,0,1,2
BRF:2
BRH:1
end_of_record
TN:
SF:tests/mocks/sqlite3.js
FN:6,(anonymous_0)
FN:7,(anonymous_1)
FNF:2
FNH:1
FNDA:0,(anonymous_0)
FNDA:19,(anonymous_1)
DA:5,19
DA:6,0
DA:7,19
DA:16,19
LF:4
LH:3
BRF:0
BRH:0
end_of_record
